2025-07-15 22:16:15 [INFO]: Server is running at http://localhost:3000 
2025-07-15 22:16:15 [INFO]: Server is running on Port:3000 
2025-07-15 22:16:15 [INFO]: Successfully connected to MongoDB 
2025-07-15 22:17:23 [INFO]: Server is running at http://localhost:3000 
2025-07-15 22:17:23 [INFO]: Server is running on Port:3000 
2025-07-15 22:17:23 [INFO]: Successfully connected to MongoDB 
2025-07-15 22:19:21 [INFO]: Server is running at http://localhost:3000 
2025-07-15 22:19:21 [INFO]: Server is running on Port:3000 
2025-07-15 22:19:21 [INFO]: Successfully connected to MongoDB 
2025-07-15 22:22:28 [INFO]: Server is running at http://localhost:3000 
2025-07-15 22:22:28 [INFO]: Server is running on Port:3000 
2025-07-15 22:22:28 [INFO]: Successfully connected to MongoDB 
2025-07-15 22:22:50 [INFO]: Server is running at http://localhost:3000 
2025-07-15 22:22:51 [INFO]: Server is running on Port:3000 
2025-07-15 22:22:51 [INFO]: Successfully connected to MongoDB 
2025-07-15 22:23:17 [INFO]: Server is running at http://localhost:3000 
2025-07-15 22:23:17 [INFO]: Server is running on Port:3000 
2025-07-15 22:23:17 [INFO]: Successfully connected to MongoDB 
2025-07-15 22:23:56 [INFO]: Server is running at http://localhost:3000 
2025-07-15 22:23:56 [INFO]: Server is running on Port:3000 
2025-07-15 22:23:56 [INFO]: Successfully connected to MongoDB 
2025-07-15 22:38:19 [INFO]: Approved degrees fetched successfully {"query":{"status":"Approved","serialNumber":"C00691092"},"count":1}
2025-07-15 22:38:26 [INFO]: Approved degree fetched successfully {"id":"68746422d58a830913741708"}
2025-07-15 22:49:36 [INFO]: Approved degrees fetched successfully {"query":{"status":"Approved","serialNumber":"C00691092"},"count":1}
2025-07-15 23:10:07 [INFO]: Approved degrees fetched successfully {"query":{"status":"Approved","serialNumber":"C00691092"},"count":1}
2025-07-15 23:10:26 [INFO]: Approved degree fetched successfully {"id":"68746422d58a830913741708"}
2025-07-15 23:10:44 [INFO]: Approved degree fetched successfully {"id":"68746422d58a830913741708"}
2025-07-15 23:10:44 [INFO]: Approved degree fetched successfully {"id":"68746422d58a830913741708"}
2025-07-15 23:11:30 [INFO]: Approved degrees fetched successfully {"query":{"status":"Approved","serialNumber":"C00691092"},"count":1}
2025-07-15 23:12:25 [INFO]: Approved degree fetched successfully {"id":"68746422d58a830913741708"}
2025-07-15 23:26:06 [INFO]: Approved degrees fetched successfully {"query":{"status":"Approved","serialNumber":"C00691092"},"count":1}
2025-07-15 23:26:26 [INFO]: Approved degree fetched successfully {"id":"68746422d58a830913741708"}
2025-07-15 23:26:32 [INFO]: Approved degree fetched successfully {"id":"68746422d58a830913741708"}
2025-07-15 23:26:47 [INFO]: Approved degree fetched successfully {"id":"68746422d58a830913741708"}
2025-07-15 23:30:30 [INFO]: Approved degrees fetched successfully {"query":{"status":"Approved","registryNumber":"7955/2023"},"count":1}
2025-07-15 23:30:34 [INFO]: Approved degree fetched successfully {"id":"68746422d58a830913741708"}
2025-07-15 23:30:39 [INFO]: Approved degree fetched successfully {"id":"68746422d58a830913741708"}
