2025-07-10 21:41:08 [INFO]: Server is running at http://localhost:3000 
2025-07-10 21:41:08 [INFO]: Server is running on Port:3000 
2025-07-10 21:41:08 [INFO]: Successfully connected to MongoDB 
2025-07-10 21:43:25 [INFO]: Server is running at http://localhost:3000 
2025-07-10 21:43:25 [INFO]: Server is running on Port:3000 
2025-07-10 21:43:25 [INFO]: Successfully connected to MongoDB 
2025-07-10 21:44:36 [INFO]: Server is running at http://localhost:3000 
2025-07-10 21:44:36 [INFO]: Server is running on Port:3000 
2025-07-10 21:44:36 [INFO]: Successfully connected to MongoDB 
2025-07-10 22:06:19 [INFO]: Server is running at http://localhost:3000 
2025-07-10 22:06:19 [INFO]: Server is running on Port:3000 
2025-07-10 22:06:19 [INFO]: Successfully connected to MongoDB 
2025-07-10 22:09:56 [INFO]: Server is running at http://localhost:3000 
2025-07-10 22:09:56 [INFO]: Server is running on Port:3000 
2025-07-10 22:09:56 [INFO]: Successfully connected to MongoDB 
2025-07-10 22:12:38 [INFO]: Server is running at http://localhost:3000 
2025-07-10 22:12:38 [INFO]: Server is running on Port:3000 
2025-07-10 22:12:38 [INFO]: Successfully connected to MongoDB 
2025-07-10 22:15:21 [INFO]: Server is running at http://localhost:3000 
2025-07-10 22:15:21 [INFO]: Server is running on Port:3000 
2025-07-10 22:15:21 [INFO]: Successfully connected to MongoDB 
2025-07-10 22:15:33 [INFO]: Server is running at http://localhost:3000 
2025-07-10 22:15:33 [INFO]: Server is running on Port:3000 
2025-07-10 22:15:33 [INFO]: Successfully connected to MongoDB 
2025-07-10 22:16:52 [INFO]: Server is running at http://localhost:3000 
2025-07-10 22:16:52 [INFO]: Server is running on Port:3000 
2025-07-10 22:16:52 [INFO]: Successfully connected to MongoDB 
2025-07-10 22:19:48 [INFO]: Server is running at http://localhost:3000 
2025-07-10 22:19:48 [INFO]: Server is running on Port:3000 
2025-07-10 22:19:49 [INFO]: Successfully connected to MongoDB 
2025-07-10 22:21:29 [INFO]: Server is running at http://localhost:3000 
2025-07-10 22:21:29 [INFO]: Server is running on Port:3000 
2025-07-10 22:21:29 [INFO]: Successfully connected to MongoDB 
2025-07-10 22:21:36 [INFO]: Server is running at http://localhost:3000 
2025-07-10 22:21:36 [INFO]: Server is running on Port:3000 
2025-07-10 22:21:36 [INFO]: Successfully connected to MongoDB 
2025-07-10 22:22:42 [INFO]: Server is running at http://localhost:3000 
2025-07-10 22:22:42 [INFO]: Server is running on Port:3000 
2025-07-10 22:22:42 [INFO]: Successfully connected to MongoDB 
2025-07-10 22:24:09 [INFO]: Server is running at http://localhost:3000 
2025-07-10 22:24:09 [INFO]: Server is running on Port:3000 
2025-07-10 22:24:09 [INFO]: Successfully connected to MongoDB 
2025-07-10 22:25:25 [INFO]: Server is running at http://localhost:3000 
2025-07-10 22:25:25 [INFO]: Server is running on Port:3000 
2025-07-10 22:25:25 [INFO]: Successfully connected to MongoDB 
2025-07-10 22:27:19 [INFO]: Server is running at http://localhost:3000 
2025-07-10 22:27:19 [INFO]: Server is running on Port:3000 
2025-07-10 22:27:19 [INFO]: Successfully connected to MongoDB 
2025-07-10 22:30:27 [INFO]: Server is running at http://localhost:3000 
2025-07-10 22:30:27 [INFO]: Server is running on Port:3000 
2025-07-10 22:30:27 [INFO]: Successfully connected to MongoDB 
2025-07-10 22:32:18 [INFO]: Server is running at http://localhost:3000 
2025-07-10 22:32:18 [INFO]: Server is running on Port:3000 
2025-07-10 22:32:18 [INFO]: Successfully connected to MongoDB 
2025-07-10 22:32:33 [INFO]: Server is running at http://localhost:3000 
2025-07-10 22:32:33 [INFO]: Server is running on Port:3000 
2025-07-10 22:32:33 [INFO]: Successfully connected to MongoDB 
2025-07-10 22:41:08 [INFO]: Server is running at http://localhost:3000 
2025-07-10 22:41:08 [INFO]: Server is running on Port:3000 
2025-07-10 22:41:08 [INFO]: Successfully connected to MongoDB 
2025-07-10 22:45:19 [INFO]: Server is running at http://localhost:3000 
2025-07-10 22:45:19 [INFO]: Server is running on Port:3000 
2025-07-10 22:45:19 [INFO]: Successfully connected to MongoDB 
2025-07-10 22:49:36 [INFO]: Server is running at http://localhost:3000 
2025-07-10 22:49:36 [INFO]: Server is running on Port:3000 
2025-07-10 22:49:36 [INFO]: Successfully connected to MongoDB 
2025-07-10 22:49:41 [INFO]: Server is running at http://localhost:3000 
2025-07-10 22:49:41 [INFO]: Server is running on Port:3000 
2025-07-10 22:49:41 [INFO]: Successfully connected to MongoDB 
2025-07-10 22:50:01 [INFO]: Server is running at http://localhost:3000 
2025-07-10 22:50:01 [INFO]: Server is running on Port:3000 
2025-07-10 22:50:01 [INFO]: Successfully connected to MongoDB 
2025-07-10 22:50:53 [INFO]: Server is running at http://localhost:3000 
2025-07-10 22:50:53 [INFO]: Server is running on Port:3000 
2025-07-10 22:50:53 [INFO]: Successfully connected to MongoDB 
2025-07-10 22:51:00 [INFO]: Server is running at http://localhost:3000 
2025-07-10 22:51:00 [INFO]: Server is running on Port:3000 
2025-07-10 22:51:00 [INFO]: Successfully connected to MongoDB 
2025-07-10 22:52:23 [INFO]: Server is running at http://localhost:3000 
2025-07-10 22:52:23 [INFO]: Server is running on Port:3000 
2025-07-10 22:52:23 [INFO]: Successfully connected to MongoDB 
2025-07-10 22:52:41 [INFO]: Server is running at http://localhost:3000 
2025-07-10 22:52:41 [INFO]: Server is running on Port:3000 
2025-07-10 22:52:42 [INFO]: Successfully connected to MongoDB 
2025-07-10 22:53:56 [INFO]: Server is running at http://localhost:3000 
2025-07-10 22:53:56 [INFO]: Server is running on Port:3000 
2025-07-10 22:53:56 [INFO]: Successfully connected to MongoDB 
2025-07-10 22:55:17 [ERROR]: Error requesting password reset for email: huynhdang23.77@gmail.com {"error":{}}
2025-07-10 22:55:17 [ERROR]: Error requesting password reset: This account uses Google login. Please use Google login! {"error":{}}
2025-07-10 22:55:50 [INFO]: Server is running at http://localhost:3000 
2025-07-10 22:55:50 [INFO]: Server is running on Port:3000 
2025-07-10 22:55:50 [INFO]: Successfully connected to MongoDB 
2025-07-10 22:57:24 [INFO]: User logged in successfully {"email":"test@gmail.com","role":"manager"}
2025-07-10 22:57:24 [INFO]: Account information retrieved {"email":"test@gmail.com"}
2025-07-10 22:57:40 [INFO]: User logged out successfully {"email":"test@gmail.com"}
2025-07-10 22:57:51 [INFO]: Google login successful {"email":"huynhdang23.77@gmail.com","role":"manager"}
2025-07-10 22:57:51 [INFO]: Account information retrieved {"email":"huynhdang23.77@gmail.com"}
