2025-07-09 11:42:01 [INFO]: Server is running at http://localhost:3000 
2025-07-09 11:42:01 [INFO]: Server is running on Port:3000 
2025-07-09 11:42:01 [INFO]: Successfully connected to MongoDB 
2025-07-09 11:42:50 [INFO]: Server is running at http://localhost:3000 
2025-07-09 11:42:50 [INFO]: Server is running on Port:3000 
2025-07-09 11:42:50 [INFO]: Successfully connected to MongoDB 
2025-07-09 11:43:15 [INFO]: Server is running at http://localhost:3000 
2025-07-09 11:43:15 [INFO]: Server is running on Port:3000 
2025-07-09 11:43:15 [INFO]: Successfully connected to MongoDB 
2025-07-09 11:43:28 [INFO]: Server is running at http://localhost:3000 
2025-07-09 11:43:28 [INFO]: Server is running on Port:3000 
2025-07-09 11:43:28 [INFO]: Successfully connected to MongoDB 
2025-07-09 11:43:33 [INFO]: Server is running at http://localhost:3000 
2025-07-09 11:43:33 [INFO]: Server is running on Port:3000 
2025-07-09 11:43:33 [INFO]: Successfully connected to MongoDB 
2025-07-09 11:45:20 [INFO]: User logged in successfully {"email":"test@gmail.com","role":"manager"}
2025-07-09 11:45:20 [INFO]: Account information retrieved {"email":"test@gmail.com"}
2025-07-09 11:45:24 [WARN]: Access token missing or malformed 
2025-07-09 11:45:24 [WARN]: Access token missing or malformed 
2025-07-09 11:45:24 [WARN]: Access token missing or malformed 
2025-07-09 11:45:24 [WARN]: Access token missing or malformed 
2025-07-09 11:45:24 [WARN]: Access token missing or malformed 
2025-07-09 11:45:24 [WARN]: Access token missing or malformed 
2025-07-09 11:45:24 [WARN]: Access token missing or malformed 
2025-07-09 11:45:24 [WARN]: Access token missing or malformed 
2025-07-09 11:45:24 [WARN]: Access token missing or malformed 
2025-07-09 11:45:24 [WARN]: Access token missing or malformed 
2025-07-09 11:45:24 [WARN]: Access token missing or malformed 
2025-07-09 11:45:24 [WARN]: Access token missing or malformed 
2025-07-09 11:45:24 [WARN]: Access token missing or malformed 
2025-07-09 11:45:24 [WARN]: Access token missing or malformed 
2025-07-09 11:45:24 [WARN]: Access token missing or malformed 
2025-07-09 11:45:24 [WARN]: Access token missing or malformed 
2025-07-09 11:45:24 [WARN]: Access token missing or malformed 
2025-07-09 11:45:24 [WARN]: Access token missing or malformed 
2025-07-09 11:45:24 [WARN]: Access token missing or malformed 
2025-07-09 11:45:24 [WARN]: Access token missing or malformed 
2025-07-09 11:45:24 [WARN]: Access token missing or malformed 
2025-07-09 11:45:24 [WARN]: Access token missing or malformed 
2025-07-09 11:45:24 [WARN]: Access token missing or malformed 
2025-07-09 11:45:24 [WARN]: Access token missing or malformed 
2025-07-09 11:45:24 [WARN]: Access token missing or malformed 
2025-07-09 11:45:24 [WARN]: Access token missing or malformed 
2025-07-09 11:45:24 [WARN]: Access token missing or malformed 
2025-07-09 11:45:24 [WARN]: Access token missing or malformed 
2025-07-09 11:45:24 [WARN]: Access token missing or malformed 
2025-07-09 11:45:24 [WARN]: Access token missing or malformed 
2025-07-09 11:45:24 [WARN]: Access token missing or malformed 
2025-07-09 11:45:24 [WARN]: Access token missing or malformed 
2025-07-09 11:45:24 [WARN]: Access token missing or malformed 
2025-07-09 11:45:24 [WARN]: Access token missing or malformed 
2025-07-09 11:45:24 [WARN]: Access token missing or malformed 
2025-07-09 11:45:24 [WARN]: Access token missing or malformed 
2025-07-09 11:45:24 [WARN]: Access token missing or malformed 
2025-07-09 11:45:24 [WARN]: Access token missing or malformed 
2025-07-09 11:45:24 [WARN]: Access token missing or malformed 
2025-07-09 11:45:24 [WARN]: Access token missing or malformed 
2025-07-09 11:45:24 [WARN]: Access token missing or malformed 
2025-07-09 11:45:24 [WARN]: Access token missing or malformed 
2025-07-09 11:45:24 [WARN]: Access token missing or malformed 
2025-07-09 11:45:24 [WARN]: Access token missing or malformed 
2025-07-09 11:45:24 [WARN]: Access token missing or malformed 
2025-07-09 11:45:24 [WARN]: Access token missing or malformed 
2025-07-09 11:45:24 [WARN]: Access token missing or malformed 
2025-07-09 11:45:24 [WARN]: Access token missing or malformed 
2025-07-09 11:45:24 [WARN]: Access token missing or malformed 
2025-07-09 11:45:24 [WARN]: Access token missing or malformed 
2025-07-09 11:45:24 [WARN]: Access token missing or malformed 
2025-07-09 11:45:24 [WARN]: Access token missing or malformed 
2025-07-09 11:45:24 [WARN]: Access token missing or malformed 
2025-07-09 11:45:24 [WARN]: Access token missing or malformed 
2025-07-09 11:45:24 [WARN]: Access token missing or malformed 
2025-07-09 11:45:24 [WARN]: Access token missing or malformed 
2025-07-09 11:45:24 [WARN]: Access token missing or malformed 
2025-07-09 11:45:24 [WARN]: Access token missing or malformed 
2025-07-09 11:45:24 [WARN]: Access token missing or malformed 
2025-07-09 11:45:24 [WARN]: Access token missing or malformed 
2025-07-09 11:45:24 [WARN]: Access token missing or malformed 
2025-07-09 11:45:24 [WARN]: Access token missing or malformed 
2025-07-09 11:45:24 [WARN]: Access token missing or malformed 
2025-07-09 11:45:24 [WARN]: Access token missing or malformed 
2025-07-09 11:45:24 [WARN]: Access token missing or malformed 
2025-07-09 11:45:24 [WARN]: Access token missing or malformed 
2025-07-09 11:45:24 [WARN]: Access token missing or malformed 
2025-07-09 11:45:24 [WARN]: Access token missing or malformed 
2025-07-09 11:45:24 [WARN]: Access token missing or malformed 
2025-07-09 11:45:24 [WARN]: Access token missing or malformed 
2025-07-09 11:45:24 [WARN]: Access token missing or malformed 
2025-07-09 11:45:24 [WARN]: Access token missing or malformed 
2025-07-09 11:45:24 [WARN]: Access token missing or malformed 
2025-07-09 11:45:24 [WARN]: Access token missing or malformed 
2025-07-09 11:45:24 [WARN]: Access token missing or malformed 
2025-07-09 11:45:24 [WARN]: Access token missing or malformed 
2025-07-09 11:45:24 [WARN]: Access token missing or malformed 
2025-07-09 11:45:24 [WARN]: Access token missing or malformed 
2025-07-09 11:45:24 [WARN]: Access token missing or malformed 
2025-07-09 11:45:24 [WARN]: Access token missing or malformed 
2025-07-09 11:45:24 [WARN]: Access token missing or malformed 
2025-07-09 11:45:24 [WARN]: Access token missing or malformed 
2025-07-09 11:45:24 [WARN]: Access token missing or malformed 
2025-07-09 11:45:24 [WARN]: Access token missing or malformed 
2025-07-09 11:45:24 [WARN]: Access token missing or malformed 
2025-07-09 11:45:24 [WARN]: Access token missing or malformed 
2025-07-09 11:45:24 [WARN]: Access token missing or malformed 
2025-07-09 11:45:24 [WARN]: Access token missing or malformed 
2025-07-09 11:45:24 [WARN]: Access token missing or malformed 
2025-07-09 11:45:24 [WARN]: Access token missing or malformed 
2025-07-09 11:45:24 [WARN]: Access token missing or malformed 
2025-07-09 11:45:24 [WARN]: Access token missing or malformed 
2025-07-09 11:45:24 [WARN]: Access token missing or malformed 
2025-07-09 11:45:24 [WARN]: Access token missing or malformed 
2025-07-09 11:45:24 [WARN]: Access token missing or malformed 
2025-07-09 11:45:24 [WARN]: Access token missing or malformed 
2025-07-09 11:45:24 [WARN]: Access token missing or malformed 
2025-07-09 11:45:24 [WARN]: Access token missing or malformed 
2025-07-09 11:45:24 [WARN]: Access token missing or malformed 
2025-07-09 11:45:24 [WARN]: Access token missing or malformed 
2025-07-09 11:45:24 [WARN]: Access token missing or malformed 
2025-07-09 11:45:24 [WARN]: Access token missing or malformed 
2025-07-09 11:45:24 [WARN]: Access token missing or malformed 
2025-07-09 11:45:25 [WARN]: Access token missing or malformed 
2025-07-09 11:45:25 [WARN]: Access token missing or malformed 
2025-07-09 11:45:25 [WARN]: Access token missing or malformed 
2025-07-09 11:45:25 [WARN]: Access token missing or malformed 
2025-07-09 11:45:25 [WARN]: Access token missing or malformed 
2025-07-09 11:45:25 [WARN]: Access token missing or malformed 
2025-07-09 11:45:25 [WARN]: Access token missing or malformed 
2025-07-09 11:45:25 [WARN]: Access token missing or malformed 
2025-07-09 11:45:25 [WARN]: Access token missing or malformed 
2025-07-09 11:45:25 [WARN]: Access token missing or malformed 
2025-07-09 11:45:25 [WARN]: Access token missing or malformed 
2025-07-09 11:45:25 [WARN]: Access token missing or malformed 
2025-07-09 11:45:25 [WARN]: Access token missing or malformed 
2025-07-09 11:45:25 [WARN]: Access token missing or malformed 
2025-07-09 11:45:25 [WARN]: Access token missing or malformed 
2025-07-09 11:45:25 [WARN]: Access token missing or malformed 
2025-07-09 11:45:25 [WARN]: Access token missing or malformed 
2025-07-09 11:45:25 [WARN]: Access token missing or malformed 
2025-07-09 11:45:25 [WARN]: Access token missing or malformed 
2025-07-09 11:45:25 [WARN]: Access token missing or malformed 
2025-07-09 11:45:25 [WARN]: Access token missing or malformed 
2025-07-09 11:45:25 [WARN]: Access token missing or malformed 
2025-07-09 11:45:25 [WARN]: Access token missing or malformed 
2025-07-09 11:45:25 [WARN]: Access token missing or malformed 
2025-07-09 11:45:25 [WARN]: Access token missing or malformed 
2025-07-09 11:45:25 [WARN]: Access token missing or malformed 
2025-07-09 11:45:25 [WARN]: Access token missing or malformed 
2025-07-09 11:45:25 [WARN]: Access token missing or malformed 
2025-07-09 11:45:25 [WARN]: Access token missing or malformed 
2025-07-09 11:45:25 [WARN]: Access token missing or malformed 
2025-07-09 11:45:25 [WARN]: Access token missing or malformed 
2025-07-09 11:45:25 [WARN]: Access token missing or malformed 
2025-07-09 11:45:25 [WARN]: Access token missing or malformed 
2025-07-09 11:45:25 [WARN]: Access token missing or malformed 
2025-07-09 11:45:25 [WARN]: Access token missing or malformed 
2025-07-09 11:45:25 [WARN]: Access token missing or malformed 
2025-07-09 11:45:25 [WARN]: Access token missing or malformed 
2025-07-09 11:45:25 [WARN]: Access token missing or malformed 
2025-07-09 11:45:25 [WARN]: Access token missing or malformed 
2025-07-09 11:45:25 [WARN]: Access token missing or malformed 
2025-07-09 11:45:25 [WARN]: Access token missing or malformed 
2025-07-09 11:45:25 [WARN]: Access token missing or malformed 
2025-07-09 11:45:25 [WARN]: Access token missing or malformed 
2025-07-09 11:45:25 [WARN]: Access token missing or malformed 
2025-07-09 11:45:25 [WARN]: Access token missing or malformed 
2025-07-09 11:45:25 [WARN]: Access token missing or malformed 
2025-07-09 11:45:25 [WARN]: Access token missing or malformed 
2025-07-09 11:45:25 [WARN]: Access token missing or malformed 
2025-07-09 11:45:25 [WARN]: Access token missing or malformed 
2025-07-09 11:45:25 [WARN]: Access token missing or malformed 
2025-07-09 11:45:25 [WARN]: Access token missing or malformed 
2025-07-09 11:45:25 [WARN]: Access token missing or malformed 
2025-07-09 11:45:25 [WARN]: Access token missing or malformed 
2025-07-09 11:45:25 [WARN]: Access token missing or malformed 
2025-07-09 11:45:25 [WARN]: Access token missing or malformed 
2025-07-09 11:45:25 [WARN]: Access token missing or malformed 
2025-07-09 11:45:25 [WARN]: Access token missing or malformed 
2025-07-09 11:45:25 [WARN]: Access token missing or malformed 
2025-07-09 11:45:25 [WARN]: Access token missing or malformed 
2025-07-09 11:45:25 [WARN]: Access token missing or malformed 
2025-07-09 11:45:25 [WARN]: Access token missing or malformed 
2025-07-09 11:45:25 [WARN]: Access token missing or malformed 
2025-07-09 11:45:25 [WARN]: Access token missing or malformed 
2025-07-09 11:45:25 [WARN]: Access token missing or malformed 
2025-07-09 11:45:25 [WARN]: Access token missing or malformed 
2025-07-09 11:45:25 [WARN]: Access token missing or malformed 
2025-07-09 11:45:25 [WARN]: Access token missing or malformed 
2025-07-09 11:45:25 [WARN]: Access token missing or malformed 
2025-07-09 11:45:25 [WARN]: Access token missing or malformed 
2025-07-09 11:45:25 [WARN]: Access token missing or malformed 
2025-07-09 11:45:25 [WARN]: Access token missing or malformed 
2025-07-09 11:45:25 [WARN]: Access token missing or malformed 
2025-07-09 11:45:25 [WARN]: Access token missing or malformed 
2025-07-09 11:45:25 [WARN]: Access token missing or malformed 
2025-07-09 11:45:25 [WARN]: Access token missing or malformed 
2025-07-09 11:45:25 [WARN]: Access token missing or malformed 
2025-07-09 11:45:25 [WARN]: Access token missing or malformed 
2025-07-09 11:45:25 [WARN]: Access token missing or malformed 
2025-07-09 11:45:25 [WARN]: Access token missing or malformed 
2025-07-09 11:45:25 [WARN]: Access token missing or malformed 
2025-07-09 11:45:25 [WARN]: Access token missing or malformed 
2025-07-09 11:45:25 [WARN]: Access token missing or malformed 
2025-07-09 11:45:25 [WARN]: Access token missing or malformed 
2025-07-09 11:45:25 [WARN]: Access token missing or malformed 
2025-07-09 11:45:25 [WARN]: Access token missing or malformed 
2025-07-09 11:45:25 [WARN]: Access token missing or malformed 
2025-07-09 11:45:25 [WARN]: Access token missing or malformed 
2025-07-09 11:45:25 [WARN]: Access token missing or malformed 
2025-07-09 11:45:25 [WARN]: Access token missing or malformed 
2025-07-09 11:45:25 [WARN]: Access token missing or malformed 
2025-07-09 11:45:25 [WARN]: Access token missing or malformed 
2025-07-09 11:45:25 [WARN]: Access token missing or malformed 
2025-07-09 11:45:25 [WARN]: Access token missing or malformed 
2025-07-09 11:45:25 [WARN]: Access token missing or malformed 
2025-07-09 11:45:25 [WARN]: Access token missing or malformed 
2025-07-09 11:45:25 [WARN]: Access token missing or malformed 
2025-07-09 11:45:25 [WARN]: Access token missing or malformed 
2025-07-09 11:45:25 [WARN]: Access token missing or malformed 
2025-07-09 11:45:25 [WARN]: Access token missing or malformed 
2025-07-09 11:45:25 [WARN]: Access token missing or malformed 
2025-07-09 11:45:25 [WARN]: Access token missing or malformed 
2025-07-09 11:45:25 [WARN]: Access token missing or malformed 
2025-07-09 11:45:25 [WARN]: Access token missing or malformed 
2025-07-09 11:45:25 [WARN]: Access token missing or malformed 
2025-07-09 11:45:25 [WARN]: Access token missing or malformed 
2025-07-09 11:45:25 [WARN]: Access token missing or malformed 
2025-07-09 11:45:25 [WARN]: Access token missing or malformed 
2025-07-09 11:45:25 [WARN]: Access token missing or malformed 
2025-07-09 11:45:25 [WARN]: Access token missing or malformed 
2025-07-09 11:45:25 [WARN]: Access token missing or malformed 
2025-07-09 11:45:25 [WARN]: Access token missing or malformed 
2025-07-09 11:45:25 [WARN]: Access token missing or malformed 
2025-07-09 11:45:25 [WARN]: Access token missing or malformed 
2025-07-09 11:45:25 [WARN]: Access token missing or malformed 
2025-07-09 11:45:25 [WARN]: Access token missing or malformed 
2025-07-09 11:45:25 [WARN]: Access token missing or malformed 
2025-07-09 11:45:25 [WARN]: Access token missing or malformed 
2025-07-09 11:45:25 [WARN]: Access token missing or malformed 
2025-07-09 11:45:25 [WARN]: Access token missing or malformed 
2025-07-09 11:45:25 [WARN]: Access token missing or malformed 
2025-07-09 11:45:25 [WARN]: Access token missing or malformed 
2025-07-09 11:45:25 [WARN]: Access token missing or malformed 
2025-07-09 11:45:25 [WARN]: Access token missing or malformed 
2025-07-09 11:45:25 [WARN]: Access token missing or malformed 
2025-07-09 11:45:25 [WARN]: Access token missing or malformed 
2025-07-09 11:45:25 [WARN]: Access token missing or malformed 
2025-07-09 11:45:25 [WARN]: Access token missing or malformed 
2025-07-09 11:45:25 [WARN]: Access token missing or malformed 
2025-07-09 11:45:25 [WARN]: Access token missing or malformed 
2025-07-09 11:45:25 [WARN]: Access token missing or malformed 
2025-07-09 11:45:25 [WARN]: Access token missing or malformed 
2025-07-09 11:45:25 [WARN]: Access token missing or malformed 
2025-07-09 11:45:25 [WARN]: Access token missing or malformed 
2025-07-09 11:45:25 [WARN]: Access token missing or malformed 
2025-07-09 11:45:25 [WARN]: Access token missing or malformed 
2025-07-09 11:45:25 [WARN]: Access token missing or malformed 
2025-07-09 11:45:25 [WARN]: Access token missing or malformed 
2025-07-09 11:45:25 [WARN]: Access token missing or malformed 
2025-07-09 11:45:25 [WARN]: Access token missing or malformed 
2025-07-09 11:45:25 [WARN]: Access token missing or malformed 
2025-07-09 11:45:25 [WARN]: Access token missing or malformed 
2025-07-09 11:45:25 [WARN]: Access token missing or malformed 
2025-07-09 11:45:25 [WARN]: Access token missing or malformed 
2025-07-09 11:45:25 [WARN]: Access token missing or malformed 
2025-07-09 11:45:25 [WARN]: Access token missing or malformed 
2025-07-09 11:45:25 [WARN]: Access token missing or malformed 
2025-07-09 11:45:25 [WARN]: Access token missing or malformed 
2025-07-09 11:45:25 [WARN]: Access token missing or malformed 
2025-07-09 11:45:25 [WARN]: Access token missing or malformed 
2025-07-09 11:45:25 [WARN]: Access token missing or malformed 
2025-07-09 11:45:25 [WARN]: Access token missing or malformed 
2025-07-09 11:45:25 [WARN]: Access token missing or malformed 
2025-07-09 11:45:25 [WARN]: Access token missing or malformed 
2025-07-09 11:45:25 [WARN]: Access token missing or malformed 
2025-07-09 11:45:25 [WARN]: Access token missing or malformed 
2025-07-09 11:45:25 [WARN]: Access token missing or malformed 
2025-07-09 11:45:25 [WARN]: Access token missing or malformed 
2025-07-09 11:45:25 [WARN]: Access token missing or malformed 
2025-07-09 11:45:25 [WARN]: Access token missing or malformed 
2025-07-09 11:45:25 [WARN]: Access token missing or malformed 
2025-07-09 11:45:25 [WARN]: Access token missing or malformed 
2025-07-09 11:45:25 [WARN]: Access token missing or malformed 
2025-07-09 11:45:25 [WARN]: Access token missing or malformed 
2025-07-09 11:45:25 [WARN]: Access token missing or malformed 
2025-07-09 11:45:25 [WARN]: Access token missing or malformed 
2025-07-09 11:45:25 [WARN]: Access token missing or malformed 
2025-07-09 11:45:25 [WARN]: Access token missing or malformed 
2025-07-09 11:45:25 [WARN]: Access token missing or malformed 
2025-07-09 11:45:25 [WARN]: Access token missing or malformed 
2025-07-09 11:45:25 [WARN]: Access token missing or malformed 
2025-07-09 11:45:25 [WARN]: Access token missing or malformed 
2025-07-09 11:45:25 [WARN]: Access token missing or malformed 
2025-07-09 11:45:25 [WARN]: Access token missing or malformed 
2025-07-09 11:45:25 [WARN]: Access token missing or malformed 
2025-07-09 11:45:25 [WARN]: Access token missing or malformed 
2025-07-09 11:45:25 [WARN]: Access token missing or malformed 
2025-07-09 11:45:25 [WARN]: Access token missing or malformed 
2025-07-09 11:45:25 [WARN]: Access token missing or malformed 
2025-07-09 11:45:25 [WARN]: Access token missing or malformed 
2025-07-09 11:45:25 [WARN]: Access token missing or malformed 
2025-07-09 11:45:25 [WARN]: Access token missing or malformed 
2025-07-09 11:45:25 [WARN]: Access token missing or malformed 
2025-07-09 11:45:25 [WARN]: Access token missing or malformed 
2025-07-09 11:45:25 [WARN]: Access token missing or malformed 
2025-07-09 11:45:25 [WARN]: Access token missing or malformed 
2025-07-09 11:45:25 [WARN]: Access token missing or malformed 
2025-07-09 11:45:25 [WARN]: Access token missing or malformed 
2025-07-09 11:45:26 [WARN]: Access token missing or malformed 
2025-07-09 11:45:26 [WARN]: Access token missing or malformed 
2025-07-09 11:45:26 [WARN]: Access token missing or malformed 
2025-07-09 11:45:26 [WARN]: Access token missing or malformed 
2025-07-09 11:45:26 [WARN]: Access token missing or malformed 
2025-07-09 11:45:26 [WARN]: Access token missing or malformed 
2025-07-09 11:45:26 [WARN]: Access token missing or malformed 
2025-07-09 11:45:26 [WARN]: Access token missing or malformed 
2025-07-09 11:45:26 [WARN]: Access token missing or malformed 
2025-07-09 11:45:26 [WARN]: Access token missing or malformed 
2025-07-09 11:45:26 [WARN]: Access token missing or malformed 
2025-07-09 11:45:26 [WARN]: Access token missing or malformed 
2025-07-09 11:45:26 [WARN]: Access token missing or malformed 
2025-07-09 11:45:26 [WARN]: Access token missing or malformed 
2025-07-09 11:45:26 [WARN]: Access token missing or malformed 
2025-07-09 11:45:26 [WARN]: Access token missing or malformed 
2025-07-09 11:45:26 [WARN]: Access token missing or malformed 
2025-07-09 11:45:26 [WARN]: Access token missing or malformed 
2025-07-09 11:45:26 [WARN]: Access token missing or malformed 
2025-07-09 11:45:26 [WARN]: Access token missing or malformed 
2025-07-09 11:45:26 [WARN]: Access token missing or malformed 
2025-07-09 11:45:26 [WARN]: Access token missing or malformed 
2025-07-09 11:45:26 [WARN]: Access token missing or malformed 
2025-07-09 11:45:26 [WARN]: Access token missing or malformed 
2025-07-09 11:45:26 [WARN]: Access token missing or malformed 
2025-07-09 11:45:26 [WARN]: Access token missing or malformed 
2025-07-09 11:45:26 [WARN]: Access token missing or malformed 
2025-07-09 11:45:26 [WARN]: Access token missing or malformed 
2025-07-09 11:45:26 [WARN]: Access token missing or malformed 
2025-07-09 11:45:26 [WARN]: Access token missing or malformed 
2025-07-09 11:45:26 [WARN]: Access token missing or malformed 
2025-07-09 11:45:26 [WARN]: Access token missing or malformed 
2025-07-09 11:45:26 [WARN]: Access token missing or malformed 
2025-07-09 11:45:26 [WARN]: Access token missing or malformed 
2025-07-09 11:45:26 [WARN]: Access token missing or malformed 
2025-07-09 11:45:26 [WARN]: Access token missing or malformed 
2025-07-09 11:45:26 [WARN]: Access token missing or malformed 
2025-07-09 11:45:26 [WARN]: Access token missing or malformed 
2025-07-09 11:45:26 [WARN]: Access token missing or malformed 
2025-07-09 11:45:26 [WARN]: Access token missing or malformed 
2025-07-09 11:45:26 [WARN]: Access token missing or malformed 
2025-07-09 11:45:26 [WARN]: Access token missing or malformed 
2025-07-09 11:45:26 [WARN]: Access token missing or malformed 
2025-07-09 11:45:26 [WARN]: Access token missing or malformed 
2025-07-09 11:45:26 [WARN]: Access token missing or malformed 
2025-07-09 11:45:26 [WARN]: Access token missing or malformed 
2025-07-09 11:45:26 [WARN]: Access token missing or malformed 
2025-07-09 11:45:26 [WARN]: Access token missing or malformed 
2025-07-09 11:45:26 [WARN]: Access token missing or malformed 
2025-07-09 11:45:26 [WARN]: Access token missing or malformed 
2025-07-09 11:45:26 [WARN]: Access token missing or malformed 
2025-07-09 11:45:26 [WARN]: Access token missing or malformed 
2025-07-09 11:45:26 [WARN]: Access token missing or malformed 
2025-07-09 11:45:26 [WARN]: Access token missing or malformed 
2025-07-09 11:45:26 [WARN]: Access token missing or malformed 
2025-07-09 11:45:26 [WARN]: Access token missing or malformed 
2025-07-09 11:45:26 [WARN]: Access token missing or malformed 
2025-07-09 11:45:26 [WARN]: Access token missing or malformed 
2025-07-09 11:45:26 [WARN]: Access token missing or malformed 
2025-07-09 11:45:26 [WARN]: Access token missing or malformed 
2025-07-09 11:45:26 [WARN]: Access token missing or malformed 
2025-07-09 11:45:26 [WARN]: Access token missing or malformed 
2025-07-09 11:45:26 [WARN]: Access token missing or malformed 
2025-07-09 11:45:26 [WARN]: Access token missing or malformed 
2025-07-09 11:45:26 [WARN]: Access token missing or malformed 
2025-07-09 11:45:26 [WARN]: Access token missing or malformed 
2025-07-09 11:45:26 [WARN]: Access token missing or malformed 
2025-07-09 11:45:26 [WARN]: Access token missing or malformed 
2025-07-09 11:45:26 [WARN]: Access token missing or malformed 
2025-07-09 11:45:26 [WARN]: Access token missing or malformed 
2025-07-09 11:45:26 [WARN]: Access token missing or malformed 
2025-07-09 11:45:26 [WARN]: Access token missing or malformed 
2025-07-09 11:45:26 [WARN]: Access token missing or malformed 
2025-07-09 11:45:26 [WARN]: Access token missing or malformed 
2025-07-09 11:45:26 [WARN]: Access token missing or malformed 
2025-07-09 11:45:26 [WARN]: Access token missing or malformed 
2025-07-09 11:45:26 [WARN]: Access token missing or malformed 
2025-07-09 11:45:26 [WARN]: Access token missing or malformed 
2025-07-09 11:45:26 [WARN]: Access token missing or malformed 
2025-07-09 11:45:26 [WARN]: Access token missing or malformed 
2025-07-09 11:45:26 [WARN]: Access token missing or malformed 
2025-07-09 11:45:26 [WARN]: Access token missing or malformed 
2025-07-09 11:45:26 [WARN]: Access token missing or malformed 
2025-07-09 11:45:26 [WARN]: Access token missing or malformed 
2025-07-09 11:45:26 [WARN]: Access token missing or malformed 
2025-07-09 11:45:26 [WARN]: Access token missing or malformed 
2025-07-09 11:45:26 [WARN]: Access token missing or malformed 
2025-07-09 11:45:26 [WARN]: Access token missing or malformed 
2025-07-09 11:45:26 [WARN]: Access token missing or malformed 
2025-07-09 11:45:26 [WARN]: Access token missing or malformed 
2025-07-09 11:45:26 [WARN]: Access token missing or malformed 
2025-07-09 11:45:26 [WARN]: Access token missing or malformed 
2025-07-09 11:45:26 [WARN]: Access token missing or malformed 
2025-07-09 11:45:26 [WARN]: Access token missing or malformed 
2025-07-09 11:45:26 [WARN]: Access token missing or malformed 
2025-07-09 11:45:26 [WARN]: Access token missing or malformed 
2025-07-09 11:45:26 [WARN]: Access token missing or malformed 
2025-07-09 11:45:26 [WARN]: Access token missing or malformed 
2025-07-09 11:45:26 [WARN]: Access token missing or malformed 
2025-07-09 11:45:26 [WARN]: Access token missing or malformed 
2025-07-09 11:45:26 [WARN]: Access token missing or malformed 
2025-07-09 11:45:26 [WARN]: Access token missing or malformed 
2025-07-09 11:45:26 [WARN]: Access token missing or malformed 
2025-07-09 11:45:26 [WARN]: Access token missing or malformed 
2025-07-09 11:45:26 [WARN]: Access token missing or malformed 
2025-07-09 11:45:26 [WARN]: Access token missing or malformed 
2025-07-09 11:45:26 [WARN]: Access token missing or malformed 
2025-07-09 11:45:26 [WARN]: Access token missing or malformed 
2025-07-09 11:45:26 [WARN]: Access token missing or malformed 
2025-07-09 11:45:26 [WARN]: Access token missing or malformed 
2025-07-09 11:45:26 [WARN]: Access token missing or malformed 
2025-07-09 11:45:26 [WARN]: Access token missing or malformed 
2025-07-09 11:45:26 [WARN]: Access token missing or malformed 
2025-07-09 11:45:26 [WARN]: Access token missing or malformed 
2025-07-09 11:45:26 [WARN]: Access token missing or malformed 
2025-07-09 11:45:26 [WARN]: Access token missing or malformed 
2025-07-09 11:45:26 [WARN]: Access token missing or malformed 
2025-07-09 11:45:26 [WARN]: Access token missing or malformed 
2025-07-09 11:45:26 [WARN]: Access token missing or malformed 
2025-07-09 11:45:26 [WARN]: Access token missing or malformed 
2025-07-09 11:45:26 [WARN]: Access token missing or malformed 
2025-07-09 11:45:26 [WARN]: Access token missing or malformed 
2025-07-09 11:45:26 [WARN]: Access token missing or malformed 
2025-07-09 11:45:26 [WARN]: Access token missing or malformed 
2025-07-09 11:45:26 [WARN]: Access token missing or malformed 
2025-07-09 11:45:26 [WARN]: Access token missing or malformed 
2025-07-09 11:45:26 [WARN]: Access token missing or malformed 
2025-07-09 11:45:26 [WARN]: Access token missing or malformed 
2025-07-09 11:45:26 [WARN]: Access token missing or malformed 
2025-07-09 11:45:26 [WARN]: Access token missing or malformed 
2025-07-09 11:45:26 [WARN]: Access token missing or malformed 
2025-07-09 11:45:26 [WARN]: Access token missing or malformed 
2025-07-09 11:45:26 [WARN]: Access token missing or malformed 
2025-07-09 11:45:26 [WARN]: Access token missing or malformed 
2025-07-09 11:45:26 [WARN]: Access token missing or malformed 
2025-07-09 11:45:26 [WARN]: Access token missing or malformed 
2025-07-09 11:45:26 [WARN]: Access token missing or malformed 
2025-07-09 11:45:26 [WARN]: Access token missing or malformed 
2025-07-09 11:45:26 [WARN]: Access token missing or malformed 
2025-07-09 11:45:26 [WARN]: Access token missing or malformed 
2025-07-09 11:45:26 [WARN]: Access token missing or malformed 
2025-07-09 11:45:26 [WARN]: Access token missing or malformed 
2025-07-09 11:45:26 [WARN]: Access token missing or malformed 
2025-07-09 11:45:26 [WARN]: Access token missing or malformed 
2025-07-09 11:45:26 [WARN]: Access token missing or malformed 
2025-07-09 11:45:26 [WARN]: Access token missing or malformed 
2025-07-09 11:45:26 [WARN]: Access token missing or malformed 
2025-07-09 11:45:26 [WARN]: Access token missing or malformed 
2025-07-09 11:45:26 [WARN]: Access token missing or malformed 
2025-07-09 11:45:26 [WARN]: Access token missing or malformed 
2025-07-09 11:45:26 [WARN]: Access token missing or malformed 
2025-07-09 11:45:26 [WARN]: Access token missing or malformed 
2025-07-09 11:45:26 [WARN]: Access token missing or malformed 
2025-07-09 11:45:26 [WARN]: Access token missing or malformed 
2025-07-09 11:45:26 [WARN]: Access token missing or malformed 
2025-07-09 11:45:26 [WARN]: Access token missing or malformed 
2025-07-09 11:45:26 [WARN]: Access token missing or malformed 
2025-07-09 11:45:26 [WARN]: Access token missing or malformed 
2025-07-09 11:45:26 [WARN]: Access token missing or malformed 
2025-07-09 11:45:26 [WARN]: Access token missing or malformed 
2025-07-09 11:45:26 [WARN]: Access token missing or malformed 
2025-07-09 11:45:26 [WARN]: Access token missing or malformed 
2025-07-09 11:45:26 [WARN]: Access token missing or malformed 
2025-07-09 11:45:27 [WARN]: Access token missing or malformed 
2025-07-09 11:45:27 [WARN]: Access token missing or malformed 
2025-07-09 11:45:27 [WARN]: Access token missing or malformed 
2025-07-09 11:45:27 [WARN]: Access token missing or malformed 
2025-07-09 11:45:27 [WARN]: Access token missing or malformed 
2025-07-09 11:45:27 [WARN]: Access token missing or malformed 
2025-07-09 11:45:27 [WARN]: Access token missing or malformed 
2025-07-09 11:45:27 [WARN]: Access token missing or malformed 
2025-07-09 11:45:27 [WARN]: Access token missing or malformed 
2025-07-09 11:45:27 [WARN]: Access token missing or malformed 
2025-07-09 11:45:27 [WARN]: Access token missing or malformed 
2025-07-09 11:45:27 [WARN]: Access token missing or malformed 
2025-07-09 11:45:27 [WARN]: Access token missing or malformed 
2025-07-09 11:45:27 [WARN]: Access token missing or malformed 
2025-07-09 11:45:27 [WARN]: Access token missing or malformed 
2025-07-09 11:45:27 [WARN]: Access token missing or malformed 
2025-07-09 11:45:27 [WARN]: Access token missing or malformed 
2025-07-09 11:45:27 [WARN]: Access token missing or malformed 
2025-07-09 11:45:27 [WARN]: Access token missing or malformed 
2025-07-09 11:45:27 [WARN]: Access token missing or malformed 
2025-07-09 11:45:27 [WARN]: Access token missing or malformed 
2025-07-09 11:45:27 [WARN]: Access token missing or malformed 
2025-07-09 11:45:27 [WARN]: Access token missing or malformed 
2025-07-09 11:45:27 [WARN]: Access token missing or malformed 
2025-07-09 11:45:27 [WARN]: Access token missing or malformed 
2025-07-09 11:45:27 [WARN]: Access token missing or malformed 
2025-07-09 11:45:27 [WARN]: Access token missing or malformed 
2025-07-09 11:45:27 [WARN]: Access token missing or malformed 
2025-07-09 11:45:27 [WARN]: Access token missing or malformed 
2025-07-09 11:45:27 [WARN]: Access token missing or malformed 
2025-07-09 11:45:27 [WARN]: Access token missing or malformed 
2025-07-09 11:45:27 [WARN]: Access token missing or malformed 
2025-07-09 11:45:27 [WARN]: Access token missing or malformed 
2025-07-09 11:45:27 [WARN]: Access token missing or malformed 
2025-07-09 11:45:27 [WARN]: Access token missing or malformed 
2025-07-09 11:45:27 [WARN]: Access token missing or malformed 
2025-07-09 11:45:27 [WARN]: Access token missing or malformed 
2025-07-09 11:45:27 [WARN]: Access token missing or malformed 
2025-07-09 11:45:27 [WARN]: Access token missing or malformed 
2025-07-09 11:45:27 [WARN]: Access token missing or malformed 
2025-07-09 11:45:27 [WARN]: Access token missing or malformed 
2025-07-09 11:45:27 [WARN]: Access token missing or malformed 
2025-07-09 11:45:27 [WARN]: Access token missing or malformed 
2025-07-09 11:45:27 [WARN]: Access token missing or malformed 
2025-07-09 11:45:27 [WARN]: Access token missing or malformed 
2025-07-09 11:45:27 [WARN]: Access token missing or malformed 
2025-07-09 11:45:27 [WARN]: Access token missing or malformed 
2025-07-09 11:45:27 [WARN]: Access token missing or malformed 
2025-07-09 11:45:27 [WARN]: Access token missing or malformed 
2025-07-09 11:45:27 [WARN]: Access token missing or malformed 
2025-07-09 11:45:27 [WARN]: Access token missing or malformed 
2025-07-09 11:45:27 [WARN]: Access token missing or malformed 
2025-07-09 11:45:27 [WARN]: Access token missing or malformed 
2025-07-09 11:45:27 [WARN]: Access token missing or malformed 
2025-07-09 11:45:27 [WARN]: Access token missing or malformed 
2025-07-09 11:45:27 [WARN]: Access token missing or malformed 
2025-07-09 11:45:27 [WARN]: Access token missing or malformed 
2025-07-09 11:45:27 [WARN]: Access token missing or malformed 
2025-07-09 11:45:27 [WARN]: Access token missing or malformed 
2025-07-09 11:45:27 [WARN]: Access token missing or malformed 
2025-07-09 11:45:27 [WARN]: Access token missing or malformed 
2025-07-09 11:45:27 [WARN]: Access token missing or malformed 
2025-07-09 11:45:27 [WARN]: Access token missing or malformed 
2025-07-09 11:45:27 [WARN]: Access token missing or malformed 
2025-07-09 11:45:27 [WARN]: Access token missing or malformed 
2025-07-09 11:45:27 [WARN]: Access token missing or malformed 
2025-07-09 11:45:27 [WARN]: Access token missing or malformed 
2025-07-09 11:45:27 [WARN]: Access token missing or malformed 
2025-07-09 11:45:27 [WARN]: Access token missing or malformed 
2025-07-09 11:45:27 [WARN]: Access token missing or malformed 
2025-07-09 11:45:27 [WARN]: Access token missing or malformed 
2025-07-09 11:45:27 [WARN]: Access token missing or malformed 
2025-07-09 11:45:27 [WARN]: Access token missing or malformed 
2025-07-09 11:45:27 [WARN]: Access token missing or malformed 
2025-07-09 11:45:27 [WARN]: Access token missing or malformed 
2025-07-09 11:45:27 [WARN]: Access token missing or malformed 
2025-07-09 11:45:27 [WARN]: Access token missing or malformed 
2025-07-09 11:45:27 [WARN]: Access token missing or malformed 
2025-07-09 11:45:27 [WARN]: Access token missing or malformed 
2025-07-09 11:45:27 [WARN]: Access token missing or malformed 
2025-07-09 11:45:27 [WARN]: Access token missing or malformed 
2025-07-09 11:45:27 [WARN]: Access token missing or malformed 
2025-07-09 11:45:27 [WARN]: Access token missing or malformed 
2025-07-09 11:45:27 [WARN]: Access token missing or malformed 
2025-07-09 11:45:27 [WARN]: Access token missing or malformed 
2025-07-09 11:45:27 [WARN]: Access token missing or malformed 
2025-07-09 11:45:27 [WARN]: Access token missing or malformed 
2025-07-09 11:45:27 [WARN]: Access token missing or malformed 
2025-07-09 11:45:27 [WARN]: Access token missing or malformed 
2025-07-09 11:45:27 [WARN]: Access token missing or malformed 
2025-07-09 11:45:27 [WARN]: Access token missing or malformed 
2025-07-09 11:45:27 [WARN]: Access token missing or malformed 
2025-07-09 11:45:27 [WARN]: Access token missing or malformed 
2025-07-09 11:45:27 [WARN]: Access token missing or malformed 
2025-07-09 11:45:27 [WARN]: Access token missing or malformed 
2025-07-09 11:45:27 [WARN]: Access token missing or malformed 
2025-07-09 11:45:27 [WARN]: Access token missing or malformed 
2025-07-09 11:45:27 [WARN]: Access token missing or malformed 
2025-07-09 11:45:27 [WARN]: Access token missing or malformed 
2025-07-09 11:45:27 [WARN]: Access token missing or malformed 
2025-07-09 11:45:27 [WARN]: Access token missing or malformed 
2025-07-09 11:45:27 [WARN]: Access token missing or malformed 
2025-07-09 11:45:27 [WARN]: Access token missing or malformed 
2025-07-09 11:45:27 [WARN]: Access token missing or malformed 
2025-07-09 11:45:27 [WARN]: Access token missing or malformed 
2025-07-09 11:45:27 [WARN]: Access token missing or malformed 
2025-07-09 11:45:27 [WARN]: Access token missing or malformed 
2025-07-09 11:45:27 [WARN]: Access token missing or malformed 
2025-07-09 11:45:27 [WARN]: Access token missing or malformed 
2025-07-09 11:45:27 [WARN]: Access token missing or malformed 
2025-07-09 11:45:27 [WARN]: Access token missing or malformed 
2025-07-09 11:45:27 [WARN]: Access token missing or malformed 
2025-07-09 11:45:27 [WARN]: Access token missing or malformed 
2025-07-09 11:45:27 [WARN]: Access token missing or malformed 
2025-07-09 11:45:27 [WARN]: Access token missing or malformed 
2025-07-09 11:45:27 [WARN]: Access token missing or malformed 
2025-07-09 11:45:27 [WARN]: Access token missing or malformed 
2025-07-09 11:45:27 [WARN]: Access token missing or malformed 
2025-07-09 11:45:27 [WARN]: Access token missing or malformed 
2025-07-09 11:45:27 [WARN]: Access token missing or malformed 
2025-07-09 11:45:27 [WARN]: Access token missing or malformed 
2025-07-09 11:45:27 [WARN]: Access token missing or malformed 
2025-07-09 11:45:27 [WARN]: Access token missing or malformed 
2025-07-09 11:45:27 [WARN]: Access token missing or malformed 
2025-07-09 11:45:27 [WARN]: Access token missing or malformed 
2025-07-09 11:45:27 [WARN]: Access token missing or malformed 
2025-07-09 11:45:27 [WARN]: Access token missing or malformed 
2025-07-09 11:45:27 [WARN]: Access token missing or malformed 
2025-07-09 11:45:27 [WARN]: Access token missing or malformed 
2025-07-09 11:45:27 [WARN]: Access token missing or malformed 
2025-07-09 11:45:27 [WARN]: Access token missing or malformed 
2025-07-09 11:45:27 [WARN]: Access token missing or malformed 
2025-07-09 11:45:27 [WARN]: Access token missing or malformed 
2025-07-09 11:45:27 [WARN]: Access token missing or malformed 
2025-07-09 11:45:27 [WARN]: Access token missing or malformed 
2025-07-09 11:45:27 [WARN]: Access token missing or malformed 
2025-07-09 11:45:27 [WARN]: Access token missing or malformed 
2025-07-09 11:45:27 [WARN]: Access token missing or malformed 
2025-07-09 11:45:27 [WARN]: Access token missing or malformed 
2025-07-09 11:45:27 [WARN]: Access token missing or malformed 
2025-07-09 11:45:27 [WARN]: Access token missing or malformed 
2025-07-09 11:45:27 [WARN]: Access token missing or malformed 
2025-07-09 11:45:27 [WARN]: Access token missing or malformed 
2025-07-09 11:45:27 [WARN]: Access token missing or malformed 
2025-07-09 11:45:27 [WARN]: Access token missing or malformed 
2025-07-09 11:45:27 [WARN]: Access token missing or malformed 
2025-07-09 11:45:27 [WARN]: Access token missing or malformed 
2025-07-09 11:45:27 [WARN]: Access token missing or malformed 
2025-07-09 11:45:27 [WARN]: Access token missing or malformed 
2025-07-09 11:45:27 [WARN]: Access token missing or malformed 
2025-07-09 11:45:27 [WARN]: Access token missing or malformed 
2025-07-09 11:45:27 [WARN]: Access token missing or malformed 
2025-07-09 11:45:27 [WARN]: Access token missing or malformed 
2025-07-09 11:45:27 [WARN]: Access token missing or malformed 
2025-07-09 11:45:27 [WARN]: Access token missing or malformed 
2025-07-09 11:45:27 [WARN]: Access token missing or malformed 
2025-07-09 11:45:27 [WARN]: Access token missing or malformed 
2025-07-09 11:45:27 [WARN]: Access token missing or malformed 
2025-07-09 11:45:27 [WARN]: Access token missing or malformed 
2025-07-09 11:45:27 [WARN]: Access token missing or malformed 
2025-07-09 11:45:27 [WARN]: Access token missing or malformed 
2025-07-09 11:45:27 [WARN]: Access token missing or malformed 
2025-07-09 11:45:27 [WARN]: Access token missing or malformed 
2025-07-09 11:45:27 [WARN]: Access token missing or malformed 
2025-07-09 11:45:27 [WARN]: Access token missing or malformed 
2025-07-09 11:45:27 [WARN]: Access token missing or malformed 
2025-07-09 11:45:27 [WARN]: Access token missing or malformed 
2025-07-09 11:45:27 [WARN]: Access token missing or malformed 
2025-07-09 11:45:27 [WARN]: Access token missing or malformed 
2025-07-09 11:45:27 [WARN]: Access token missing or malformed 
2025-07-09 11:45:27 [WARN]: Access token missing or malformed 
2025-07-09 11:45:27 [WARN]: Access token missing or malformed 
2025-07-09 11:45:27 [WARN]: Access token missing or malformed 
2025-07-09 11:45:27 [WARN]: Access token missing or malformed 
2025-07-09 11:45:27 [WARN]: Access token missing or malformed 
2025-07-09 11:45:27 [WARN]: Access token missing or malformed 
2025-07-09 11:45:27 [WARN]: Access token missing or malformed 
2025-07-09 11:45:27 [WARN]: Access token missing or malformed 
2025-07-09 11:45:27 [WARN]: Access token missing or malformed 
2025-07-09 11:45:27 [WARN]: Access token missing or malformed 
2025-07-09 11:45:27 [WARN]: Access token missing or malformed 
2025-07-09 11:45:27 [WARN]: Access token missing or malformed 
2025-07-09 11:45:27 [WARN]: Access token missing or malformed 
2025-07-09 11:45:27 [WARN]: Access token missing or malformed 
2025-07-09 11:45:27 [WARN]: Access token missing or malformed 
2025-07-09 11:45:27 [WARN]: Access token missing or malformed 
2025-07-09 11:45:27 [WARN]: Access token missing or malformed 
2025-07-09 11:45:27 [WARN]: Access token missing or malformed 
2025-07-09 11:45:27 [WARN]: Access token missing or malformed 
2025-07-09 11:45:27 [WARN]: Access token missing or malformed 
2025-07-09 11:45:27 [WARN]: Access token missing or malformed 
2025-07-09 11:45:27 [WARN]: Access token missing or malformed 
2025-07-09 11:45:27 [WARN]: Access token missing or malformed 
2025-07-09 11:45:27 [WARN]: Access token missing or malformed 
2025-07-09 11:45:27 [WARN]: Access token missing or malformed 
2025-07-09 11:45:27 [WARN]: Access token missing or malformed 
2025-07-09 11:45:27 [WARN]: Access token missing or malformed 
2025-07-09 11:45:27 [WARN]: Access token missing or malformed 
2025-07-09 11:45:27 [WARN]: Access token missing or malformed 
2025-07-09 11:45:27 [WARN]: Access token missing or malformed 
2025-07-09 11:45:27 [WARN]: Access token missing or malformed 
2025-07-09 11:45:27 [WARN]: Access token missing or malformed 
2025-07-09 11:45:27 [WARN]: Access token missing or malformed 
2025-07-09 11:45:27 [WARN]: Access token missing or malformed 
2025-07-09 11:45:27 [WARN]: Access token missing or malformed 
2025-07-09 11:45:27 [WARN]: Access token missing or malformed 
2025-07-09 11:45:27 [WARN]: Access token missing or malformed 
2025-07-09 11:45:27 [WARN]: Access token missing or malformed 
2025-07-09 11:45:27 [WARN]: Access token missing or malformed 
2025-07-09 11:45:27 [WARN]: Access token missing or malformed 
2025-07-09 11:45:27 [WARN]: Access token missing or malformed 
2025-07-09 11:45:27 [WARN]: Access token missing or malformed 
2025-07-09 11:45:27 [WARN]: Access token missing or malformed 
2025-07-09 11:45:27 [WARN]: Access token missing or malformed 
2025-07-09 11:45:27 [WARN]: Access token missing or malformed 
2025-07-09 11:45:27 [WARN]: Access token missing or malformed 
2025-07-09 11:45:27 [WARN]: Access token missing or malformed 
2025-07-09 11:45:27 [WARN]: Access token missing or malformed 
2025-07-09 11:45:27 [WARN]: Access token missing or malformed 
2025-07-09 11:45:27 [WARN]: Access token missing or malformed 
2025-07-09 11:45:27 [WARN]: Access token missing or malformed 
2025-07-09 11:45:27 [WARN]: Access token missing or malformed 
2025-07-09 11:45:27 [WARN]: Access token missing or malformed 
2025-07-09 11:45:27 [WARN]: Access token missing or malformed 
2025-07-09 11:45:27 [WARN]: Access token missing or malformed 
2025-07-09 11:45:27 [WARN]: Access token missing or malformed 
2025-07-09 11:45:27 [WARN]: Access token missing or malformed 
2025-07-09 11:45:27 [WARN]: Access token missing or malformed 
2025-07-09 11:45:27 [WARN]: Access token missing or malformed 
2025-07-09 11:45:27 [WARN]: Access token missing or malformed 
2025-07-09 11:45:27 [WARN]: Access token missing or malformed 
2025-07-09 11:45:27 [WARN]: Access token missing or malformed 
2025-07-09 11:45:27 [WARN]: Access token missing or malformed 
2025-07-09 11:45:27 [WARN]: Access token missing or malformed 
2025-07-09 11:45:27 [WARN]: Access token missing or malformed 
2025-07-09 11:45:27 [WARN]: Access token missing or malformed 
2025-07-09 11:45:27 [WARN]: Access token missing or malformed 
2025-07-09 11:45:27 [WARN]: Access token missing or malformed 
2025-07-09 11:45:28 [WARN]: Access token missing or malformed 
2025-07-09 11:45:28 [WARN]: Access token missing or malformed 
2025-07-09 11:45:28 [WARN]: Access token missing or malformed 
2025-07-09 11:45:28 [WARN]: Access token missing or malformed 
2025-07-09 11:45:28 [WARN]: Access token missing or malformed 
2025-07-09 11:45:28 [WARN]: Access token missing or malformed 
2025-07-09 11:45:28 [WARN]: Access token missing or malformed 
2025-07-09 11:45:28 [WARN]: Access token missing or malformed 
2025-07-09 11:45:28 [WARN]: Access token missing or malformed 
2025-07-09 11:45:28 [WARN]: Access token missing or malformed 
2025-07-09 11:45:28 [WARN]: Access token missing or malformed 
2025-07-09 11:45:28 [WARN]: Access token missing or malformed 
2025-07-09 11:45:28 [WARN]: Access token missing or malformed 
2025-07-09 11:45:28 [WARN]: Access token missing or malformed 
2025-07-09 11:45:28 [WARN]: Access token missing or malformed 
2025-07-09 11:45:28 [WARN]: Access token missing or malformed 
2025-07-09 11:45:28 [WARN]: Access token missing or malformed 
2025-07-09 11:45:28 [WARN]: Access token missing or malformed 
2025-07-09 11:45:28 [WARN]: Access token missing or malformed 
2025-07-09 11:45:28 [WARN]: Access token missing or malformed 
2025-07-09 11:45:28 [WARN]: Access token missing or malformed 
2025-07-09 11:45:28 [WARN]: Access token missing or malformed 
2025-07-09 11:45:28 [WARN]: Access token missing or malformed 
2025-07-09 11:45:28 [WARN]: Access token missing or malformed 
2025-07-09 11:45:28 [WARN]: Access token missing or malformed 
2025-07-09 11:45:28 [WARN]: Access token missing or malformed 
2025-07-09 11:45:28 [WARN]: Access token missing or malformed 
2025-07-09 11:45:28 [WARN]: Access token missing or malformed 
2025-07-09 11:45:28 [WARN]: Access token missing or malformed 
2025-07-09 11:45:28 [WARN]: Access token missing or malformed 
2025-07-09 11:45:28 [WARN]: Access token missing or malformed 
2025-07-09 11:45:28 [WARN]: Access token missing or malformed 
2025-07-09 11:45:28 [WARN]: Access token missing or malformed 
2025-07-09 11:45:28 [WARN]: Access token missing or malformed 
2025-07-09 11:45:28 [WARN]: Access token missing or malformed 
2025-07-09 11:45:28 [WARN]: Access token missing or malformed 
2025-07-09 11:45:28 [WARN]: Access token missing or malformed 
2025-07-09 11:45:28 [WARN]: Access token missing or malformed 
2025-07-09 11:45:28 [WARN]: Access token missing or malformed 
2025-07-09 11:45:28 [WARN]: Access token missing or malformed 
2025-07-09 11:45:28 [WARN]: Access token missing or malformed 
2025-07-09 11:45:28 [WARN]: Access token missing or malformed 
2025-07-09 11:45:28 [WARN]: Access token missing or malformed 
2025-07-09 11:45:28 [WARN]: Access token missing or malformed 
2025-07-09 11:45:28 [WARN]: Access token missing or malformed 
2025-07-09 11:45:28 [WARN]: Access token missing or malformed 
2025-07-09 11:45:28 [WARN]: Access token missing or malformed 
2025-07-09 11:45:28 [WARN]: Access token missing or malformed 
2025-07-09 11:45:28 [WARN]: Access token missing or malformed 
2025-07-09 11:45:28 [WARN]: Access token missing or malformed 
2025-07-09 11:45:28 [WARN]: Access token missing or malformed 
2025-07-09 11:45:28 [WARN]: Access token missing or malformed 
2025-07-09 11:45:28 [WARN]: Access token missing or malformed 
2025-07-09 11:45:28 [WARN]: Access token missing or malformed 
2025-07-09 11:45:28 [WARN]: Access token missing or malformed 
2025-07-09 11:45:28 [WARN]: Access token missing or malformed 
2025-07-09 11:45:28 [WARN]: Access token missing or malformed 
2025-07-09 11:45:28 [WARN]: Access token missing or malformed 
2025-07-09 11:45:28 [WARN]: Access token missing or malformed 
2025-07-09 11:45:28 [WARN]: Access token missing or malformed 
2025-07-09 11:45:28 [WARN]: Access token missing or malformed 
2025-07-09 11:45:28 [WARN]: Access token missing or malformed 
2025-07-09 11:45:28 [WARN]: Access token missing or malformed 
2025-07-09 11:45:28 [WARN]: Access token missing or malformed 
2025-07-09 11:45:28 [WARN]: Access token missing or malformed 
2025-07-09 11:45:28 [WARN]: Access token missing or malformed 
2025-07-09 11:45:28 [WARN]: Access token missing or malformed 
2025-07-09 11:45:28 [WARN]: Access token missing or malformed 
2025-07-09 11:45:28 [WARN]: Access token missing or malformed 
2025-07-09 11:45:28 [WARN]: Access token missing or malformed 
2025-07-09 11:45:28 [WARN]: Access token missing or malformed 
2025-07-09 11:45:28 [WARN]: Access token missing or malformed 
2025-07-09 11:45:28 [WARN]: Access token missing or malformed 
2025-07-09 11:45:28 [WARN]: Access token missing or malformed 
2025-07-09 11:45:28 [WARN]: Access token missing or malformed 
2025-07-09 11:45:28 [WARN]: Access token missing or malformed 
2025-07-09 11:45:28 [WARN]: Access token missing or malformed 
2025-07-09 11:45:28 [WARN]: Access token missing or malformed 
2025-07-09 11:45:28 [WARN]: Access token missing or malformed 
2025-07-09 11:45:28 [WARN]: Access token missing or malformed 
2025-07-09 11:45:28 [WARN]: Access token missing or malformed 
2025-07-09 11:45:28 [WARN]: Access token missing or malformed 
2025-07-09 11:45:28 [WARN]: Access token missing or malformed 
2025-07-09 11:45:28 [WARN]: Access token missing or malformed 
2025-07-09 11:45:28 [WARN]: Access token missing or malformed 
2025-07-09 11:45:28 [WARN]: Access token missing or malformed 
2025-07-09 11:45:28 [WARN]: Access token missing or malformed 
2025-07-09 11:45:28 [WARN]: Access token missing or malformed 
2025-07-09 11:45:28 [WARN]: Access token missing or malformed 
2025-07-09 11:45:28 [WARN]: Access token missing or malformed 
2025-07-09 11:45:28 [WARN]: Access token missing or malformed 
2025-07-09 11:45:28 [WARN]: Access token missing or malformed 
2025-07-09 11:45:28 [WARN]: Access token missing or malformed 
2025-07-09 11:45:28 [WARN]: Access token missing or malformed 
2025-07-09 11:45:28 [WARN]: Access token missing or malformed 
2025-07-09 11:45:28 [WARN]: Access token missing or malformed 
2025-07-09 11:45:28 [WARN]: Access token missing or malformed 
2025-07-09 11:45:28 [WARN]: Access token missing or malformed 
2025-07-09 11:45:28 [WARN]: Access token missing or malformed 
2025-07-09 11:45:28 [WARN]: Access token missing or malformed 
2025-07-09 11:45:28 [WARN]: Access token missing or malformed 
2025-07-09 11:45:28 [WARN]: Access token missing or malformed 
2025-07-09 11:45:28 [WARN]: Access token missing or malformed 
2025-07-09 11:45:28 [WARN]: Access token missing or malformed 
2025-07-09 11:45:28 [WARN]: Access token missing or malformed 
2025-07-09 11:45:28 [WARN]: Access token missing or malformed 
2025-07-09 11:45:28 [WARN]: Access token missing or malformed 
2025-07-09 11:45:28 [WARN]: Access token missing or malformed 
2025-07-09 11:45:28 [WARN]: Access token missing or malformed 
2025-07-09 11:45:28 [WARN]: Access token missing or malformed 
2025-07-09 11:45:28 [WARN]: Access token missing or malformed 
2025-07-09 11:45:28 [WARN]: Access token missing or malformed 
2025-07-09 11:45:28 [WARN]: Access token missing or malformed 
2025-07-09 11:45:28 [WARN]: Access token missing or malformed 
2025-07-09 11:45:28 [WARN]: Access token missing or malformed 
2025-07-09 11:45:28 [WARN]: Access token missing or malformed 
2025-07-09 11:45:28 [WARN]: Access token missing or malformed 
2025-07-09 11:45:28 [WARN]: Access token missing or malformed 
2025-07-09 11:45:28 [WARN]: Access token missing or malformed 
2025-07-09 11:45:28 [WARN]: Access token missing or malformed 
2025-07-09 11:45:28 [WARN]: Access token missing or malformed 
2025-07-09 11:45:28 [WARN]: Access token missing or malformed 
2025-07-09 11:45:28 [WARN]: Access token missing or malformed 
2025-07-09 11:45:28 [WARN]: Access token missing or malformed 
2025-07-09 11:45:28 [WARN]: Access token missing or malformed 
2025-07-09 11:45:28 [WARN]: Access token missing or malformed 
2025-07-09 11:45:28 [WARN]: Access token missing or malformed 
2025-07-09 11:45:28 [WARN]: Access token missing or malformed 
2025-07-09 11:45:28 [WARN]: Access token missing or malformed 
2025-07-09 11:45:28 [WARN]: Access token missing or malformed 
2025-07-09 11:45:28 [WARN]: Access token missing or malformed 
2025-07-09 11:45:28 [WARN]: Access token missing or malformed 
2025-07-09 11:45:28 [WARN]: Access token missing or malformed 
2025-07-09 11:45:28 [WARN]: Access token missing or malformed 
2025-07-09 11:45:28 [WARN]: Access token missing or malformed 
2025-07-09 11:45:28 [WARN]: Access token missing or malformed 
2025-07-09 11:45:28 [WARN]: Access token missing or malformed 
2025-07-09 11:45:28 [WARN]: Access token missing or malformed 
2025-07-09 11:45:28 [WARN]: Access token missing or malformed 
2025-07-09 11:45:28 [WARN]: Access token missing or malformed 
2025-07-09 11:45:28 [WARN]: Access token missing or malformed 
2025-07-09 11:45:28 [WARN]: Access token missing or malformed 
2025-07-09 11:45:28 [WARN]: Access token missing or malformed 
2025-07-09 11:45:28 [WARN]: Access token missing or malformed 
2025-07-09 11:45:28 [WARN]: Access token missing or malformed 
2025-07-09 11:45:28 [WARN]: Access token missing or malformed 
2025-07-09 11:45:28 [WARN]: Access token missing or malformed 
2025-07-09 11:45:28 [WARN]: Access token missing or malformed 
2025-07-09 11:45:28 [WARN]: Access token missing or malformed 
2025-07-09 11:45:28 [WARN]: Access token missing or malformed 
2025-07-09 11:45:28 [WARN]: Access token missing or malformed 
2025-07-09 11:45:28 [WARN]: Access token missing or malformed 
2025-07-09 11:45:28 [WARN]: Access token missing or malformed 
2025-07-09 11:45:28 [WARN]: Access token missing or malformed 
2025-07-09 11:45:28 [WARN]: Access token missing or malformed 
2025-07-09 11:45:28 [WARN]: Access token missing or malformed 
2025-07-09 11:45:28 [WARN]: Access token missing or malformed 
2025-07-09 11:45:28 [WARN]: Access token missing or malformed 
2025-07-09 11:45:28 [WARN]: Access token missing or malformed 
2025-07-09 11:45:28 [WARN]: Access token missing or malformed 
2025-07-09 11:45:28 [WARN]: Access token missing or malformed 
2025-07-09 11:45:28 [WARN]: Access token missing or malformed 
2025-07-09 11:45:28 [WARN]: Access token missing or malformed 
2025-07-09 11:45:28 [WARN]: Access token missing or malformed 
2025-07-09 11:45:28 [WARN]: Access token missing or malformed 
2025-07-09 11:45:28 [WARN]: Access token missing or malformed 
2025-07-09 11:45:28 [WARN]: Access token missing or malformed 
2025-07-09 11:45:28 [WARN]: Access token missing or malformed 
2025-07-09 11:45:28 [WARN]: Access token missing or malformed 
2025-07-09 11:45:28 [WARN]: Access token missing or malformed 
2025-07-09 11:45:28 [WARN]: Access token missing or malformed 
2025-07-09 11:45:28 [WARN]: Access token missing or malformed 
2025-07-09 11:45:28 [WARN]: Access token missing or malformed 
2025-07-09 11:45:28 [WARN]: Access token missing or malformed 
2025-07-09 11:45:28 [WARN]: Access token missing or malformed 
2025-07-09 11:45:28 [WARN]: Access token missing or malformed 
2025-07-09 11:45:28 [WARN]: Access token missing or malformed 
2025-07-09 11:45:28 [WARN]: Access token missing or malformed 
2025-07-09 11:45:28 [WARN]: Access token missing or malformed 
2025-07-09 11:45:28 [WARN]: Access token missing or malformed 
2025-07-09 11:45:28 [WARN]: Access token missing or malformed 
2025-07-09 11:45:28 [WARN]: Access token missing or malformed 
2025-07-09 11:45:28 [WARN]: Access token missing or malformed 
2025-07-09 11:45:28 [WARN]: Access token missing or malformed 
2025-07-09 11:45:28 [WARN]: Access token missing or malformed 
2025-07-09 11:45:28 [WARN]: Access token missing or malformed 
2025-07-09 11:45:28 [WARN]: Access token missing or malformed 
2025-07-09 11:45:28 [WARN]: Access token missing or malformed 
2025-07-09 11:45:28 [WARN]: Access token missing or malformed 
2025-07-09 11:45:28 [WARN]: Access token missing or malformed 
2025-07-09 11:45:28 [WARN]: Access token missing or malformed 
2025-07-09 11:45:28 [WARN]: Access token missing or malformed 
2025-07-09 11:45:28 [WARN]: Access token missing or malformed 
2025-07-09 11:45:28 [WARN]: Access token missing or malformed 
2025-07-09 11:45:28 [WARN]: Access token missing or malformed 
2025-07-09 11:45:28 [WARN]: Access token missing or malformed 
2025-07-09 11:45:28 [WARN]: Access token missing or malformed 
2025-07-09 11:45:28 [WARN]: Access token missing or malformed 
2025-07-09 11:45:28 [WARN]: Access token missing or malformed 
2025-07-09 11:45:28 [WARN]: Access token missing or malformed 
2025-07-09 11:45:28 [WARN]: Access token missing or malformed 
2025-07-09 11:45:28 [WARN]: Access token missing or malformed 
2025-07-09 11:45:28 [WARN]: Access token missing or malformed 
2025-07-09 11:45:28 [WARN]: Access token missing or malformed 
2025-07-09 11:45:28 [WARN]: Access token missing or malformed 
2025-07-09 11:45:28 [WARN]: Access token missing or malformed 
2025-07-09 11:45:28 [WARN]: Access token missing or malformed 
2025-07-09 11:45:28 [WARN]: Access token missing or malformed 
2025-07-09 11:45:28 [WARN]: Access token missing or malformed 
2025-07-09 11:45:28 [WARN]: Access token missing or malformed 
2025-07-09 11:45:28 [WARN]: Access token missing or malformed 
2025-07-09 11:45:28 [WARN]: Access token missing or malformed 
2025-07-09 11:45:28 [WARN]: Access token missing or malformed 
2025-07-09 11:45:28 [WARN]: Access token missing or malformed 
2025-07-09 11:45:28 [WARN]: Access token missing or malformed 
2025-07-09 11:45:28 [WARN]: Access token missing or malformed 
2025-07-09 11:45:28 [WARN]: Access token missing or malformed 
2025-07-09 11:45:28 [WARN]: Access token missing or malformed 
2025-07-09 11:45:28 [WARN]: Access token missing or malformed 
2025-07-09 11:45:28 [WARN]: Access token missing or malformed 
2025-07-09 11:45:28 [WARN]: Access token missing or malformed 
2025-07-09 11:45:28 [WARN]: Access token missing or malformed 
2025-07-09 11:45:28 [WARN]: Access token missing or malformed 
2025-07-09 11:45:28 [WARN]: Access token missing or malformed 
2025-07-09 11:45:28 [WARN]: Access token missing or malformed 
2025-07-09 11:45:28 [WARN]: Access token missing or malformed 
2025-07-09 11:45:28 [WARN]: Access token missing or malformed 
2025-07-09 11:45:28 [WARN]: Access token missing or malformed 
2025-07-09 11:45:28 [WARN]: Access token missing or malformed 
2025-07-09 11:45:28 [WARN]: Access token missing or malformed 
2025-07-09 11:45:28 [WARN]: Access token missing or malformed 
2025-07-09 11:45:28 [WARN]: Access token missing or malformed 
2025-07-09 11:45:28 [WARN]: Access token missing or malformed 
2025-07-09 11:45:28 [WARN]: Access token missing or malformed 
2025-07-09 11:45:28 [WARN]: Access token missing or malformed 
2025-07-09 11:45:28 [WARN]: Access token missing or malformed 
2025-07-09 11:45:28 [WARN]: Access token missing or malformed 
2025-07-09 11:45:28 [WARN]: Access token missing or malformed 
2025-07-09 11:45:28 [WARN]: Access token missing or malformed 
2025-07-09 11:45:28 [WARN]: Access token missing or malformed 
2025-07-09 11:45:28 [WARN]: Access token missing or malformed 
2025-07-09 11:45:28 [WARN]: Access token missing or malformed 
2025-07-09 11:45:28 [WARN]: Access token missing or malformed 
2025-07-09 11:45:28 [WARN]: Access token missing or malformed 
2025-07-09 11:45:28 [WARN]: Access token missing or malformed 
2025-07-09 11:45:28 [WARN]: Access token missing or malformed 
2025-07-09 11:45:28 [WARN]: Access token missing or malformed 
2025-07-09 11:45:28 [WARN]: Access token missing or malformed 
2025-07-09 11:45:28 [WARN]: Access token missing or malformed 
2025-07-09 11:45:28 [WARN]: Access token missing or malformed 
2025-07-09 11:45:28 [WARN]: Access token missing or malformed 
2025-07-09 11:45:28 [WARN]: Access token missing or malformed 
2025-07-09 11:45:28 [WARN]: Access token missing or malformed 
2025-07-09 11:45:28 [WARN]: Access token missing or malformed 
2025-07-09 11:45:28 [WARN]: Access token missing or malformed 
2025-07-09 11:45:28 [WARN]: Access token missing or malformed 
2025-07-09 11:45:28 [WARN]: Access token missing or malformed 
2025-07-09 11:45:28 [WARN]: Access token missing or malformed 
2025-07-09 11:45:28 [WARN]: Access token missing or malformed 
2025-07-09 11:45:28 [WARN]: Access token missing or malformed 
2025-07-09 11:45:28 [WARN]: Access token missing or malformed 
2025-07-09 11:45:28 [WARN]: Access token missing or malformed 
2025-07-09 11:45:28 [WARN]: Access token missing or malformed 
2025-07-09 11:45:28 [WARN]: Access token missing or malformed 
2025-07-09 11:45:28 [WARN]: Access token missing or malformed 
2025-07-09 11:45:28 [WARN]: Access token missing or malformed 
2025-07-09 11:45:28 [WARN]: Access token missing or malformed 
2025-07-09 11:45:28 [WARN]: Access token missing or malformed 
2025-07-09 11:45:28 [WARN]: Access token missing or malformed 
2025-07-09 11:45:28 [WARN]: Access token missing or malformed 
2025-07-09 11:45:28 [WARN]: Access token missing or malformed 
2025-07-09 11:45:28 [WARN]: Access token missing or malformed 
2025-07-09 11:45:28 [WARN]: Access token missing or malformed 
2025-07-09 11:45:28 [WARN]: Access token missing or malformed 
2025-07-09 11:45:28 [WARN]: Access token missing or malformed 
2025-07-09 11:45:28 [WARN]: Access token missing or malformed 
2025-07-09 11:45:28 [WARN]: Access token missing or malformed 
2025-07-09 11:45:28 [WARN]: Access token missing or malformed 
2025-07-09 11:45:28 [WARN]: Access token missing or malformed 
2025-07-09 11:45:28 [WARN]: Access token missing or malformed 
2025-07-09 11:45:28 [WARN]: Access token missing or malformed 
2025-07-09 11:45:28 [WARN]: Access token missing or malformed 
2025-07-09 11:45:28 [WARN]: Access token missing or malformed 
2025-07-09 11:45:28 [WARN]: Access token missing or malformed 
2025-07-09 11:45:28 [WARN]: Access token missing or malformed 
2025-07-09 11:45:28 [WARN]: Access token missing or malformed 
2025-07-09 11:45:28 [WARN]: Access token missing or malformed 
2025-07-09 11:45:28 [WARN]: Access token missing or malformed 
2025-07-09 11:45:28 [WARN]: Access token missing or malformed 
2025-07-09 11:45:28 [WARN]: Access token missing or malformed 
2025-07-09 11:45:28 [WARN]: Access token missing or malformed 
2025-07-09 11:45:29 [WARN]: Access token missing or malformed 
2025-07-09 11:45:29 [WARN]: Access token missing or malformed 
2025-07-09 11:45:29 [WARN]: Access token missing or malformed 
2025-07-09 11:45:29 [WARN]: Access token missing or malformed 
2025-07-09 11:45:29 [WARN]: Access token missing or malformed 
2025-07-09 11:45:29 [WARN]: Access token missing or malformed 
2025-07-09 11:45:29 [WARN]: Access token missing or malformed 
2025-07-09 11:45:29 [WARN]: Access token missing or malformed 
2025-07-09 11:45:29 [WARN]: Access token missing or malformed 
2025-07-09 11:45:29 [WARN]: Access token missing or malformed 
2025-07-09 11:45:29 [WARN]: Access token missing or malformed 
2025-07-09 11:45:29 [WARN]: Access token missing or malformed 
2025-07-09 11:45:29 [WARN]: Access token missing or malformed 
2025-07-09 11:45:29 [WARN]: Access token missing or malformed 
2025-07-09 11:45:29 [WARN]: Access token missing or malformed 
2025-07-09 11:45:29 [WARN]: Access token missing or malformed 
2025-07-09 11:45:29 [WARN]: Access token missing or malformed 
2025-07-09 11:45:29 [WARN]: Access token missing or malformed 
2025-07-09 11:45:29 [WARN]: Access token missing or malformed 
2025-07-09 11:45:29 [WARN]: Access token missing or malformed 
2025-07-09 11:45:29 [WARN]: Access token missing or malformed 
2025-07-09 11:45:29 [WARN]: Access token missing or malformed 
2025-07-09 11:45:29 [WARN]: Access token missing or malformed 
2025-07-09 11:45:29 [WARN]: Access token missing or malformed 
2025-07-09 11:45:29 [WARN]: Access token missing or malformed 
2025-07-09 11:45:29 [WARN]: Access token missing or malformed 
2025-07-09 11:45:29 [WARN]: Access token missing or malformed 
2025-07-09 11:45:29 [WARN]: Access token missing or malformed 
2025-07-09 11:45:29 [WARN]: Access token missing or malformed 
2025-07-09 11:45:29 [WARN]: Access token missing or malformed 
2025-07-09 11:45:29 [WARN]: Access token missing or malformed 
2025-07-09 11:45:29 [WARN]: Access token missing or malformed 
2025-07-09 11:45:29 [WARN]: Access token missing or malformed 
2025-07-09 11:45:29 [WARN]: Access token missing or malformed 
2025-07-09 11:45:29 [WARN]: Access token missing or malformed 
2025-07-09 11:45:29 [WARN]: Access token missing or malformed 
2025-07-09 11:45:29 [WARN]: Access token missing or malformed 
2025-07-09 11:45:29 [WARN]: Access token missing or malformed 
2025-07-09 11:45:29 [WARN]: Access token missing or malformed 
2025-07-09 11:45:29 [WARN]: Access token missing or malformed 
2025-07-09 11:45:29 [WARN]: Access token missing or malformed 
2025-07-09 11:45:29 [WARN]: Access token missing or malformed 
2025-07-09 11:45:29 [WARN]: Access token missing or malformed 
2025-07-09 11:45:29 [WARN]: Access token missing or malformed 
2025-07-09 11:45:29 [WARN]: Access token missing or malformed 
2025-07-09 11:45:29 [WARN]: Access token missing or malformed 
2025-07-09 11:45:29 [WARN]: Access token missing or malformed 
2025-07-09 11:45:29 [WARN]: Access token missing or malformed 
2025-07-09 11:45:29 [WARN]: Access token missing or malformed 
2025-07-09 11:45:29 [WARN]: Access token missing or malformed 
2025-07-09 11:45:29 [WARN]: Access token missing or malformed 
2025-07-09 11:45:29 [WARN]: Access token missing or malformed 
2025-07-09 11:45:29 [WARN]: Access token missing or malformed 
2025-07-09 11:45:29 [WARN]: Access token missing or malformed 
2025-07-09 11:45:29 [WARN]: Access token missing or malformed 
2025-07-09 11:45:29 [WARN]: Access token missing or malformed 
2025-07-09 11:45:29 [WARN]: Access token missing or malformed 
2025-07-09 11:45:29 [WARN]: Access token missing or malformed 
2025-07-09 11:45:29 [WARN]: Access token missing or malformed 
2025-07-09 11:45:29 [WARN]: Access token missing or malformed 
2025-07-09 11:45:29 [WARN]: Access token missing or malformed 
2025-07-09 11:45:29 [WARN]: Access token missing or malformed 
2025-07-09 11:45:29 [WARN]: Access token missing or malformed 
2025-07-09 11:45:29 [WARN]: Access token missing or malformed 
2025-07-09 11:45:29 [WARN]: Access token missing or malformed 
2025-07-09 11:45:29 [WARN]: Access token missing or malformed 
2025-07-09 11:45:29 [WARN]: Access token missing or malformed 
2025-07-09 11:45:29 [WARN]: Access token missing or malformed 
2025-07-09 11:45:29 [WARN]: Access token missing or malformed 
2025-07-09 11:45:29 [WARN]: Access token missing or malformed 
2025-07-09 11:45:29 [WARN]: Access token missing or malformed 
2025-07-09 11:45:29 [WARN]: Access token missing or malformed 
2025-07-09 11:45:29 [WARN]: Access token missing or malformed 
2025-07-09 11:45:29 [WARN]: Access token missing or malformed 
2025-07-09 11:45:29 [WARN]: Access token missing or malformed 
2025-07-09 11:45:29 [WARN]: Access token missing or malformed 
2025-07-09 11:45:29 [WARN]: Access token missing or malformed 
2025-07-09 11:45:29 [WARN]: Access token missing or malformed 
2025-07-09 11:45:29 [WARN]: Access token missing or malformed 
2025-07-09 11:45:29 [WARN]: Access token missing or malformed 
2025-07-09 11:45:29 [WARN]: Access token missing or malformed 
2025-07-09 11:45:29 [WARN]: Access token missing or malformed 
2025-07-09 11:45:29 [WARN]: Access token missing or malformed 
2025-07-09 11:45:29 [WARN]: Access token missing or malformed 
2025-07-09 11:45:29 [WARN]: Access token missing or malformed 
2025-07-09 11:45:29 [WARN]: Access token missing or malformed 
2025-07-09 11:45:29 [WARN]: Access token missing or malformed 
2025-07-09 11:45:29 [WARN]: Access token missing or malformed 
2025-07-09 11:45:29 [WARN]: Access token missing or malformed 
2025-07-09 11:45:29 [WARN]: Access token missing or malformed 
2025-07-09 11:45:29 [WARN]: Access token missing or malformed 
2025-07-09 11:45:29 [WARN]: Access token missing or malformed 
2025-07-09 11:45:29 [WARN]: Access token missing or malformed 
2025-07-09 11:45:29 [WARN]: Access token missing or malformed 
2025-07-09 11:45:29 [WARN]: Access token missing or malformed 
2025-07-09 11:45:29 [WARN]: Access token missing or malformed 
2025-07-09 11:45:29 [WARN]: Access token missing or malformed 
2025-07-09 11:45:29 [WARN]: Access token missing or malformed 
2025-07-09 11:45:29 [WARN]: Access token missing or malformed 
2025-07-09 11:45:29 [WARN]: Access token missing or malformed 
2025-07-09 11:45:29 [WARN]: Access token missing or malformed 
2025-07-09 11:45:29 [WARN]: Access token missing or malformed 
2025-07-09 11:45:29 [WARN]: Access token missing or malformed 
2025-07-09 11:45:29 [WARN]: Access token missing or malformed 
2025-07-09 11:45:29 [WARN]: Access token missing or malformed 
2025-07-09 11:45:29 [WARN]: Access token missing or malformed 
2025-07-09 11:45:29 [WARN]: Access token missing or malformed 
2025-07-09 11:45:29 [WARN]: Access token missing or malformed 
2025-07-09 11:45:29 [WARN]: Access token missing or malformed 
2025-07-09 11:45:29 [WARN]: Access token missing or malformed 
2025-07-09 11:45:29 [WARN]: Access token missing or malformed 
2025-07-09 11:45:29 [WARN]: Access token missing or malformed 
2025-07-09 11:45:29 [WARN]: Access token missing or malformed 
2025-07-09 11:45:29 [WARN]: Access token missing or malformed 
2025-07-09 11:45:29 [WARN]: Access token missing or malformed 
2025-07-09 11:45:29 [WARN]: Access token missing or malformed 
2025-07-09 11:45:29 [WARN]: Access token missing or malformed 
2025-07-09 11:45:29 [WARN]: Access token missing or malformed 
2025-07-09 11:45:29 [WARN]: Access token missing or malformed 
2025-07-09 11:45:29 [WARN]: Access token missing or malformed 
2025-07-09 11:45:29 [WARN]: Access token missing or malformed 
2025-07-09 11:45:29 [WARN]: Access token missing or malformed 
2025-07-09 11:45:29 [WARN]: Access token missing or malformed 
2025-07-09 11:45:29 [WARN]: Access token missing or malformed 
2025-07-09 11:45:29 [WARN]: Access token missing or malformed 
2025-07-09 11:45:29 [WARN]: Access token missing or malformed 
2025-07-09 11:45:29 [WARN]: Access token missing or malformed 
2025-07-09 11:45:29 [WARN]: Access token missing or malformed 
2025-07-09 11:45:29 [WARN]: Access token missing or malformed 
2025-07-09 11:45:29 [WARN]: Access token missing or malformed 
2025-07-09 11:45:29 [WARN]: Access token missing or malformed 
2025-07-09 11:45:29 [WARN]: Access token missing or malformed 
2025-07-09 11:45:29 [WARN]: Access token missing or malformed 
2025-07-09 11:45:29 [WARN]: Access token missing or malformed 
2025-07-09 11:45:29 [WARN]: Access token missing or malformed 
2025-07-09 11:45:29 [WARN]: Access token missing or malformed 
2025-07-09 11:45:29 [WARN]: Access token missing or malformed 
2025-07-09 11:45:29 [WARN]: Access token missing or malformed 
2025-07-09 11:45:29 [WARN]: Access token missing or malformed 
2025-07-09 11:45:29 [WARN]: Access token missing or malformed 
2025-07-09 11:45:29 [WARN]: Access token missing or malformed 
2025-07-09 11:45:29 [WARN]: Access token missing or malformed 
2025-07-09 11:45:29 [WARN]: Access token missing or malformed 
2025-07-09 11:45:29 [WARN]: Access token missing or malformed 
2025-07-09 11:45:29 [WARN]: Access token missing or malformed 
2025-07-09 11:45:29 [WARN]: Access token missing or malformed 
2025-07-09 11:45:29 [WARN]: Access token missing or malformed 
2025-07-09 11:45:29 [WARN]: Access token missing or malformed 
2025-07-09 11:45:29 [WARN]: Access token missing or malformed 
2025-07-09 11:45:29 [WARN]: Access token missing or malformed 
2025-07-09 11:45:29 [WARN]: Access token missing or malformed 
2025-07-09 11:45:29 [WARN]: Access token missing or malformed 
2025-07-09 11:45:29 [WARN]: Access token missing or malformed 
2025-07-09 11:45:29 [WARN]: Access token missing or malformed 
2025-07-09 11:45:29 [WARN]: Access token missing or malformed 
2025-07-09 11:45:29 [WARN]: Access token missing or malformed 
2025-07-09 11:45:29 [WARN]: Access token missing or malformed 
2025-07-09 11:45:29 [WARN]: Access token missing or malformed 
2025-07-09 11:45:29 [WARN]: Access token missing or malformed 
2025-07-09 11:45:29 [WARN]: Access token missing or malformed 
2025-07-09 11:45:29 [WARN]: Access token missing or malformed 
2025-07-09 11:45:29 [WARN]: Access token missing or malformed 
2025-07-09 11:45:29 [WARN]: Access token missing or malformed 
2025-07-09 11:45:29 [WARN]: Access token missing or malformed 
2025-07-09 11:45:29 [WARN]: Access token missing or malformed 
2025-07-09 11:45:29 [WARN]: Access token missing or malformed 
2025-07-09 11:45:29 [WARN]: Access token missing or malformed 
2025-07-09 11:45:29 [WARN]: Access token missing or malformed 
2025-07-09 11:45:29 [WARN]: Access token missing or malformed 
2025-07-09 11:45:29 [WARN]: Access token missing or malformed 
2025-07-09 11:45:29 [WARN]: Access token missing or malformed 
2025-07-09 11:45:29 [WARN]: Access token missing or malformed 
2025-07-09 11:45:29 [WARN]: Access token missing or malformed 
2025-07-09 11:45:29 [WARN]: Access token missing or malformed 
2025-07-09 11:45:29 [WARN]: Access token missing or malformed 
2025-07-09 11:45:29 [WARN]: Access token missing or malformed 
2025-07-09 11:45:29 [WARN]: Access token missing or malformed 
2025-07-09 11:45:29 [WARN]: Access token missing or malformed 
2025-07-09 11:45:29 [WARN]: Access token missing or malformed 
2025-07-09 11:45:29 [WARN]: Access token missing or malformed 
2025-07-09 11:45:29 [WARN]: Access token missing or malformed 
2025-07-09 11:45:29 [WARN]: Access token missing or malformed 
2025-07-09 11:45:29 [WARN]: Access token missing or malformed 
2025-07-09 11:45:29 [WARN]: Access token missing or malformed 
2025-07-09 11:45:29 [WARN]: Access token missing or malformed 
2025-07-09 11:45:29 [WARN]: Access token missing or malformed 
2025-07-09 11:45:29 [WARN]: Access token missing or malformed 
2025-07-09 11:45:29 [WARN]: Access token missing or malformed 
2025-07-09 11:45:29 [WARN]: Access token missing or malformed 
2025-07-09 11:45:29 [WARN]: Access token missing or malformed 
2025-07-09 11:45:29 [WARN]: Access token missing or malformed 
2025-07-09 11:45:29 [WARN]: Access token missing or malformed 
2025-07-09 11:45:29 [WARN]: Access token missing or malformed 
2025-07-09 11:45:29 [WARN]: Access token missing or malformed 
2025-07-09 11:45:29 [WARN]: Access token missing or malformed 
2025-07-09 11:45:29 [WARN]: Access token missing or malformed 
2025-07-09 11:45:29 [WARN]: Access token missing or malformed 
2025-07-09 11:45:29 [WARN]: Access token missing or malformed 
2025-07-09 11:45:29 [WARN]: Access token missing or malformed 
2025-07-09 11:45:29 [WARN]: Access token missing or malformed 
2025-07-09 11:45:29 [WARN]: Access token missing or malformed 
2025-07-09 11:45:29 [WARN]: Access token missing or malformed 
2025-07-09 11:45:29 [WARN]: Access token missing or malformed 
2025-07-09 11:45:29 [WARN]: Access token missing or malformed 
2025-07-09 11:45:29 [WARN]: Access token missing or malformed 
2025-07-09 11:45:29 [WARN]: Access token missing or malformed 
2025-07-09 11:45:29 [WARN]: Access token missing or malformed 
2025-07-09 11:45:29 [WARN]: Access token missing or malformed 
2025-07-09 11:45:29 [WARN]: Access token missing or malformed 
2025-07-09 11:45:29 [WARN]: Access token missing or malformed 
2025-07-09 11:45:29 [WARN]: Access token missing or malformed 
2025-07-09 11:45:29 [WARN]: Access token missing or malformed 
2025-07-09 11:45:29 [WARN]: Access token missing or malformed 
2025-07-09 11:45:29 [WARN]: Access token missing or malformed 
2025-07-09 11:45:29 [WARN]: Access token missing or malformed 
2025-07-09 11:45:29 [WARN]: Access token missing or malformed 
2025-07-09 11:45:29 [WARN]: Access token missing or malformed 
2025-07-09 11:45:29 [WARN]: Access token missing or malformed 
2025-07-09 11:45:29 [WARN]: Access token missing or malformed 
2025-07-09 11:45:29 [WARN]: Access token missing or malformed 
2025-07-09 11:45:29 [WARN]: Access token missing or malformed 
2025-07-09 11:45:29 [WARN]: Access token missing or malformed 
2025-07-09 11:45:29 [WARN]: Access token missing or malformed 
2025-07-09 11:45:29 [WARN]: Access token missing or malformed 
2025-07-09 11:45:29 [WARN]: Access token missing or malformed 
2025-07-09 11:45:29 [WARN]: Access token missing or malformed 
2025-07-09 11:45:29 [WARN]: Access token missing or malformed 
2025-07-09 11:45:29 [WARN]: Access token missing or malformed 
2025-07-09 11:45:29 [WARN]: Access token missing or malformed 
2025-07-09 11:45:29 [WARN]: Access token missing or malformed 
2025-07-09 11:45:29 [WARN]: Access token missing or malformed 
2025-07-09 11:45:29 [WARN]: Access token missing or malformed 
2025-07-09 11:45:29 [WARN]: Access token missing or malformed 
2025-07-09 11:45:29 [WARN]: Access token missing or malformed 
2025-07-09 11:45:29 [WARN]: Access token missing or malformed 
2025-07-09 11:45:29 [WARN]: Access token missing or malformed 
2025-07-09 11:45:29 [WARN]: Access token missing or malformed 
2025-07-09 11:45:29 [WARN]: Access token missing or malformed 
2025-07-09 11:45:29 [WARN]: Access token missing or malformed 
2025-07-09 11:45:29 [WARN]: Access token missing or malformed 
2025-07-09 11:45:29 [WARN]: Access token missing or malformed 
2025-07-09 11:45:29 [WARN]: Access token missing or malformed 
2025-07-09 11:45:29 [WARN]: Access token missing or malformed 
2025-07-09 11:45:29 [WARN]: Access token missing or malformed 
2025-07-09 11:45:29 [WARN]: Access token missing or malformed 
2025-07-09 11:45:29 [WARN]: Access token missing or malformed 
2025-07-09 11:45:29 [WARN]: Access token missing or malformed 
2025-07-09 11:45:29 [WARN]: Access token missing or malformed 
2025-07-09 11:45:29 [WARN]: Access token missing or malformed 
2025-07-09 11:45:29 [WARN]: Access token missing or malformed 
2025-07-09 11:45:29 [WARN]: Access token missing or malformed 
2025-07-09 11:45:30 [WARN]: Access token missing or malformed 
2025-07-09 11:45:30 [WARN]: Access token missing or malformed 
2025-07-09 11:45:30 [WARN]: Access token missing or malformed 
2025-07-09 11:45:30 [WARN]: Access token missing or malformed 
2025-07-09 11:45:30 [WARN]: Access token missing or malformed 
2025-07-09 11:45:30 [WARN]: Access token missing or malformed 
2025-07-09 11:45:30 [WARN]: Access token missing or malformed 
2025-07-09 11:45:30 [WARN]: Access token missing or malformed 
2025-07-09 11:45:30 [WARN]: Access token missing or malformed 
2025-07-09 11:45:30 [WARN]: Access token missing or malformed 
2025-07-09 11:45:30 [WARN]: Access token missing or malformed 
2025-07-09 11:45:30 [WARN]: Access token missing or malformed 
2025-07-09 11:45:30 [WARN]: Access token missing or malformed 
2025-07-09 11:45:30 [WARN]: Access token missing or malformed 
2025-07-09 11:45:30 [WARN]: Access token missing or malformed 
2025-07-09 11:45:30 [WARN]: Access token missing or malformed 
2025-07-09 11:45:30 [WARN]: Access token missing or malformed 
2025-07-09 11:45:30 [WARN]: Access token missing or malformed 
2025-07-09 11:45:30 [WARN]: Access token missing or malformed 
2025-07-09 11:45:30 [WARN]: Access token missing or malformed 
2025-07-09 11:45:30 [WARN]: Access token missing or malformed 
2025-07-09 11:45:30 [WARN]: Access token missing or malformed 
2025-07-09 11:45:30 [WARN]: Access token missing or malformed 
2025-07-09 11:45:30 [WARN]: Access token missing or malformed 
2025-07-09 11:45:30 [WARN]: Access token missing or malformed 
2025-07-09 11:45:30 [WARN]: Access token missing or malformed 
2025-07-09 11:45:30 [WARN]: Access token missing or malformed 
2025-07-09 11:45:30 [WARN]: Access token missing or malformed 
2025-07-09 11:45:30 [WARN]: Access token missing or malformed 
2025-07-09 11:45:30 [WARN]: Access token missing or malformed 
2025-07-09 11:45:30 [WARN]: Access token missing or malformed 
2025-07-09 11:45:30 [WARN]: Access token missing or malformed 
2025-07-09 11:45:30 [WARN]: Access token missing or malformed 
2025-07-09 11:45:30 [WARN]: Access token missing or malformed 
2025-07-09 11:45:30 [WARN]: Access token missing or malformed 
2025-07-09 11:45:30 [WARN]: Access token missing or malformed 
2025-07-09 11:45:30 [WARN]: Access token missing or malformed 
2025-07-09 11:45:30 [WARN]: Access token missing or malformed 
2025-07-09 11:45:30 [WARN]: Access token missing or malformed 
2025-07-09 11:45:39 [INFO]: Server is running at http://localhost:3000 
2025-07-09 11:45:39 [INFO]: Server is running on Port:3000 
2025-07-09 11:45:39 [INFO]: Successfully connected to MongoDB 
2025-07-09 11:46:14 [INFO]: User logged in successfully {"email":"test@gmail.com","role":"manager"}
2025-07-09 11:46:14 [INFO]: Account information retrieved {"email":"test@gmail.com"}
2025-07-09 11:46:17 [WARN]: Access token missing or malformed 
2025-07-09 11:46:25 [WARN]: Incorrect password during login {"email":"test@gmail.com"}
2025-07-09 11:55:43 [INFO]: Server is running at http://localhost:3000 
2025-07-09 11:55:43 [INFO]: Server is running on Port:3000 
2025-07-09 11:55:43 [INFO]: Successfully connected to MongoDB 
2025-07-09 11:56:39 [INFO]: Server is running at http://localhost:3000 
2025-07-09 11:56:39 [INFO]: Server is running on Port:3000 
2025-07-09 11:56:39 [INFO]: Successfully connected to MongoDB 
2025-07-09 11:57:10 [INFO]: Server is running at http://localhost:3000 
2025-07-09 11:57:10 [INFO]: Server is running on Port:3000 
2025-07-09 11:57:10 [INFO]: Successfully connected to MongoDB 
2025-07-09 11:58:51 [INFO]: Server is running at http://localhost:3000 
2025-07-09 11:58:51 [INFO]: Server is running on Port:3000 
2025-07-09 11:58:51 [INFO]: Successfully connected to MongoDB 
2025-07-09 11:59:56 [WARN]: User not found for Google login {"email":"huynhdang23.77@gmail.com"}
2025-07-09 12:03:28 [INFO]: Google ID updated for user {"email":"huynhdang23.77@gmail.com","googleId":"110065337964369482269"}
2025-07-09 12:03:28 [INFO]: Google login successful {"email":"huynhdang23.77@gmail.com","role":"manager"}
2025-07-09 12:06:11 [INFO]: Google login successful {"email":"huynhdang23.77@gmail.com","role":"manager"}
2025-07-09 12:06:11 [INFO]: Account information retrieved {"email":"huynhdang23.77@gmail.com"}
2025-07-09 12:06:17 [WARN]: Access token missing or malformed 
2025-07-09 12:08:24 [INFO]: Google login successful {"email":"huynhdang23.77@gmail.com","role":"manager"}
2025-07-09 12:08:24 [INFO]: Account information retrieved {"email":"huynhdang23.77@gmail.com"}
2025-07-09 12:08:28 [WARN]: Access token missing or malformed 
2025-07-09 12:10:40 [INFO]: User logged in successfully {"email":"huynhdang23.77@gmail.com","role":"manager"}
2025-07-09 12:10:41 [INFO]: Account information retrieved {"email":"huynhdang23.77@gmail.com"}
2025-07-09 12:10:44 [WARN]: Access token missing or malformed 
2025-07-09 12:11:13 [INFO]: Google login successful {"email":"huynhdang23.77@gmail.com","role":"manager"}
2025-07-09 12:11:13 [INFO]: Account information retrieved {"email":"huynhdang23.77@gmail.com"}
2025-07-09 12:11:16 [INFO]: User logged out successfully {"email":"huynhdang23.77@gmail.com"}
2025-07-09 12:11:33 [WARN]: User not found for Google login {"email":"eshop.service.electronics@gmail.com"}
2025-07-09 12:18:25 [INFO]: Google login successful {"email":"huynhdang23.77@gmail.com","role":"manager"}
2025-07-09 12:18:25 [INFO]: Account information retrieved {"email":"huynhdang23.77@gmail.com"}
2025-07-09 12:19:03 [INFO]: User logged out successfully {"email":"huynhdang23.77@gmail.com"}
