2025-07-12 00:34:09 [INFO]: Server is running at http://localhost:3000 
2025-07-12 00:34:09 [INFO]: Server is running on Port:3000 
2025-07-12 00:34:09 [INFO]: Successfully connected to MongoDB 
2025-07-12 00:36:29 [INFO]: Server is running at http://localhost:3000 
2025-07-12 00:36:29 [INFO]: Server is running on Port:3000 
2025-07-12 00:36:29 [INFO]: Successfully connected to MongoDB 
2025-07-12 00:44:05 [INFO]: Server is running at http://localhost:3000 
2025-07-12 00:44:05 [INFO]: Server is running on Port:3000 
2025-07-12 00:44:05 [INFO]: Successfully connected to MongoDB 
2025-07-12 00:44:37 [INFO]: Password reset email sent to huynhdang23.77@gmail.com: <3149d82b-6131-7433-f476-362bf9ba33cd@gmail.com> 
2025-07-12 00:44:54 [INFO]: Password reset email sent to huynhdang23.77@gmail.com: <a53cc783-1cd5-a3fc-98c6-f9b34842c4fa@gmail.com> 
2025-07-12 00:46:17 [INFO]: Password reset email sent to huynhdang23.77@gmail.com: <fab0578c-4cd4-9bd3-0834-21b2aef82eca@gmail.com> 
2025-07-12 00:46:56 [INFO]: Server is running at http://localhost:3000 
2025-07-12 00:46:56 [INFO]: Server is running on Port:3000 
2025-07-12 00:46:56 [INFO]: Successfully connected to MongoDB 
2025-07-12 00:54:09 [INFO]: Server is running at http://localhost:3000 
2025-07-12 00:54:09 [INFO]: Server is running on Port:3000 
2025-07-12 00:54:09 [INFO]: Successfully connected to MongoDB 
2025-07-12 00:56:30 [INFO]: Server is running at http://localhost:3000 
2025-07-12 00:56:30 [INFO]: Server is running on Port:3000 
2025-07-12 00:56:30 [INFO]: Successfully connected to MongoDB 
2025-07-12 00:56:54 [INFO]: Server is running at http://localhost:3000 
2025-07-12 00:56:54 [INFO]: Server is running on Port:3000 
2025-07-12 00:56:54 [INFO]: Successfully connected to MongoDB 
2025-07-12 01:01:08 [INFO]: Server is running at http://localhost:3000 
2025-07-12 01:01:09 [INFO]: Server is running on Port:3000 
2025-07-12 01:01:09 [INFO]: Successfully connected to MongoDB 
2025-07-12 01:01:22 [INFO]: Server is running at http://localhost:3000 
2025-07-12 01:01:22 [INFO]: Server is running on Port:3000 
2025-07-12 01:01:22 [INFO]: Successfully connected to MongoDB 
2025-07-12 01:01:33 [INFO]: Server is running at http://localhost:3000 
2025-07-12 01:01:33 [INFO]: Server is running on Port:3000 
2025-07-12 01:01:33 [INFO]: Successfully connected to MongoDB 
2025-07-12 01:03:30 [INFO]: Password reset email sent to huynhdang23.77@gmail.com: <e08732f3-803f-b74d-2d79-b2b85d89cb62@gmail.com> 
2025-07-12 01:06:19 [INFO]: Server is running at http://localhost:3000 
2025-07-12 01:06:19 [INFO]: Server is running on Port:3000 
2025-07-12 01:06:19 [INFO]: Successfully connected to MongoDB 
2025-07-12 01:10:35 [INFO]: Server is running at http://localhost:3000 
2025-07-12 01:10:35 [INFO]: Server is running on Port:3000 
2025-07-12 01:10:35 [INFO]: Successfully connected to MongoDB 
2025-07-12 01:11:00 [ERROR]: Error verifying JWT {"error":"jwt expired","stack":"TokenExpiredError: jwt expired\n    at F:\\nam4-ky3-thuctap\\web\\Backend\\node_modules\\jsonwebtoken\\verify.js:190:21\n    at getSecret (F:\\nam4-ky3-thuctap\\web\\Backend\\node_modules\\jsonwebtoken\\verify.js:97:14)\n    at Object.verify (F:\\nam4-ky3-thuctap\\web\\Backend\\node_modules\\jsonwebtoken\\verify.js:101:10)\n    at verifyToken (F:\\nam4-ky3-thuctap\\web\\Backend\\controllers\\/authMiddleware.js:21:16)\n    at userMiddlewareAPI (F:\\nam4-ky3-thuctap\\web\\Backend\\controllers\\/authMiddleware.js:40:19)\n    at Layer.handleRequest (F:\\nam4-ky3-thuctap\\web\\Backend\\node_modules\\router\\lib\\layer.js:152:17)\n    at next (F:\\nam4-ky3-thuctap\\web\\Backend\\node_modules\\router\\lib\\route.js:157:13)\n    at Route.dispatch (F:\\nam4-ky3-thuctap\\web\\Backend\\node_modules\\router\\lib\\route.js:117:3)\n    at handle (F:\\nam4-ky3-thuctap\\web\\Backend\\node_modules\\router\\index.js:435:11)\n    at Layer.handleRequest (F:\\nam4-ky3-thuctap\\web\\Backend\\node_modules\\router\\lib\\layer.js:152:17)\n    at F:\\nam4-ky3-thuctap\\web\\Backend\\node_modules\\router\\index.js:295:15\n    at processParams (F:\\nam4-ky3-thuctap\\web\\Backend\\node_modules\\router\\index.js:582:12)\n    at next (F:\\nam4-ky3-thuctap\\web\\Backend\\node_modules\\router\\index.js:291:5)\n    at Function.handle (F:\\nam4-ky3-thuctap\\web\\Backend\\node_modules\\router\\index.js:186:3)\n    at router (F:\\nam4-ky3-thuctap\\web\\Backend\\node_modules\\router\\index.js:60:12)\n    at Layer.handleRequest (F:\\nam4-ky3-thuctap\\web\\Backend\\node_modules\\router\\lib\\layer.js:152:17)\n    at trimPrefix (F:\\nam4-ky3-thuctap\\web\\Backend\\node_modules\\router\\index.js:342:13)\n    at F:\\nam4-ky3-thuctap\\web\\Backend\\node_modules\\router\\index.js:297:9\n    at processParams (F:\\nam4-ky3-thuctap\\web\\Backend\\node_modules\\router\\index.js:582:12)\n    at next (F:\\nam4-ky3-thuctap\\web\\Backend\\node_modules\\router\\index.js:291:5)\n    at cookieParser (F:\\nam4-ky3-thuctap\\web\\Backend\\node_modules\\cookie-parser\\index.js:71:5)\n    at Layer.handleRequest (F:\\nam4-ky3-thuctap\\web\\Backend\\node_modules\\router\\lib\\layer.js:152:17)\n    at trimPrefix (F:\\nam4-ky3-thuctap\\web\\Backend\\node_modules\\router\\index.js:342:13)\n    at F:\\nam4-ky3-thuctap\\web\\Backend\\node_modules\\router\\index.js:297:9\n    at processParams (F:\\nam4-ky3-thuctap\\web\\Backend\\node_modules\\router\\index.js:582:12)\n    at next (F:\\nam4-ky3-thuctap\\web\\Backend\\node_modules\\router\\index.js:291:5)\n    at cors (F:\\nam4-ky3-thuctap\\web\\Backend\\node_modules\\cors\\lib\\index.js:188:7)\n    at F:\\nam4-ky3-thuctap\\web\\Backend\\node_modules\\cors\\lib\\index.js:224:17\n    at originCallback (F:\\nam4-ky3-thuctap\\web\\Backend\\node_modules\\cors\\lib\\index.js:214:15)\n    at F:\\nam4-ky3-thuctap\\web\\Backend\\node_modules\\cors\\lib\\index.js:219:13\n    at optionsCallback (F:\\nam4-ky3-thuctap\\web\\Backend\\node_modules\\cors\\lib\\index.js:199:9)\n    at corsMiddleware (F:\\nam4-ky3-thuctap\\web\\Backend\\node_modules\\cors\\lib\\index.js:204:7)\n    at Layer.handleRequest (F:\\nam4-ky3-thuctap\\web\\Backend\\node_modules\\router\\lib\\layer.js:152:17)\n    at trimPrefix (F:\\nam4-ky3-thuctap\\web\\Backend\\node_modules\\router\\index.js:342:13)\n    at F:\\nam4-ky3-thuctap\\web\\Backend\\node_modules\\router\\index.js:297:9\n    at processParams (F:\\nam4-ky3-thuctap\\web\\Backend\\node_modules\\router\\index.js:582:12)\n    at next (F:\\nam4-ky3-thuctap\\web\\Backend\\node_modules\\router\\index.js:291:5)\n    at SendStream.error (F:\\nam4-ky3-thuctap\\web\\Backend\\node_modules\\serve-static\\index.js:120:7)\n    at SendStream.emit (node:events:519:28)\n    at SendStream.emit (node:domain:488:12)\n    at SendStream.error (F:\\nam4-ky3-thuctap\\web\\Backend\\node_modules\\send\\index.js:168:17)\n    at SendStream.onStatError (F:\\nam4-ky3-thuctap\\web\\Backend\\node_modules\\send\\index.js:315:12)\n    at next (F:\\nam4-ky3-thuctap\\web\\Backend\\node_modules\\send\\index.js:621:16)\n    at onstat (F:\\nam4-ky3-thuctap\\web\\Backend\\node_modules\\send\\index.js:609:14)\n    at FSReqCallback.oncomplete (node:fs:197:21)"}
2025-07-12 01:11:00 [WARN]: Invalid or expired access token 
2025-07-12 01:11:25 [INFO]: Password reset email sent to huynhdang23.77@gmail.com: <34652033-52c4-50cb-c8fd-a7a06ff99a99@gmail.com> 
2025-07-12 01:14:20 [INFO]: Google login successful {"email":"huynhdang23.77@gmail.com","role":"manager"}
2025-07-12 01:14:20 [INFO]: Account information retrieved {"email":"huynhdang23.77@gmail.com"}
2025-07-12 01:14:23 [INFO]: User logged out successfully {"email":"huynhdang23.77@gmail.com"}
2025-07-12 01:14:40 [INFO]: Server is running at http://localhost:3000 
2025-07-12 01:14:40 [INFO]: Server is running on Port:3000 
2025-07-12 01:14:40 [INFO]: Successfully connected to MongoDB 
2025-07-12 01:15:57 [INFO]: User logged in successfully {"email":"huynhdang23.77@gmail.com","role":"manager"}
2025-07-12 01:15:57 [INFO]: Account information retrieved {"email":"huynhdang23.77@gmail.com"}
2025-07-12 01:16:00 [INFO]: User logged out successfully {"email":"huynhdang23.77@gmail.com"}
2025-07-12 01:16:14 [WARN]: Incorrect password during login {"email":"huynhdang23.77@gmail.com"}
2025-07-12 01:17:58 [ERROR]: Error verifying password reset token: Invalid password reset token! {"error":{}}
2025-07-12 01:17:58 [ERROR]: Error validating password reset token: Invalid password reset token! {"error":{}}
2025-07-12 01:17:58 [ERROR]: Error verifying password reset token: Invalid password reset token! {"error":{}}
2025-07-12 01:17:58 [ERROR]: Error validating password reset token: Invalid password reset token! {"error":{}}
2025-07-12 01:18:31 [ERROR]: Error verifying password reset token: Invalid password reset token! {"error":{}}
2025-07-12 01:18:31 [ERROR]: Error validating password reset token: Invalid password reset token! {"error":{}}
2025-07-12 01:18:31 [ERROR]: Error verifying password reset token: Invalid password reset token! {"error":{}}
2025-07-12 01:18:31 [ERROR]: Error validating password reset token: Invalid password reset token! {"error":{}}
2025-07-12 01:18:36 [ERROR]: Error verifying password reset token: Invalid password reset token! {"error":{}}
2025-07-12 01:18:36 [ERROR]: Error validating password reset token: Invalid password reset token! {"error":{}}
2025-07-12 01:18:36 [ERROR]: Error verifying password reset token: Invalid password reset token! {"error":{}}
2025-07-12 01:18:36 [ERROR]: Error validating password reset token: Invalid password reset token! {"error":{}}
2025-07-12 01:18:36 [ERROR]: Error verifying password reset token: Invalid password reset token! {"error":{}}
2025-07-12 01:18:36 [ERROR]: Error validating password reset token: Invalid password reset token! {"error":{}}
2025-07-12 01:18:36 [ERROR]: Error verifying password reset token: Invalid password reset token! {"error":{}}
2025-07-12 01:18:36 [ERROR]: Error validating password reset token: Invalid password reset token! {"error":{}}
2025-07-12 01:19:50 [INFO]: Server is running at http://localhost:3000 
2025-07-12 01:19:50 [INFO]: Server is running on Port:3000 
2025-07-12 01:19:50 [INFO]: Successfully connected to MongoDB 
2025-07-12 01:21:48 [ERROR]: Error verifying password reset token: Invalid password reset token! {"error":{}}
2025-07-12 01:21:48 [ERROR]: Error validating password reset token: Invalid password reset token! {"error":{}}
2025-07-12 01:22:02 [ERROR]: Error verifying password reset token: Invalid password reset token! {"error":{}}
2025-07-12 01:22:02 [ERROR]: Error validating password reset token: Invalid password reset token! {"error":{}}
2025-07-12 01:22:02 [ERROR]: Error verifying password reset token: Invalid password reset token! {"error":{}}
2025-07-12 01:22:02 [ERROR]: Error validating password reset token: Invalid password reset token! {"error":{}}
2025-07-12 01:25:04 [ERROR]: Error verifying password reset token: Invalid password reset token! {"error":{}}
2025-07-12 01:25:04 [ERROR]: Error validating password reset token: Invalid password reset token! {"error":{}}
2025-07-12 01:25:04 [ERROR]: Error verifying password reset token: Invalid password reset token! {"error":{}}
2025-07-12 01:25:04 [ERROR]: Error validating password reset token: Invalid password reset token! {"error":{}}
2025-07-12 01:27:32 [ERROR]: Error verifying password reset token: Invalid password reset token! {"error":{}}
2025-07-12 01:27:32 [ERROR]: Error validating password reset token: Invalid password reset token! {"error":{}}
2025-07-12 01:27:32 [ERROR]: Error verifying password reset token: Invalid password reset token! {"error":{}}
2025-07-12 01:27:32 [ERROR]: Error validating password reset token: Invalid password reset token! {"error":{}}
2025-07-12 01:29:05 [ERROR]: Error verifying password reset token: Invalid password reset token! {"error":{}}
2025-07-12 01:29:05 [ERROR]: Error validating password reset token: Invalid password reset token! {"error":{}}
2025-07-12 01:29:05 [ERROR]: Error verifying password reset token: Invalid password reset token! {"error":{}}
2025-07-12 01:29:05 [ERROR]: Error validating password reset token: Invalid password reset token! {"error":{}}
2025-07-12 01:29:11 [ERROR]: Error verifying password reset token: Invalid password reset token! {"error":{}}
2025-07-12 01:29:11 [ERROR]: Error validating password reset token: Invalid password reset token! {"error":{}}
2025-07-12 01:29:11 [ERROR]: Error verifying password reset token: Invalid password reset token! {"error":{}}
2025-07-12 01:29:11 [ERROR]: Error validating password reset token: Invalid password reset token! {"error":{}}
2025-07-12 01:29:17 [ERROR]: Error verifying password reset token: Invalid password reset token! {"error":{}}
2025-07-12 01:29:17 [ERROR]: Error validating password reset token: Invalid password reset token! {"error":{}}
2025-07-12 01:29:17 [ERROR]: Error verifying password reset token: Invalid password reset token! {"error":{}}
2025-07-12 01:29:17 [ERROR]: Error validating password reset token: Invalid password reset token! {"error":{}}
2025-07-12 01:30:37 [ERROR]: Error verifying password reset token: Invalid password reset token! {"error":{}}
2025-07-12 01:30:37 [ERROR]: Error validating password reset token: Invalid password reset token! {"error":{}}
2025-07-12 01:30:37 [ERROR]: Error verifying password reset token: Invalid password reset token! {"error":{}}
2025-07-12 01:30:37 [ERROR]: Error validating password reset token: Invalid password reset token! {"error":{}}
2025-07-12 01:32:49 [ERROR]: Error verifying password reset token: Invalid password reset token! {"error":{}}
2025-07-12 01:32:49 [ERROR]: Error validating password reset token: Invalid password reset token! {"error":{}}
2025-07-12 01:32:49 [ERROR]: Error verifying password reset token: Invalid password reset token! {"error":{}}
2025-07-12 01:32:49 [ERROR]: Error validating password reset token: Invalid password reset token! {"error":{}}
2025-07-12 01:34:28 [ERROR]: Error verifying password reset token: Invalid password reset token! {"error":{}}
2025-07-12 01:34:28 [ERROR]: Error validating password reset token: Invalid password reset token! {"error":{}}
2025-07-12 01:34:28 [ERROR]: Error verifying password reset token: Invalid password reset token! {"error":{}}
2025-07-12 01:34:28 [ERROR]: Error validating password reset token: Invalid password reset token! {"error":{}}
2025-07-12 01:34:53 [INFO]: Password reset email sent to huynhdang23.77@gmail.com: <b3aa2449-e570-77eb-1563-cd49d43e853b@gmail.com> 
2025-07-12 01:35:07 [ERROR]: Error verifying password reset token: Invalid password reset token! {"error":{}}
2025-07-12 01:35:07 [ERROR]: Error validating password reset token: Invalid password reset token! {"error":{}}
2025-07-12 01:35:07 [ERROR]: Error verifying password reset token: Invalid password reset token! {"error":{}}
2025-07-12 01:35:07 [ERROR]: Error validating password reset token: Invalid password reset token! {"error":{}}
2025-07-12 01:44:45 [ERROR]: Error verifying password reset token: Invalid password reset token! {"error":{}}
2025-07-12 01:44:45 [ERROR]: Error validating password reset token: Invalid password reset token! {"error":{}}
2025-07-12 01:44:45 [ERROR]: Error verifying password reset token: Invalid password reset token! {"error":{}}
2025-07-12 01:44:45 [ERROR]: Error validating password reset token: Invalid password reset token! {"error":{}}
2025-07-12 01:47:31 [INFO]: Server is running at http://localhost:3000 
2025-07-12 01:47:31 [INFO]: Server is running on Port:3000 
2025-07-12 01:47:31 [INFO]: Successfully connected to MongoDB 
2025-07-12 01:48:14 [INFO]: Server is running at http://localhost:3000 
2025-07-12 01:48:14 [INFO]: Server is running on Port:3000 
2025-07-12 01:48:14 [INFO]: Successfully connected to MongoDB 
2025-07-12 22:46:08 [INFO]: Server is running at http://localhost:3000 
2025-07-12 22:46:08 [INFO]: Server is running on Port:3000 
2025-07-12 22:46:08 [INFO]: Successfully connected to MongoDB 
2025-07-12 22:48:45 [INFO]: Server is running at http://localhost:3000 
2025-07-12 22:48:45 [INFO]: Server is running on Port:3000 
2025-07-12 22:48:45 [INFO]: Successfully connected to MongoDB 
2025-07-12 22:49:19 [INFO]: Password reset email sent to huynhdang23.77@gmail.com: <38c167ae-335f-123b-ca8e-ac29bb82cd4e@gmail.com> 
2025-07-12 22:49:49 [INFO]: Password reset successfully for user: huynhdang23.77@gmail.com 
2025-07-12 22:50:18 [INFO]: User logged in successfully {"email":"huynhdang23.77@gmail.com","role":"manager"}
2025-07-12 22:50:18 [INFO]: Account information retrieved {"email":"huynhdang23.77@gmail.com"}
2025-07-12 22:50:20 [INFO]: User logged out successfully {"email":"huynhdang23.77@gmail.com"}
2025-07-12 22:51:48 [INFO]: Password reset email sent to huynhdang23.77@gmail.com: <bc6bb6dd-71b1-11c1-79fd-f367bc0f7c5e@gmail.com> 
2025-07-12 22:52:10 [INFO]: Password reset successfully for user: huynhdang23.77@gmail.com 
2025-07-12 22:52:53 [ERROR]: Error verifying password reset token: Invalid password reset token! {"error":{}}
2025-07-12 22:52:53 [ERROR]: Error validating password reset token: Invalid password reset token! {"error":{}}
2025-07-12 22:52:53 [ERROR]: Error verifying password reset token: Invalid password reset token! {"error":{}}
2025-07-12 22:52:53 [ERROR]: Error validating password reset token: Invalid password reset token! {"error":{}}
2025-07-12 22:54:34 [INFO]: Password reset email sent to huynhdang23.77@gmail.com: <6b434c40-d4da-8d22-afbe-402207a6b757@gmail.com> 
2025-07-12 22:55:02 [INFO]: Password reset successfully for user: huynhdang23.77@gmail.com 
2025-07-12 22:55:09 [ERROR]: Error verifying password reset token: Invalid password reset token! {"error":{}}
2025-07-12 22:55:09 [ERROR]: Error validating password reset token: Invalid password reset token! {"error":{}}
2025-07-12 22:55:09 [ERROR]: Error verifying password reset token: Invalid password reset token! {"error":{}}
2025-07-12 22:55:09 [ERROR]: Error validating password reset token: Invalid password reset token! {"error":{}}
2025-07-12 22:55:16 [ERROR]: Error verifying password reset token: Invalid password reset token! {"error":{}}
2025-07-12 22:55:16 [ERROR]: Error validating password reset token: Invalid password reset token! {"error":{}}
2025-07-12 22:55:16 [ERROR]: Error verifying password reset token: Invalid password reset token! {"error":{}}
2025-07-12 22:55:16 [ERROR]: Error validating password reset token: Invalid password reset token! {"error":{}}
2025-07-12 22:55:31 [INFO]: User logged in successfully {"email":"huynhdang23.77@gmail.com","role":"manager"}
2025-07-12 22:55:31 [INFO]: Account information retrieved {"email":"huynhdang23.77@gmail.com"}
2025-07-12 22:55:58 [INFO]: User logged out successfully {"email":"huynhdang23.77@gmail.com"}
2025-07-12 22:56:03 [INFO]: Google login successful {"email":"huynhdang23.77@gmail.com","role":"manager"}
2025-07-12 22:56:03 [INFO]: Account information retrieved {"email":"huynhdang23.77@gmail.com"}
