2025-08-20 14:48:54 [INFO]: Server is running at http://localhost:3000 
2025-08-20 14:48:54 [INFO]: Server is running on Port:3000 
2025-08-20 14:48:54 [INFO]: Successfully connected to MongoDB 
2025-08-20 14:56:04 [INFO]: Server is running at http://localhost:3000 
2025-08-20 14:56:04 [INFO]: Server is running on Port:3000 
2025-08-20 14:56:04 [INFO]: Successfully connected to MongoDB 
2025-08-20 14:56:35 [INFO]: Fetched 6 issuers 
2025-08-20 14:56:35 [INFO]: Fetched 6 issuers by anonymous user 
2025-08-20 14:56:35 [INFO]: Fetched 6 issuers 
2025-08-20 14:56:35 [INFO]: Fetched 6 issuers by anonymous user 
2025-08-20 14:56:43 [INFO]: Fetched 6 issuers 
2025-08-20 14:56:43 [INFO]: Fetched 6 issuers by anonymous user 
2025-08-20 14:56:43 [INFO]: Fetched 6 issuers 
2025-08-20 14:56:43 [INFO]: Fetched 6 issuers by anonymous user 
2025-08-20 14:56:55 [INFO]: User logged in successfully {"email":"test@gmail.com","role":"admin"}
2025-08-20 14:56:55 [INFO]: Token verified successfully {"exp":1756281415,"currentTime":1755676615}
2025-08-20 14:56:55 [INFO]: Access token refreshed {"email":"test@gmail.com"}
2025-08-20 14:56:55 [INFO]: Token verified successfully {"exp":1756281415,"currentTime":1755676615}
2025-08-20 14:56:55 [INFO]: Access token refreshed {"email":"test@gmail.com"}
2025-08-20 14:56:55 [INFO]: Token verified successfully {"exp":1755677515,"currentTime":1755676615}
2025-08-20 14:56:55 [INFO]: Token verified successfully {"exp":1755677515,"currentTime":1755676615}
2025-08-20 14:56:55 [INFO]: Account information retrieved {"email":"test@gmail.com"}
2025-08-20 14:56:55 [INFO]: Token verified successfully {"exp":1755677515,"currentTime":1755676615}
2025-08-20 14:56:55 [INFO]: Token verified successfully {"exp":1755677515,"currentTime":1755676615}
2025-08-20 14:56:55 [INFO]: Account information retrieved {"email":"test@gmail.com"}
2025-08-20 14:56:55 [INFO]: Fetched 6 issuers 
2025-08-20 14:56:55 [INFO]: Fetched 6 issuers by anonymous user 
2025-08-20 14:56:55 [INFO]: Fetched 6 issuers 
2025-08-20 14:56:55 [INFO]: Fetched 6 issuers by anonymous user 
2025-08-20 14:56:59 [INFO]: Token verified successfully {"exp":1755709064,"currentTime":1755676619}
2025-08-20 14:56:59 [INFO]: Access token refreshed {"email":"test@gmail.com"}
2025-08-20 14:56:59 [INFO]: Token verified successfully {"exp":1755709064,"currentTime":1755676619}
2025-08-20 14:56:59 [INFO]: Access token refreshed {"email":"test@gmail.com"}
2025-08-20 14:56:59 [INFO]: Token verified successfully {"exp":1755709064,"currentTime":1755676619}
2025-08-20 14:56:59 [INFO]: Access token refreshed {"email":"test@gmail.com"}
2025-08-20 14:56:59 [INFO]: Token verified successfully {"exp":1755677519,"currentTime":1755676619}
2025-08-20 14:56:59 [INFO]: Token verified successfully {"exp":1755677519,"currentTime":1755676619}
2025-08-20 14:56:59 [INFO]: Token verified successfully {"exp":1755709064,"currentTime":1755676619}
2025-08-20 14:56:59 [INFO]: Access token refreshed {"email":"test@gmail.com"}
2025-08-20 14:56:59 [INFO]: Account information retrieved {"email":"test@gmail.com"}
2025-08-20 14:56:59 [INFO]: Token verified successfully {"exp":1755677519,"currentTime":1755676619}
2025-08-20 14:56:59 [INFO]: Token verified successfully {"exp":1755677519,"currentTime":1755676619}
2025-08-20 14:56:59 [INFO]: Token verified successfully {"exp":1755709064,"currentTime":1755676619}
2025-08-20 14:56:59 [INFO]: Access token refreshed {"email":"test@gmail.com"}
2025-08-20 14:56:59 [INFO]: Account information retrieved {"email":"test@gmail.com"}
2025-08-20 14:56:59 [INFO]: Fetched 6 issuers 
2025-08-20 14:56:59 [INFO]: Fetched 6 issuers by anonymous user 
2025-08-20 14:56:59 [INFO]: Fetched 6 issuers 
2025-08-20 14:56:59 [INFO]: Fetched 6 issuers by anonymous user 
2025-08-20 14:56:59 [INFO]: Token verified successfully {"exp":1755677519,"currentTime":1755676619}
2025-08-20 14:56:59 [INFO]: Token verified successfully {"exp":1755677519,"currentTime":1755676619}
2025-08-20 14:56:59 [INFO]: Account information retrieved {"email":"test@gmail.com"}
2025-08-20 14:56:59 [INFO]: Fetched 6 issuers 
2025-08-20 14:56:59 [INFO]: Fetched 6 issuers by anonymous user 
2025-08-20 14:56:59 [INFO]: Fetched 6 issuers 
2025-08-20 14:56:59 [INFO]: Fetched 6 issuers by anonymous user 
2025-08-20 14:57:08 [INFO]: Fetched 1 approved degrees with filters {"query":{"status":"Approved","serialNumber":"THA20220810088"}}
2025-08-20 14:57:08 [INFO]: Approved degrees fetched successfully {"query":{"status":"Approved","serialNumber":"THA20220810088"},"count":1}
2025-08-20 14:57:10 [INFO]: Fetched approved degree with id: 68746381d58a830913741703 {"degree":{"_id":"68746381d58a830913741703","degreeTypeId":{"_id":"68746381d58a830913741703","title":"Chứng chỉ Tin học A","level":"Chứng chỉ","major":"Tin học cơ bản"},"recipientName":"Nguyen Van A","recipientDob":"1995-03-15T00:00:00.000Z","placeOfBirth":"Hanoi","level":"Chứng chỉ","issueDate":"2022-08-10T00:00:00.000Z","serialNumber":"THA20220810088","fileAttachment":"https://example.com/certificates/huy_tinhoc_a.pdf","cloudFile":null,"registryNumber":"A1234/2022/IT","placeOfIssue":"Hanoi","signer":"Tran Van B","issuerId":{"_id":"64b7f8a2c3e5f6d234567890","name":"Fake Organization"},"status":"Approved","createdAt":"2025-07-14T09:10:00.000Z","updatedAt":"2025-07-14T09:10:00.000Z","degreeTypeName":"Chứng chỉ Tin học A","major":"Tin học cơ bản","issuerName":"Fake Organization"}}
2025-08-20 14:57:10 [INFO]: Approved degree fetched successfully {"id":"68746381d58a830913741703"}
2025-08-20 14:57:22 [INFO]: Token verified successfully {"exp":1755709064,"currentTime":1755676642}
2025-08-20 14:57:22 [INFO]: Access token refreshed {"email":"test@gmail.com"}
2025-08-20 14:57:22 [INFO]: Token verified successfully {"exp":1755709064,"currentTime":1755676642}
2025-08-20 14:57:22 [INFO]: Access token refreshed {"email":"test@gmail.com"}
2025-08-20 14:57:22 [INFO]: Token verified successfully {"exp":1755677542,"currentTime":1755676642}
2025-08-20 14:57:22 [INFO]: Token verified successfully {"exp":1755677542,"currentTime":1755676642}
2025-08-20 14:57:22 [INFO]: Account information retrieved {"email":"test@gmail.com"}
2025-08-20 14:57:22 [INFO]: Token verified successfully {"exp":1755677542,"currentTime":1755676642}
2025-08-20 14:57:22 [INFO]: Token verified successfully {"exp":1755677542,"currentTime":1755676642}
2025-08-20 14:57:22 [INFO]: Account information retrieved {"email":"test@gmail.com"}
2025-08-20 14:57:22 [INFO]: Token verified successfully {"exp":1755709064,"currentTime":1755676642}
2025-08-20 14:57:22 [INFO]: Access token refreshed {"email":"test@gmail.com"}
2025-08-20 14:57:22 [INFO]: Fetched 6 issuers 
2025-08-20 14:57:22 [INFO]: Fetched 6 issuers by anonymous user 
2025-08-20 14:57:22 [INFO]: Fetched 6 issuers 
2025-08-20 14:57:22 [INFO]: Fetched 6 issuers by anonymous user 
2025-08-20 14:57:22 [INFO]: Token verified successfully {"exp":1755677542,"currentTime":1755676642}
2025-08-20 14:57:22 [INFO]: Token verified successfully {"exp":1755677542,"currentTime":1755676642}
2025-08-20 14:57:22 [INFO]: Account information retrieved {"email":"test@gmail.com"}
2025-08-20 14:57:22 [INFO]: Fetched 6 issuers 
2025-08-20 14:57:22 [INFO]: Fetched 6 issuers by anonymous user 
2025-08-20 14:57:22 [INFO]: Fetched 6 issuers 
2025-08-20 14:57:22 [INFO]: Fetched 6 issuers by anonymous user 
2025-08-20 14:57:25 [INFO]: Fetched degree with id: 68746381d58a830913741703 {"degree":{"_id":"68746381d58a830913741703","degreeTypeId":{"_id":"68746381d58a830913741703","title":"Chứng chỉ Tin học A","level":"Chứng chỉ","major":"Tin học cơ bản"},"recipientName":"Nguyen Van A","recipientDob":"1995-03-15T00:00:00.000Z","placeOfBirth":"Hanoi","level":"Chứng chỉ","issueDate":"2022-08-10T00:00:00.000Z","serialNumber":"THA20220810088","fileAttachment":"https://example.com/certificates/huy_tinhoc_a.pdf","cloudFile":null,"registryNumber":"A1234/2022/IT","placeOfIssue":"Hanoi","signer":"Tran Van B","issuerId":{"_id":"64b7f8a2c3e5f6d234567890","name":"Fake Organization"},"status":"Approved","createdAt":"2025-07-14T09:10:00.000Z","updatedAt":"2025-07-14T09:10:00.000Z","degreeTypeName":"Chứng chỉ Tin học A","major":"Tin học cơ bản","issuerName":"Fake Organization"}}
2025-08-20 14:57:25 [INFO]: Approved degree fetched successfully {"id":"68746381d58a830913741703"}
2025-08-20 14:57:31 [INFO]: Token verified successfully {"exp":1755677542,"currentTime":1755676651}
2025-08-20 14:57:31 [INFO]: Token verified successfully {"exp":1755677542,"currentTime":1755676651}
2025-08-20 14:57:31 [INFO]: Fetched 7 degree types for issuer 64b7f8a2c3e5f6d234567890 (page: 1, limit: 10, search: , level: , sort: desc) 
2025-08-20 14:57:31 [INFO]: Fetched degree types for issuer {"issuerId":"64b7f8a2c3e5f6d234567890","user":"test@gmail.com","search":"","sort":"desc"}
2025-08-20 14:57:31 [INFO]: Token verified successfully {"exp":1755677542,"currentTime":1755676651}
2025-08-20 14:57:31 [INFO]: Token verified successfully {"exp":1755677542,"currentTime":1755676651}
2025-08-20 14:57:31 [INFO]: Token verified successfully {"exp":1755677542,"currentTime":1755676651}
2025-08-20 14:57:31 [INFO]: Token verified successfully {"exp":1755677542,"currentTime":1755676651}
2025-08-20 14:57:31 [INFO]: Fetched 7 degree types for issuer 64b7f8a2c3e5f6d234567890 (page: 1, limit: 10, search: , level: , sort: desc) 
2025-08-20 14:57:31 [INFO]: Fetched degree types for issuer {"issuerId":"64b7f8a2c3e5f6d234567890","user":"test@gmail.com","search":"","sort":"desc"}
2025-08-20 14:57:31 [INFO]: Fetched 7 degree types for issuer 64b7f8a2c3e5f6d234567890 (page: 1, limit: 1000, search: , level: , sort: desc) 
2025-08-20 14:57:31 [INFO]: Fetched degree types for issuer {"issuerId":"64b7f8a2c3e5f6d234567890","user":"test@gmail.com","search":"","sort":"desc"}
2025-08-20 14:57:31 [INFO]: Token verified successfully {"exp":1755677542,"currentTime":1755676651}
2025-08-20 14:57:31 [INFO]: Token verified successfully {"exp":1755677542,"currentTime":1755676651}
2025-08-20 14:57:31 [INFO]: Fetched 7 degree types for issuer 64b7f8a2c3e5f6d234567890 (page: 1, limit: 1000, search: , level: , sort: desc) 
2025-08-20 14:57:31 [INFO]: Fetched degree types for issuer {"issuerId":"64b7f8a2c3e5f6d234567890","user":"test@gmail.com","search":"","sort":"desc"}
2025-08-20 14:57:32 [INFO]: Token verified successfully {"exp":1755677542,"currentTime":1755676652}
2025-08-20 14:57:32 [INFO]: Token verified successfully {"exp":1755677542,"currentTime":1755676652}
2025-08-20 14:57:32 [INFO]: Fetched 6 issuers 
2025-08-20 14:57:32 [INFO]: Fetched 6 issuers by user test@gmail.com 
2025-08-20 14:57:32 [INFO]: Token verified successfully {"exp":1755677542,"currentTime":1755676652}
2025-08-20 14:57:32 [INFO]: Token verified successfully {"exp":1755677542,"currentTime":1755676652}
2025-08-20 14:57:32 [INFO]: Fetched 6 issuers 
2025-08-20 14:57:32 [INFO]: Fetched 6 issuers by user test@gmail.com 
2025-08-20 14:57:33 [INFO]: Token verified successfully {"exp":1755677542,"currentTime":1755676653}
2025-08-20 14:57:33 [INFO]: Token verified successfully {"exp":1755677542,"currentTime":1755676653}
2025-08-20 14:57:33 [INFO]: Fetched 5 users (page: 1, limit: 10, search: , role: , sort: desc) 
2025-08-20 14:57:33 [INFO]: Fetched users for admin {"userId":"686c019b9ef3c3bad140eaba","user":"test@gmail.com","search":"","role":"","sort":"desc"}
2025-08-20 14:57:33 [INFO]: Token verified successfully {"exp":1755677542,"currentTime":1755676653}
2025-08-20 14:57:33 [INFO]: Token verified successfully {"exp":1755677542,"currentTime":1755676653}
2025-08-20 14:57:33 [INFO]: Token verified successfully {"exp":1755677542,"currentTime":1755676653}
2025-08-20 14:57:33 [INFO]: Token verified successfully {"exp":1755677542,"currentTime":1755676653}
2025-08-20 14:57:33 [INFO]: Fetched 5 users (page: 1, limit: 10, search: , role: , sort: desc) 
2025-08-20 14:57:33 [INFO]: Fetched users for admin {"userId":"686c019b9ef3c3bad140eaba","user":"test@gmail.com","search":"","role":"","sort":"desc"}
2025-08-20 14:57:33 [INFO]: Fetched 5 users (page: 1, limit: 1000, search: , role: , sort: desc) 
2025-08-20 14:57:33 [INFO]: Fetched users for admin {"userId":"686c019b9ef3c3bad140eaba","user":"test@gmail.com","search":"","role":"","sort":"desc"}
2025-08-20 14:57:33 [INFO]: Token verified successfully {"exp":1755677542,"currentTime":1755676653}
2025-08-20 14:57:33 [INFO]: Token verified successfully {"exp":1755677542,"currentTime":1755676653}
2025-08-20 14:57:33 [INFO]: Fetched 5 users (page: 1, limit: 1000, search: , role: , sort: desc) 
2025-08-20 14:57:33 [INFO]: Fetched users for admin {"userId":"686c019b9ef3c3bad140eaba","user":"test@gmail.com","search":"","role":"","sort":"desc"}
2025-08-20 14:57:35 [INFO]: Token verified successfully {"exp":1755677542,"currentTime":1755676655}
2025-08-20 14:57:35 [INFO]: Token verified successfully {"exp":1755677542,"currentTime":1755676655}
2025-08-20 14:57:35 [INFO]: Fetched 6 issuers (page: 1, limit: 10, search: , sort: desc) 
2025-08-20 14:57:35 [INFO]: Fetched issuers for admin {"userId":"686c019b9ef3c3bad140eaba","user":"test@gmail.com","search":"","sort":"desc","page":1,"limit":10}
2025-08-20 14:57:35 [INFO]: Token verified successfully {"exp":1755677542,"currentTime":1755676655}
2025-08-20 14:57:35 [INFO]: Token verified successfully {"exp":1755677542,"currentTime":1755676655}
2025-08-20 14:57:35 [INFO]: Fetched 6 issuers (page: 1, limit: 10, search: , sort: desc) 
2025-08-20 14:57:35 [INFO]: Fetched issuers for admin {"userId":"686c019b9ef3c3bad140eaba","user":"test@gmail.com","search":"","sort":"desc","page":1,"limit":10}
2025-08-20 14:57:37 [INFO]: Token verified successfully {"exp":1755677542,"currentTime":1755676657}
2025-08-20 14:57:37 [INFO]: Token verified successfully {"exp":1755677542,"currentTime":1755676657}
2025-08-20 14:57:37 [INFO]: Fetched 6 issuers 
2025-08-20 14:57:37 [INFO]: Fetched 6 issuers by user test@gmail.com 
2025-08-20 14:57:37 [INFO]: Token verified successfully {"exp":1755677542,"currentTime":1755676657}
2025-08-20 14:57:37 [INFO]: Token verified successfully {"exp":1755677542,"currentTime":1755676657}
2025-08-20 14:57:37 [INFO]: Fetched 6 issuers 
2025-08-20 14:57:37 [INFO]: Fetched 6 issuers by user test@gmail.com 
2025-08-20 14:57:38 [INFO]: Token verified successfully {"exp":1755677542,"currentTime":1755676658}
2025-08-20 14:57:38 [INFO]: Token verified successfully {"exp":1755677542,"currentTime":1755676658}
2025-08-20 14:57:38 [INFO]: Fetched 6 issuers 
2025-08-20 14:57:38 [INFO]: Fetched 6 issuers by user test@gmail.com 
2025-08-20 14:57:38 [INFO]: Token verified successfully {"exp":1755677542,"currentTime":1755676658}
2025-08-20 14:57:38 [INFO]: Token verified successfully {"exp":1755677542,"currentTime":1755676658}
2025-08-20 14:57:38 [INFO]: Fetched 6 issuers 
2025-08-20 14:57:38 [INFO]: Fetched 6 issuers by user test@gmail.com 
2025-08-20 14:57:38 [INFO]: Token verified successfully {"exp":1755677542,"currentTime":1755676658}
2025-08-20 14:57:38 [INFO]: Token verified successfully {"exp":1755677542,"currentTime":1755676658}
2025-08-20 14:57:38 [INFO]: Fetched 6 issuers 
2025-08-20 14:57:38 [INFO]: Fetched 6 issuers by user test@gmail.com 
2025-08-20 14:57:38 [INFO]: Token verified successfully {"exp":1755677542,"currentTime":1755676658}
2025-08-20 14:57:38 [INFO]: Token verified successfully {"exp":1755677542,"currentTime":1755676658}
2025-08-20 14:57:38 [INFO]: Fetched 6 issuers 
2025-08-20 14:57:38 [INFO]: Fetched 6 issuers by user test@gmail.com 
2025-08-20 14:57:39 [INFO]: Token verified successfully {"exp":1755677542,"currentTime":1755676659}
2025-08-20 14:57:39 [INFO]: Token verified successfully {"exp":1755677542,"currentTime":1755676659}
2025-08-20 14:57:39 [INFO]: Token verified successfully {"exp":1755677542,"currentTime":1755676659}
2025-08-20 14:57:39 [INFO]: Token verified successfully {"exp":1755677542,"currentTime":1755676659}
2025-08-20 14:57:39 [INFO]: Token verified successfully {"exp":1755677542,"currentTime":1755676659}
2025-08-20 14:57:39 [INFO]: Fetched 6 issuers (page: 1, limit: 10, search: , sort: desc) 
2025-08-20 14:57:39 [INFO]: Fetched issuers for admin {"userId":"686c019b9ef3c3bad140eaba","user":"test@gmail.com","search":"","sort":"desc","page":1,"limit":10}
2025-08-20 14:57:39 [INFO]: Fetched 4 distinct issue years {"user":"test@gmail.com","issuerId":""}
2025-08-20 14:57:39 [INFO]: Token verified successfully {"exp":1755677542,"currentTime":1755676659}
2025-08-20 14:57:39 [INFO]: Token verified successfully {"exp":1755677542,"currentTime":1755676659}
2025-08-20 14:57:39 [INFO]: Token verified successfully {"exp":1755677542,"currentTime":1755676659}
2025-08-20 14:57:39 [INFO]: Fetched 6 issuers (page: 1, limit: 10, search: , sort: desc) 
2025-08-20 14:57:39 [INFO]: Fetched issuers for admin {"userId":"686c019b9ef3c3bad140eaba","user":"test@gmail.com","search":"","sort":"desc","page":1,"limit":10}
2025-08-20 14:57:39 [INFO]: Fetched 4 distinct issue years {"user":"test@gmail.com","issuerId":""}
2025-08-20 14:57:39 [INFO]: Fetched 8 degrees {"query":{"search":"","status":"","effectiveIssuerId":"","degreeTypeId":"","issueYear":"","sort":"desc"},"user":"test@gmail.com","total":8,"totalPages":1,"currentPage":1}
2025-08-20 14:57:39 [INFO]: Token verified successfully {"exp":1755677542,"currentTime":1755676659}
2025-08-20 14:57:39 [INFO]: Token verified successfully {"exp":1755677542,"currentTime":1755676659}
2025-08-20 14:57:39 [INFO]: Fetched 8 degrees {"query":{"search":"","status":"","effectiveIssuerId":"","degreeTypeId":"","issueYear":"","sort":"desc"},"user":"test@gmail.com","total":8,"totalPages":1,"currentPage":1}
2025-08-20 14:57:40 [INFO]: Token verified successfully {"exp":1755677542,"currentTime":1755676660}
2025-08-20 14:57:40 [INFO]: Token verified successfully {"exp":1755677542,"currentTime":1755676660}
2025-08-20 14:57:40 [INFO]: Fetched log files successfully {"count":4}
2025-08-20 14:57:40 [INFO]: Token verified successfully {"exp":1755677542,"currentTime":1755676660}
2025-08-20 14:57:40 [INFO]: Token verified successfully {"exp":1755677542,"currentTime":1755676660}
2025-08-20 14:57:40 [INFO]: Fetched log files successfully {"count":4}
2025-08-20 14:57:41 [INFO]: Token verified successfully {"exp":1755677542,"currentTime":1755676661}
2025-08-20 14:57:41 [INFO]: Token verified successfully {"exp":1755677542,"currentTime":1755676661}
2025-08-20 14:57:41 [INFO]: Token verified successfully {"exp":1755677542,"currentTime":1755676661}
2025-08-20 14:57:41 [INFO]: Token verified successfully {"exp":1755677542,"currentTime":1755676661}
2025-08-20 14:57:41 [INFO]: Fetched 6 issuers (page: 1, limit: 10, search: , sort: desc) 
2025-08-20 14:57:41 [INFO]: Fetched issuers for admin {"userId":"686c019b9ef3c3bad140eaba","user":"test@gmail.com","search":"","sort":"desc","page":1,"limit":10}
2025-08-20 14:57:41 [INFO]: Token verified successfully {"exp":1755677542,"currentTime":1755676661}
2025-08-20 14:57:41 [INFO]: Token verified successfully {"exp":1755677542,"currentTime":1755676661}
2025-08-20 14:57:42 [INFO]: Token verified successfully {"exp":1755677542,"currentTime":1755676662}
2025-08-20 14:57:42 [INFO]: Token verified successfully {"exp":1755677542,"currentTime":1755676662}
2025-08-20 14:57:42 [INFO]: Fetched 4 distinct issue years {"user":"test@gmail.com","issuerId":""}
2025-08-20 14:57:42 [INFO]: Token verified successfully {"exp":1755677542,"currentTime":1755676662}
2025-08-20 14:57:42 [INFO]: Token verified successfully {"exp":1755677542,"currentTime":1755676662}
2025-08-20 14:57:42 [INFO]: Fetched 6 issuers (page: 1, limit: 10, search: , sort: desc) 
2025-08-20 14:57:42 [INFO]: Fetched issuers for admin {"userId":"686c019b9ef3c3bad140eaba","user":"test@gmail.com","search":"","sort":"desc","page":1,"limit":10}
2025-08-20 14:57:42 [INFO]: Fetched 8 degrees {"query":{"search":"","status":"","effectiveIssuerId":"","degreeTypeId":"","issueYear":"","sort":"desc"},"user":"test@gmail.com","total":8,"totalPages":1,"currentPage":1}
2025-08-20 14:57:42 [INFO]: Fetched 4 distinct issue years {"user":"test@gmail.com","issuerId":""}
2025-08-20 14:57:42 [INFO]: Token verified successfully {"exp":1755677542,"currentTime":1755676662}
2025-08-20 14:57:42 [INFO]: Token verified successfully {"exp":1755677542,"currentTime":1755676662}
2025-08-20 14:57:42 [INFO]: Fetched 8 degrees {"query":{"search":"","status":"","effectiveIssuerId":"","degreeTypeId":"","issueYear":"","sort":"desc"},"user":"test@gmail.com","total":8,"totalPages":1,"currentPage":1}
2025-08-20 14:57:43 [INFO]: Token verified successfully {"exp":1755677542,"currentTime":1755676663}
2025-08-20 14:57:43 [INFO]: Token verified successfully {"exp":1755677542,"currentTime":1755676663}
2025-08-20 14:57:43 [INFO]: Fetched 6 issuers 
2025-08-20 14:57:43 [INFO]: Fetched 6 issuers by user test@gmail.com 
2025-08-20 14:57:43 [INFO]: Token verified successfully {"exp":1755677542,"currentTime":1755676663}
2025-08-20 14:57:43 [INFO]: Token verified successfully {"exp":1755677542,"currentTime":1755676663}
2025-08-20 14:57:43 [INFO]: Fetched 6 issuers 
2025-08-20 14:57:43 [INFO]: Fetched 6 issuers by user test@gmail.com 
2025-08-20 14:57:44 [INFO]: Token verified successfully {"exp":1755677542,"currentTime":1755676664}
2025-08-20 14:57:44 [INFO]: Token verified successfully {"exp":1755677542,"currentTime":1755676664}
2025-08-20 14:57:44 [INFO]: Fetched 6 issuers 
2025-08-20 14:57:44 [INFO]: Fetched 6 issuers by user test@gmail.com 
2025-08-20 14:57:44 [INFO]: Token verified successfully {"exp":1755677542,"currentTime":1755676664}
2025-08-20 14:57:44 [INFO]: Token verified successfully {"exp":1755677542,"currentTime":1755676664}
2025-08-20 14:57:44 [INFO]: Fetched 6 issuers 
2025-08-20 14:57:44 [INFO]: Fetched 6 issuers by user test@gmail.com 
2025-08-20 14:57:45 [INFO]: Token verified successfully {"exp":1755677542,"currentTime":1755676665}
2025-08-20 14:57:45 [INFO]: User logged out successfully {"email":"test@gmail.com"}
2025-08-20 14:57:45 [INFO]: Fetched 6 issuers 
2025-08-20 14:57:45 [INFO]: Fetched 6 issuers by anonymous user 
2025-08-20 14:57:45 [INFO]: Fetched 6 issuers 
2025-08-20 14:57:45 [INFO]: Fetched 6 issuers by anonymous user 
2025-08-20 14:57:51 [INFO]: Fetched 1 approved degrees with filters {"query":{"status":"Approved","serialNumber":"THA20220810088"}}
2025-08-20 14:57:51 [INFO]: Approved degrees fetched successfully {"query":{"status":"Approved","serialNumber":"THA20220810088"},"count":1}
2025-08-20 14:57:53 [INFO]: Fetched approved degree with id: 68746381d58a830913741703 {"degree":{"_id":"68746381d58a830913741703","degreeTypeId":{"_id":"68746381d58a830913741703","title":"Chứng chỉ Tin học A","level":"Chứng chỉ","major":"Tin học cơ bản"},"recipientName":"Nguyen Van A","recipientDob":"1995-03-15T00:00:00.000Z","placeOfBirth":"Hanoi","level":"Chứng chỉ","issueDate":"2022-08-10T00:00:00.000Z","serialNumber":"THA20220810088","fileAttachment":"https://example.com/certificates/huy_tinhoc_a.pdf","cloudFile":null,"registryNumber":"A1234/2022/IT","placeOfIssue":"Hanoi","signer":"Tran Van B","issuerId":{"_id":"64b7f8a2c3e5f6d234567890","name":"Fake Organization"},"status":"Approved","createdAt":"2025-07-14T09:10:00.000Z","updatedAt":"2025-07-14T09:10:00.000Z","degreeTypeName":"Chứng chỉ Tin học A","major":"Tin học cơ bản","issuerName":"Fake Organization"}}
2025-08-20 14:57:53 [INFO]: Approved degree fetched successfully {"id":"68746381d58a830913741703"}
2025-08-20 14:57:58 [INFO]: Fetched 6 issuers 
2025-08-20 14:57:58 [INFO]: Fetched 6 issuers by anonymous user 
2025-08-20 14:57:58 [INFO]: Fetched 6 issuers 
2025-08-20 14:57:58 [INFO]: Fetched 6 issuers by anonymous user 
2025-08-20 14:57:58 [INFO]: Fetched 6 issuers 
2025-08-20 14:57:58 [INFO]: Fetched 6 issuers by anonymous user 
2025-08-20 14:57:58 [INFO]: Fetched 6 issuers 
2025-08-20 14:57:58 [INFO]: Fetched 6 issuers by anonymous user 
2025-08-20 14:58:02 [INFO]: Fetched degree with id: 68746381d58a830913741703 {"degree":{"_id":"68746381d58a830913741703","degreeTypeId":{"_id":"68746381d58a830913741703","title":"Chứng chỉ Tin học A","level":"Chứng chỉ","major":"Tin học cơ bản"},"recipientName":"Nguyen Van A","recipientDob":"1995-03-15T00:00:00.000Z","placeOfBirth":"Hanoi","level":"Chứng chỉ","issueDate":"2022-08-10T00:00:00.000Z","serialNumber":"THA20220810088","fileAttachment":"https://example.com/certificates/huy_tinhoc_a.pdf","cloudFile":null,"registryNumber":"A1234/2022/IT","placeOfIssue":"Hanoi","signer":"Tran Van B","issuerId":{"_id":"64b7f8a2c3e5f6d234567890","name":"Fake Organization"},"status":"Approved","createdAt":"2025-07-14T09:10:00.000Z","updatedAt":"2025-07-14T09:10:00.000Z","degreeTypeName":"Chứng chỉ Tin học A","major":"Tin học cơ bản","issuerName":"Fake Organization"}}
2025-08-20 14:58:02 [INFO]: Approved degree fetched successfully {"id":"68746381d58a830913741703"}
