2025-07-23 12:18:35 [INFO]: Server is running at http://localhost:3000 
2025-07-23 12:18:35 [INFO]: Server is running on Port:3000 
2025-07-23 12:18:35 [INFO]: Successfully connected to MongoDB 
2025-07-23 12:18:51 [INFO]: Token verified successfully {"exp":1753797107,"currentTime":1753247931}
2025-07-23 12:18:51 [INFO]: Access token refreshed {"email":"test@gmail.com"}
2025-07-23 12:18:51 [INFO]: Token verified successfully {"exp":1753797107,"currentTime":1753247931}
2025-07-23 12:18:51 [INFO]: Access token refreshed {"email":"test@gmail.com"}
2025-07-23 12:19:14 [INFO]: Fetched DegreeType with ID: 68746381d58a830913741703 {"degreeType":{"_id":"68746381d58a830913741703","title":"Chứng chỉ Tin học A","level":"Chứng chỉ","major":"Tin học cơ bản","issuerId":"64b7f8a2c3e5f6d234567890","createdAt":"2025-07-14T09:10:00.000Z","updatedAt":"2025-07-14T09:10:00.000Z"}}
2025-07-23 12:19:14 [INFO]: Fetched 1 approved degrees with filters {"query":{"status":"Approved","serialNumber":"THA20220810088"}}
2025-07-23 12:19:14 [INFO]: Approved degrees fetched successfully {"query":{"status":"Approved","serialNumber":"THA20220810088"},"count":1}
2025-07-23 12:19:15 [INFO]: Fetched DegreeType with ID: 68746381d58a830913741703 {"degreeType":{"_id":"68746381d58a830913741703","title":"Chứng chỉ Tin học A","level":"Chứng chỉ","major":"Tin học cơ bản","issuerId":"64b7f8a2c3e5f6d234567890","createdAt":"2025-07-14T09:10:00.000Z","updatedAt":"2025-07-14T09:10:00.000Z"}}
2025-07-23 12:19:15 [INFO]: Fetched approved degree with id: 68746381d58a830913741703 {"degree":{"_id":"68746381d58a830913741703","degreeTypeId":"68746381d58a830913741703","recipientName":null,"issueDate":"2022-08-10T00:00:00.000Z","serialNumber":"THA20220810088","fileAttachment":"https://example.com/certificates/huy_tinhoc_a.pdf","registryNumber":"A1234/2022/IT","issuerId":"64b7f8a2c3e5f6d234567890","status":"Approved","createdAt":"2025-07-14T09:10:00.000Z","updatedAt":"2025-07-14T09:10:00.000Z","title":"Chứng chỉ Tin học A","level":"Chứng chỉ","major":"Tin học cơ bản"}}
2025-07-23 12:19:15 [INFO]: Approved degree fetched successfully {"id":"68746381d58a830913741703"}
2025-07-23 12:19:42 [INFO]: Fetched DegreeType with ID: 68746381d58a830913741703 {"degreeType":{"_id":"68746381d58a830913741703","title":"Chứng chỉ Tin học A","level":"Chứng chỉ","major":"Tin học cơ bản","issuerId":"64b7f8a2c3e5f6d234567890","createdAt":"2025-07-14T09:10:00.000Z","updatedAt":"2025-07-14T09:10:00.000Z"}}
2025-07-23 12:19:42 [INFO]: Fetched approved degree with id: 68746381d58a830913741703 {"degree":{"_id":"68746381d58a830913741703","degreeTypeId":"68746381d58a830913741703","recipientName":null,"issueDate":"2022-08-10T00:00:00.000Z","serialNumber":"THA20220810088","fileAttachment":"https://example.com/certificates/huy_tinhoc_a.pdf","registryNumber":"A1234/2022/IT","issuerId":"64b7f8a2c3e5f6d234567890","status":"Approved","createdAt":"2025-07-14T09:10:00.000Z","updatedAt":"2025-07-14T09:10:00.000Z","title":"Chứng chỉ Tin học A","level":"Chứng chỉ","major":"Tin học cơ bản"}}
2025-07-23 12:19:42 [INFO]: Approved degree fetched successfully {"id":"68746381d58a830913741703"}
2025-07-23 12:19:52 [INFO]: Token verified successfully {"exp":1753248831,"currentTime":1753247992}
2025-07-23 12:19:52 [INFO]: User profile retrieved {"email":"test@gmail.com"}
2025-07-23 12:19:52 [INFO]: Token verified successfully {"exp":1753248831,"currentTime":1753247992}
2025-07-23 12:19:52 [INFO]: User profile retrieved {"email":"test@gmail.com"}
2025-07-23 12:20:03 [INFO]: Token verified successfully {"exp":1753248831,"currentTime":1753248003}
2025-07-23 12:20:03 [INFO]: Token verified successfully {"exp":1753248831,"currentTime":1753248003}
2025-07-23 12:20:03 [INFO]: Degree type created successfully by user 686c019b9ef3c3bad140eaba: 68807103ed1f029f25a0de54 
2025-07-23 12:20:03 [INFO]: Degree type created successfully {"id":"68807103ed1f029f25a0de54","user":"test@gmail.com"}
2025-07-23 12:20:05 [INFO]: Token verified successfully {"exp":1753248831,"currentTime":1753248005}
2025-07-23 12:20:05 [INFO]: Token verified successfully {"exp":1753248831,"currentTime":1753248005}
2025-07-23 12:20:05 [INFO]: Fetched 6 degree types for issuer 64b7f8a2c3e5f6d234567890 (page: 1, limit: 10, search: , level: , sort: desc) 
2025-07-23 12:20:05 [INFO]: Fetched degree types for issuer {"issuerId":"64b7f8a2c3e5f6d234567890","user":"test@gmail.com","search":"","sort":"desc"}
2025-07-23 12:20:05 [INFO]: Token verified successfully {"exp":1753248831,"currentTime":1753248005}
2025-07-23 12:20:05 [INFO]: Token verified successfully {"exp":1753248831,"currentTime":1753248005}
2025-07-23 12:20:05 [INFO]: Token verified successfully {"exp":1753248831,"currentTime":1753248005}
2025-07-23 12:20:05 [INFO]: Token verified successfully {"exp":1753248831,"currentTime":1753248005}
2025-07-23 12:20:05 [INFO]: Fetched 6 degree types for issuer 64b7f8a2c3e5f6d234567890 (page: 1, limit: 10, search: , level: , sort: desc) 
2025-07-23 12:20:05 [INFO]: Fetched degree types for issuer {"issuerId":"64b7f8a2c3e5f6d234567890","user":"test@gmail.com","search":"","sort":"desc"}
2025-07-23 12:20:05 [INFO]: Fetched 6 degree types for issuer 64b7f8a2c3e5f6d234567890 (page: 1, limit: 1000, search: , level: , sort: desc) 
2025-07-23 12:20:05 [INFO]: Fetched degree types for issuer {"issuerId":"64b7f8a2c3e5f6d234567890","user":"test@gmail.com","search":"","sort":"desc"}
2025-07-23 12:20:05 [INFO]: Token verified successfully {"exp":1753248831,"currentTime":1753248005}
2025-07-23 12:20:05 [INFO]: Token verified successfully {"exp":1753248831,"currentTime":1753248005}
2025-07-23 12:20:05 [INFO]: Fetched 6 degree types for issuer 64b7f8a2c3e5f6d234567890 (page: 1, limit: 1000, search: , level: , sort: desc) 
2025-07-23 12:20:05 [INFO]: Fetched degree types for issuer {"issuerId":"64b7f8a2c3e5f6d234567890","user":"test@gmail.com","search":"","sort":"desc"}
2025-07-23 12:20:06 [INFO]: Token verified successfully {"exp":1753248831,"currentTime":1753248006}
2025-07-23 12:20:06 [INFO]: Token verified successfully {"exp":1753248831,"currentTime":1753248006}
2025-07-23 12:20:06 [INFO]: Fetched DegreeType with ID: 68807103ed1f029f25a0de54 {"degreeType":{"_id":"68807103ed1f029f25a0de54","title":"CC3","level":"CC3","major":"CC3","issuerId":"64b7f8a2c3e5f6d234567890","createdAt":"2025-07-23T05:20:03.918Z","updatedAt":"2025-07-23T05:20:03.918Z"}}
2025-07-23 12:20:06 [INFO]: Fetched degree type successfully {"id":"68807103ed1f029f25a0de54","user":"test@gmail.com"}
2025-07-23 12:20:06 [INFO]: Token verified successfully {"exp":1753248831,"currentTime":1753248006}
2025-07-23 12:20:06 [INFO]: Token verified successfully {"exp":1753248831,"currentTime":1753248006}
2025-07-23 12:20:06 [INFO]: Fetched DegreeType with ID: 68807103ed1f029f25a0de54 {"degreeType":{"_id":"68807103ed1f029f25a0de54","title":"CC3","level":"CC3","major":"CC3","issuerId":"64b7f8a2c3e5f6d234567890","createdAt":"2025-07-23T05:20:03.918Z","updatedAt":"2025-07-23T05:20:03.918Z"}}
2025-07-23 12:20:06 [INFO]: Fetched degree type successfully {"id":"68807103ed1f029f25a0de54","user":"test@gmail.com"}
2025-07-23 12:20:09 [INFO]: Token verified successfully {"exp":1753248831,"currentTime":1753248009}
2025-07-23 12:20:09 [INFO]: Token verified successfully {"exp":1753248831,"currentTime":1753248009}
2025-07-23 12:20:09 [INFO]: Degree type updated successfully by user 686c019b9ef3c3bad140eaba: 68807103ed1f029f25a0de54 
2025-07-23 12:20:09 [INFO]: Degree type updated successfully {"id":"68807103ed1f029f25a0de54","user":"test@gmail.com"}
2025-07-23 12:20:10 [INFO]: Token verified successfully {"exp":1753248831,"currentTime":1753248010}
2025-07-23 12:20:10 [INFO]: Token verified successfully {"exp":1753248831,"currentTime":1753248010}
2025-07-23 12:20:10 [INFO]: Fetched 6 degree types for issuer 64b7f8a2c3e5f6d234567890 (page: 1, limit: 10, search: , level: , sort: desc) 
2025-07-23 12:20:10 [INFO]: Fetched degree types for issuer {"issuerId":"64b7f8a2c3e5f6d234567890","user":"test@gmail.com","search":"","sort":"desc"}
2025-07-23 12:20:10 [INFO]: Token verified successfully {"exp":1753248831,"currentTime":1753248010}
2025-07-23 12:20:10 [INFO]: Token verified successfully {"exp":1753248831,"currentTime":1753248010}
2025-07-23 12:20:10 [INFO]: Token verified successfully {"exp":1753248831,"currentTime":1753248010}
2025-07-23 12:20:10 [INFO]: Token verified successfully {"exp":1753248831,"currentTime":1753248010}
2025-07-23 12:20:10 [INFO]: Fetched 6 degree types for issuer 64b7f8a2c3e5f6d234567890 (page: 1, limit: 10, search: , level: , sort: desc) 
2025-07-23 12:20:10 [INFO]: Fetched degree types for issuer {"issuerId":"64b7f8a2c3e5f6d234567890","user":"test@gmail.com","search":"","sort":"desc"}
2025-07-23 12:20:10 [INFO]: Fetched 6 degree types for issuer 64b7f8a2c3e5f6d234567890 (page: 1, limit: 1000, search: , level: , sort: desc) 
2025-07-23 12:20:10 [INFO]: Fetched degree types for issuer {"issuerId":"64b7f8a2c3e5f6d234567890","user":"test@gmail.com","search":"","sort":"desc"}
2025-07-23 12:20:10 [INFO]: Token verified successfully {"exp":1753248831,"currentTime":1753248010}
2025-07-23 12:20:10 [INFO]: Token verified successfully {"exp":1753248831,"currentTime":1753248010}
2025-07-23 12:20:10 [INFO]: Fetched 6 degree types for issuer 64b7f8a2c3e5f6d234567890 (page: 1, limit: 1000, search: , level: , sort: desc) 
2025-07-23 12:20:10 [INFO]: Fetched degree types for issuer {"issuerId":"64b7f8a2c3e5f6d234567890","user":"test@gmail.com","search":"","sort":"desc"}
2025-07-23 12:20:16 [INFO]: Token verified successfully {"exp":1753248831,"currentTime":1753248016}
2025-07-23 12:20:16 [INFO]: Token verified successfully {"exp":1753248831,"currentTime":1753248016}
2025-07-23 12:20:16 [INFO]: Degree type deleted successfully by user 686c019b9ef3c3bad140eaba: 68807103ed1f029f25a0de54 
2025-07-23 12:20:16 [INFO]: Degree type deleted successfully {"id":"68807103ed1f029f25a0de54","user":"test@gmail.com"}
2025-07-23 12:20:30 [INFO]: Token verified successfully {"exp":1753248831,"currentTime":1753248030}
2025-07-23 12:20:30 [INFO]: Token verified successfully {"exp":1753248831,"currentTime":1753248030}
2025-07-23 12:20:30 [INFO]: Degree type created successfully by user 686c019b9ef3c3bad140eaba: 6880711eed1f029f25a0de79 
2025-07-23 12:20:30 [INFO]: Degree type created successfully {"id":"6880711eed1f029f25a0de79","user":"test@gmail.com"}
2025-07-23 12:23:48 [INFO]: Token verified successfully {"exp":1753248831,"currentTime":1753248228}
2025-07-23 12:23:48 [INFO]: Token verified successfully {"exp":1753248831,"currentTime":1753248228}
2025-07-23 12:23:48 [INFO]: Fetched 6 degree types for issuer 64b7f8a2c3e5f6d234567890 (page: 1, limit: 10, search: , level: , sort: desc) 
2025-07-23 12:23:48 [INFO]: Fetched degree types for issuer {"issuerId":"64b7f8a2c3e5f6d234567890","user":"test@gmail.com","search":"","sort":"desc"}
2025-07-23 12:23:48 [INFO]: Token verified successfully {"exp":1753248831,"currentTime":1753248228}
2025-07-23 12:23:48 [INFO]: Token verified successfully {"exp":1753248831,"currentTime":1753248228}
2025-07-23 12:23:48 [INFO]: Fetched 6 degree types for issuer 64b7f8a2c3e5f6d234567890 (page: 1, limit: 10, search: , level: , sort: desc) 
2025-07-23 12:23:48 [INFO]: Fetched degree types for issuer {"issuerId":"64b7f8a2c3e5f6d234567890","user":"test@gmail.com","search":"","sort":"desc"}
2025-07-23 12:23:48 [INFO]: Token verified successfully {"exp":1753248831,"currentTime":1753248228}
2025-07-23 12:23:48 [INFO]: Token verified successfully {"exp":1753248831,"currentTime":1753248228}
2025-07-23 12:23:48 [INFO]: Fetched 6 degree types for issuer 64b7f8a2c3e5f6d234567890 (page: 1, limit: 1000, search: , level: , sort: desc) 
2025-07-23 12:23:48 [INFO]: Fetched degree types for issuer {"issuerId":"64b7f8a2c3e5f6d234567890","user":"test@gmail.com","search":"","sort":"desc"}
2025-07-23 12:23:48 [INFO]: Token verified successfully {"exp":1753248831,"currentTime":1753248228}
2025-07-23 12:23:48 [INFO]: Token verified successfully {"exp":1753248831,"currentTime":1753248228}
2025-07-23 12:23:48 [INFO]: Fetched 6 degree types for issuer 64b7f8a2c3e5f6d234567890 (page: 1, limit: 1000, search: , level: , sort: desc) 
2025-07-23 12:23:48 [INFO]: Fetched degree types for issuer {"issuerId":"64b7f8a2c3e5f6d234567890","user":"test@gmail.com","search":"","sort":"desc"}
2025-07-23 12:24:04 [INFO]: Token verified successfully {"exp":1753248831,"currentTime":1753248244}
2025-07-23 12:24:04 [INFO]: Token verified successfully {"exp":1753248831,"currentTime":1753248244}
2025-07-23 12:24:04 [INFO]: Degree type created successfully by user 686c019b9ef3c3bad140eaba: 688071f4ed1f029f25a0de89 
2025-07-23 12:24:04 [INFO]: Degree type created successfully {"id":"688071f4ed1f029f25a0de89","user":"test@gmail.com"}
2025-07-23 12:24:09 [INFO]: Token verified successfully {"exp":1753248831,"currentTime":1753248249}
2025-07-23 12:24:09 [INFO]: Token verified successfully {"exp":1753248831,"currentTime":1753248249}
2025-07-23 12:24:09 [INFO]: Degree type created successfully by user 686c019b9ef3c3bad140eaba: 688071f9ed1f029f25a0de8d 
2025-07-23 12:24:09 [INFO]: Degree type created successfully {"id":"688071f9ed1f029f25a0de8d","user":"test@gmail.com"}
2025-07-23 12:24:11 [INFO]: Token verified successfully {"exp":1753248831,"currentTime":1753248251}
2025-07-23 12:24:11 [INFO]: Token verified successfully {"exp":1753248831,"currentTime":1753248251}
2025-07-23 12:24:11 [INFO]: Fetched 8 degree types for issuer 64b7f8a2c3e5f6d234567890 (page: 1, limit: 10, search: , level: , sort: desc) 
2025-07-23 12:24:11 [INFO]: Fetched degree types for issuer {"issuerId":"64b7f8a2c3e5f6d234567890","user":"test@gmail.com","search":"","sort":"desc"}
2025-07-23 12:24:11 [INFO]: Token verified successfully {"exp":1753248831,"currentTime":1753248251}
2025-07-23 12:24:11 [INFO]: Token verified successfully {"exp":1753248831,"currentTime":1753248251}
2025-07-23 12:24:11 [INFO]: Token verified successfully {"exp":1753248831,"currentTime":1753248251}
2025-07-23 12:24:11 [INFO]: Token verified successfully {"exp":1753248831,"currentTime":1753248251}
2025-07-23 12:24:11 [INFO]: Fetched 8 degree types for issuer 64b7f8a2c3e5f6d234567890 (page: 1, limit: 10, search: , level: , sort: desc) 
2025-07-23 12:24:11 [INFO]: Fetched degree types for issuer {"issuerId":"64b7f8a2c3e5f6d234567890","user":"test@gmail.com","search":"","sort":"desc"}
2025-07-23 12:24:11 [INFO]: Fetched 8 degree types for issuer 64b7f8a2c3e5f6d234567890 (page: 1, limit: 1000, search: , level: , sort: desc) 
2025-07-23 12:24:11 [INFO]: Fetched degree types for issuer {"issuerId":"64b7f8a2c3e5f6d234567890","user":"test@gmail.com","search":"","sort":"desc"}
2025-07-23 12:24:11 [INFO]: Token verified successfully {"exp":1753248831,"currentTime":1753248251}
2025-07-23 12:24:11 [INFO]: Token verified successfully {"exp":1753248831,"currentTime":1753248251}
2025-07-23 12:24:11 [INFO]: Fetched 8 degree types for issuer 64b7f8a2c3e5f6d234567890 (page: 1, limit: 1000, search: , level: , sort: desc) 
2025-07-23 12:24:11 [INFO]: Fetched degree types for issuer {"issuerId":"64b7f8a2c3e5f6d234567890","user":"test@gmail.com","search":"","sort":"desc"}
2025-07-23 12:24:16 [INFO]: Token verified successfully {"exp":1753248831,"currentTime":1753248256}
2025-07-23 12:24:16 [INFO]: Token verified successfully {"exp":1753248831,"currentTime":1753248256}
2025-07-23 12:24:16 [INFO]: Degree type deleted successfully by user 686c019b9ef3c3bad140eaba: 688071f9ed1f029f25a0de8d 
2025-07-23 12:24:16 [INFO]: Degree type deleted successfully {"id":"688071f9ed1f029f25a0de8d","user":"test@gmail.com"}
2025-07-23 12:24:24 [INFO]: Token verified successfully {"exp":1753248831,"currentTime":1753248264}
2025-07-23 12:24:24 [INFO]: Token verified successfully {"exp":1753248831,"currentTime":1753248264}
2025-07-23 12:24:24 [INFO]: Degree type deleted successfully by user 686c019b9ef3c3bad140eaba: 688071f4ed1f029f25a0de89 
2025-07-23 12:24:24 [INFO]: Degree type deleted successfully {"id":"688071f4ed1f029f25a0de89","user":"test@gmail.com"}
2025-07-23 12:25:07 [INFO]: Token verified successfully {"exp":1753248831,"currentTime":1753248307}
2025-07-23 12:25:07 [INFO]: Token verified successfully {"exp":1753248831,"currentTime":1753248307}
2025-07-23 12:25:07 [INFO]: Degree type deleted successfully by user 686c019b9ef3c3bad140eaba: 6880711eed1f029f25a0de79 
2025-07-23 12:25:07 [INFO]: Degree type deleted successfully {"id":"6880711eed1f029f25a0de79","user":"test@gmail.com"}
2025-07-23 12:25:38 [INFO]: Token verified successfully {"exp":1753248831,"currentTime":1753248338}
2025-07-23 12:25:38 [INFO]: Token verified successfully {"exp":1753248831,"currentTime":1753248338}
2025-07-23 12:25:38 [INFO]: Degree type created successfully by user 686c019b9ef3c3bad140eaba: 68807252ed1f029f25a0dea9 
2025-07-23 12:25:38 [INFO]: Degree type created successfully {"id":"68807252ed1f029f25a0dea9","user":"test@gmail.com"}
2025-07-23 12:25:42 [INFO]: Token verified successfully {"exp":1753248831,"currentTime":1753248342}
2025-07-23 12:25:42 [INFO]: Token verified successfully {"exp":1753248831,"currentTime":1753248342}
2025-07-23 12:25:42 [INFO]: Degree type created successfully by user 686c019b9ef3c3bad140eaba: 68807256ed1f029f25a0dead 
2025-07-23 12:25:42 [INFO]: Degree type created successfully {"id":"68807256ed1f029f25a0dead","user":"test@gmail.com"}
2025-07-23 12:25:47 [INFO]: Token verified successfully {"exp":1753248831,"currentTime":1753248347}
2025-07-23 12:25:47 [INFO]: Token verified successfully {"exp":1753248831,"currentTime":1753248347}
2025-07-23 12:25:47 [INFO]: Degree type created successfully by user 686c019b9ef3c3bad140eaba: 6880725bed1f029f25a0deb1 
2025-07-23 12:25:47 [INFO]: Degree type created successfully {"id":"6880725bed1f029f25a0deb1","user":"test@gmail.com"}
2025-07-23 12:25:48 [INFO]: Token verified successfully {"exp":1753248831,"currentTime":1753248348}
2025-07-23 12:25:48 [INFO]: Token verified successfully {"exp":1753248831,"currentTime":1753248348}
2025-07-23 12:25:48 [INFO]: Fetched 8 degree types for issuer 64b7f8a2c3e5f6d234567890 (page: 1, limit: 10, search: , level: , sort: desc) 
2025-07-23 12:25:48 [INFO]: Fetched degree types for issuer {"issuerId":"64b7f8a2c3e5f6d234567890","user":"test@gmail.com","search":"","sort":"desc"}
2025-07-23 12:25:48 [INFO]: Token verified successfully {"exp":1753248831,"currentTime":1753248348}
2025-07-23 12:25:48 [INFO]: Token verified successfully {"exp":1753248831,"currentTime":1753248348}
2025-07-23 12:25:48 [INFO]: Token verified successfully {"exp":1753248831,"currentTime":1753248348}
2025-07-23 12:25:48 [INFO]: Token verified successfully {"exp":1753248831,"currentTime":1753248348}
2025-07-23 12:25:48 [INFO]: Fetched 8 degree types for issuer 64b7f8a2c3e5f6d234567890 (page: 1, limit: 10, search: , level: , sort: desc) 
2025-07-23 12:25:48 [INFO]: Fetched degree types for issuer {"issuerId":"64b7f8a2c3e5f6d234567890","user":"test@gmail.com","search":"","sort":"desc"}
2025-07-23 12:25:48 [INFO]: Fetched 8 degree types for issuer 64b7f8a2c3e5f6d234567890 (page: 1, limit: 1000, search: , level: , sort: desc) 
2025-07-23 12:25:48 [INFO]: Fetched degree types for issuer {"issuerId":"64b7f8a2c3e5f6d234567890","user":"test@gmail.com","search":"","sort":"desc"}
2025-07-23 12:25:48 [INFO]: Token verified successfully {"exp":1753248831,"currentTime":1753248348}
2025-07-23 12:25:48 [INFO]: Token verified successfully {"exp":1753248831,"currentTime":1753248348}
2025-07-23 12:25:48 [INFO]: Fetched 8 degree types for issuer 64b7f8a2c3e5f6d234567890 (page: 1, limit: 1000, search: , level: , sort: desc) 
2025-07-23 12:25:48 [INFO]: Fetched degree types for issuer {"issuerId":"64b7f8a2c3e5f6d234567890","user":"test@gmail.com","search":"","sort":"desc"}
2025-07-23 12:25:51 [INFO]: Token verified successfully {"exp":1753248831,"currentTime":1753248351}
2025-07-23 12:25:51 [INFO]: Token verified successfully {"exp":1753248831,"currentTime":1753248351}
2025-07-23 12:25:51 [INFO]: Fetched 8 degree types for issuer 64b7f8a2c3e5f6d234567890 (page: 1, limit: 10, search: , level: , sort: asc) 
2025-07-23 12:25:51 [INFO]: Fetched degree types for issuer {"issuerId":"64b7f8a2c3e5f6d234567890","user":"test@gmail.com","search":"","sort":"asc"}
2025-07-23 12:25:51 [INFO]: Token verified successfully {"exp":1753248831,"currentTime":1753248351}
2025-07-23 12:25:51 [INFO]: Token verified successfully {"exp":1753248831,"currentTime":1753248351}
2025-07-23 12:25:51 [INFO]: Fetched 8 degree types for issuer 64b7f8a2c3e5f6d234567890 (page: 1, limit: 1000, search: , level: , sort: desc) 
2025-07-23 12:25:51 [INFO]: Fetched degree types for issuer {"issuerId":"64b7f8a2c3e5f6d234567890","user":"test@gmail.com","search":"","sort":"desc"}
2025-07-23 12:25:52 [INFO]: Token verified successfully {"exp":1753248831,"currentTime":1753248352}
2025-07-23 12:25:52 [INFO]: Token verified successfully {"exp":1753248831,"currentTime":1753248352}
2025-07-23 12:25:52 [INFO]: Fetched 8 degree types for issuer 64b7f8a2c3e5f6d234567890 (page: 1, limit: 10, search: , level: , sort: desc) 
2025-07-23 12:25:52 [INFO]: Fetched degree types for issuer {"issuerId":"64b7f8a2c3e5f6d234567890","user":"test@gmail.com","search":"","sort":"desc"}
2025-07-23 12:25:52 [INFO]: Token verified successfully {"exp":1753248831,"currentTime":1753248352}
2025-07-23 12:25:52 [INFO]: Token verified successfully {"exp":1753248831,"currentTime":1753248352}
2025-07-23 12:25:52 [INFO]: Fetched 8 degree types for issuer 64b7f8a2c3e5f6d234567890 (page: 1, limit: 1000, search: , level: , sort: desc) 
2025-07-23 12:25:52 [INFO]: Fetched degree types for issuer {"issuerId":"64b7f8a2c3e5f6d234567890","user":"test@gmail.com","search":"","sort":"desc"}
2025-07-23 12:25:53 [INFO]: Token verified successfully {"exp":1753248831,"currentTime":1753248353}
2025-07-23 12:25:53 [INFO]: Token verified successfully {"exp":1753248831,"currentTime":1753248353}
2025-07-23 12:25:53 [INFO]: Fetched 1 degree types for issuer 64b7f8a2c3e5f6d234567890 (page: 1, limit: 10, search: , level: t2, sort: desc) 
2025-07-23 12:25:53 [INFO]: Fetched degree types for issuer {"issuerId":"64b7f8a2c3e5f6d234567890","user":"test@gmail.com","search":"","sort":"desc"}
2025-07-23 12:25:53 [INFO]: Token verified successfully {"exp":1753248831,"currentTime":1753248353}
2025-07-23 12:25:53 [INFO]: Token verified successfully {"exp":1753248831,"currentTime":1753248353}
2025-07-23 12:25:53 [INFO]: Fetched 8 degree types for issuer 64b7f8a2c3e5f6d234567890 (page: 1, limit: 1000, search: , level: , sort: desc) 
2025-07-23 12:25:53 [INFO]: Fetched degree types for issuer {"issuerId":"64b7f8a2c3e5f6d234567890","user":"test@gmail.com","search":"","sort":"desc"}
2025-07-23 12:25:54 [INFO]: Token verified successfully {"exp":1753248831,"currentTime":1753248354}
2025-07-23 12:25:54 [INFO]: Token verified successfully {"exp":1753248831,"currentTime":1753248354}
2025-07-23 12:25:54 [INFO]: Fetched 8 degree types for issuer 64b7f8a2c3e5f6d234567890 (page: 1, limit: 10, search: , level: , sort: desc) 
2025-07-23 12:25:54 [INFO]: Fetched degree types for issuer {"issuerId":"64b7f8a2c3e5f6d234567890","user":"test@gmail.com","search":"","sort":"desc"}
2025-07-23 12:25:54 [INFO]: Token verified successfully {"exp":1753248831,"currentTime":1753248354}
2025-07-23 12:25:54 [INFO]: Token verified successfully {"exp":1753248831,"currentTime":1753248354}
2025-07-23 12:25:54 [INFO]: Fetched 8 degree types for issuer 64b7f8a2c3e5f6d234567890 (page: 1, limit: 1000, search: , level: , sort: desc) 
2025-07-23 12:25:54 [INFO]: Fetched degree types for issuer {"issuerId":"64b7f8a2c3e5f6d234567890","user":"test@gmail.com","search":"","sort":"desc"}
2025-07-23 12:25:55 [INFO]: Token verified successfully {"exp":1753248831,"currentTime":1753248355}
2025-07-23 12:25:55 [INFO]: Token verified successfully {"exp":1753248831,"currentTime":1753248355}
2025-07-23 12:25:55 [INFO]: Fetched 5 degree types for issuer 64b7f8a2c3e5f6d234567890 (page: 1, limit: 10, search: c, level: , sort: desc) 
2025-07-23 12:25:55 [INFO]: Fetched degree types for issuer {"issuerId":"64b7f8a2c3e5f6d234567890","user":"test@gmail.com","search":"c","sort":"desc"}
2025-07-23 12:25:55 [INFO]: Token verified successfully {"exp":1753248831,"currentTime":1753248355}
2025-07-23 12:25:55 [INFO]: Token verified successfully {"exp":1753248831,"currentTime":1753248355}
2025-07-23 12:25:55 [INFO]: Fetched 8 degree types for issuer 64b7f8a2c3e5f6d234567890 (page: 1, limit: 1000, search: , level: , sort: desc) 
2025-07-23 12:25:55 [INFO]: Fetched degree types for issuer {"issuerId":"64b7f8a2c3e5f6d234567890","user":"test@gmail.com","search":"","sort":"desc"}
2025-07-23 12:25:56 [INFO]: Token verified successfully {"exp":1753248831,"currentTime":1753248356}
2025-07-23 12:25:56 [INFO]: Token verified successfully {"exp":1753248831,"currentTime":1753248356}
2025-07-23 12:25:56 [INFO]: Fetched 3 degree types for issuer 64b7f8a2c3e5f6d234567890 (page: 1, limit: 10, search: cc, level: , sort: desc) 
2025-07-23 12:25:56 [INFO]: Fetched degree types for issuer {"issuerId":"64b7f8a2c3e5f6d234567890","user":"test@gmail.com","search":"cc","sort":"desc"}
2025-07-23 12:25:56 [INFO]: Token verified successfully {"exp":1753248831,"currentTime":1753248356}
2025-07-23 12:25:56 [INFO]: Token verified successfully {"exp":1753248831,"currentTime":1753248356}
2025-07-23 12:25:56 [INFO]: Fetched 8 degree types for issuer 64b7f8a2c3e5f6d234567890 (page: 1, limit: 1000, search: , level: , sort: desc) 
2025-07-23 12:25:56 [INFO]: Fetched degree types for issuer {"issuerId":"64b7f8a2c3e5f6d234567890","user":"test@gmail.com","search":"","sort":"desc"}
2025-07-23 12:25:57 [INFO]: Token verified successfully {"exp":1753248831,"currentTime":1753248357}
2025-07-23 12:25:57 [INFO]: Token verified successfully {"exp":1753248831,"currentTime":1753248357}
2025-07-23 12:25:57 [INFO]: Fetched 8 degree types for issuer 64b7f8a2c3e5f6d234567890 (page: 1, limit: 10, search: , level: , sort: desc) 
2025-07-23 12:25:57 [INFO]: Fetched degree types for issuer {"issuerId":"64b7f8a2c3e5f6d234567890","user":"test@gmail.com","search":"","sort":"desc"}
2025-07-23 12:25:57 [INFO]: Token verified successfully {"exp":1753248831,"currentTime":1753248357}
2025-07-23 12:25:57 [INFO]: Token verified successfully {"exp":1753248831,"currentTime":1753248357}
2025-07-23 12:25:57 [INFO]: Fetched 8 degree types for issuer 64b7f8a2c3e5f6d234567890 (page: 1, limit: 1000, search: , level: , sort: desc) 
2025-07-23 12:25:57 [INFO]: Fetched degree types for issuer {"issuerId":"64b7f8a2c3e5f6d234567890","user":"test@gmail.com","search":"","sort":"desc"}
2025-07-23 12:27:05 [INFO]: Token verified successfully {"exp":1753248831,"currentTime":1753248425}
2025-07-23 12:27:05 [INFO]: Token verified successfully {"exp":1753248831,"currentTime":1753248425}
2025-07-23 12:27:05 [INFO]: Fetched 8 degree types for issuer 64b7f8a2c3e5f6d234567890 (page: 1, limit: 10, search: , level: , sort: desc) 
2025-07-23 12:27:05 [INFO]: Fetched degree types for issuer {"issuerId":"64b7f8a2c3e5f6d234567890","user":"test@gmail.com","search":"","sort":"desc"}
2025-07-23 12:27:05 [INFO]: Token verified successfully {"exp":1753248831,"currentTime":1753248425}
2025-07-23 12:27:05 [INFO]: Token verified successfully {"exp":1753248831,"currentTime":1753248425}
2025-07-23 12:27:05 [INFO]: Fetched 8 degree types for issuer 64b7f8a2c3e5f6d234567890 (page: 1, limit: 1000, search: , level: , sort: desc) 
2025-07-23 12:27:05 [INFO]: Fetched degree types for issuer {"issuerId":"64b7f8a2c3e5f6d234567890","user":"test@gmail.com","search":"","sort":"desc"}
2025-07-23 12:27:07 [INFO]: Token verified successfully {"exp":1753248831,"currentTime":1753248427}
2025-07-23 12:27:07 [INFO]: Token verified successfully {"exp":1753248831,"currentTime":1753248427}
2025-07-23 12:27:07 [INFO]: Fetched 8 degree types for issuer 64b7f8a2c3e5f6d234567890 (page: 1, limit: 10, search: , level: , sort: desc) 
2025-07-23 12:27:07 [INFO]: Fetched degree types for issuer {"issuerId":"64b7f8a2c3e5f6d234567890","user":"test@gmail.com","search":"","sort":"desc"}
2025-07-23 12:27:07 [INFO]: Token verified successfully {"exp":1753248831,"currentTime":1753248427}
2025-07-23 12:27:07 [INFO]: Token verified successfully {"exp":1753248831,"currentTime":1753248427}
2025-07-23 12:27:07 [INFO]: Fetched 8 degree types for issuer 64b7f8a2c3e5f6d234567890 (page: 1, limit: 10, search: , level: , sort: desc) 
2025-07-23 12:27:07 [INFO]: Fetched degree types for issuer {"issuerId":"64b7f8a2c3e5f6d234567890","user":"test@gmail.com","search":"","sort":"desc"}
2025-07-23 12:27:07 [INFO]: Token verified successfully {"exp":1753248831,"currentTime":1753248427}
2025-07-23 12:27:07 [INFO]: Token verified successfully {"exp":1753248831,"currentTime":1753248427}
2025-07-23 12:27:07 [INFO]: Fetched 8 degree types for issuer 64b7f8a2c3e5f6d234567890 (page: 1, limit: 1000, search: , level: , sort: desc) 
2025-07-23 12:27:07 [INFO]: Fetched degree types for issuer {"issuerId":"64b7f8a2c3e5f6d234567890","user":"test@gmail.com","search":"","sort":"desc"}
2025-07-23 12:27:07 [INFO]: Token verified successfully {"exp":1753248831,"currentTime":1753248427}
2025-07-23 12:27:07 [INFO]: Token verified successfully {"exp":1753248831,"currentTime":1753248427}
2025-07-23 12:27:07 [INFO]: Fetched 8 degree types for issuer 64b7f8a2c3e5f6d234567890 (page: 1, limit: 1000, search: , level: , sort: desc) 
2025-07-23 12:27:07 [INFO]: Fetched degree types for issuer {"issuerId":"64b7f8a2c3e5f6d234567890","user":"test@gmail.com","search":"","sort":"desc"}
2025-07-23 12:29:09 [INFO]: Token verified successfully {"exp":1753248831,"currentTime":1753248549}
2025-07-23 12:29:09 [INFO]: Token verified successfully {"exp":1753248831,"currentTime":1753248549}
2025-07-23 12:29:09 [INFO]: Fetched 8 degree types for issuer 64b7f8a2c3e5f6d234567890 (page: 1, limit: 10, search: , level: , sort: desc) 
2025-07-23 12:29:09 [INFO]: Fetched degree types for issuer {"issuerId":"64b7f8a2c3e5f6d234567890","user":"test@gmail.com","search":"","sort":"desc"}
2025-07-23 12:29:09 [INFO]: Token verified successfully {"exp":1753248831,"currentTime":1753248549}
2025-07-23 12:29:09 [INFO]: Token verified successfully {"exp":1753248831,"currentTime":1753248549}
2025-07-23 12:29:09 [INFO]: Fetched 8 degree types for issuer 64b7f8a2c3e5f6d234567890 (page: 1, limit: 1000, search: , level: , sort: desc) 
2025-07-23 12:29:09 [INFO]: Fetched degree types for issuer {"issuerId":"64b7f8a2c3e5f6d234567890","user":"test@gmail.com","search":"","sort":"desc"}
2025-07-23 12:29:50 [INFO]: Token verified successfully {"exp":1753248831,"currentTime":1753248590}
2025-07-23 12:29:50 [INFO]: Token verified successfully {"exp":1753248831,"currentTime":1753248590}
2025-07-23 12:29:50 [INFO]: Fetched 8 degree types for issuer 64b7f8a2c3e5f6d234567890 (page: 1, limit: 10, search: , level: , sort: desc) 
2025-07-23 12:29:50 [INFO]: Fetched degree types for issuer {"issuerId":"64b7f8a2c3e5f6d234567890","user":"test@gmail.com","search":"","sort":"desc"}
2025-07-23 12:29:50 [INFO]: Token verified successfully {"exp":1753248831,"currentTime":1753248590}
2025-07-23 12:29:50 [INFO]: Token verified successfully {"exp":1753248831,"currentTime":1753248590}
2025-07-23 12:29:50 [INFO]: Fetched 8 degree types for issuer 64b7f8a2c3e5f6d234567890 (page: 1, limit: 1000, search: , level: , sort: desc) 
2025-07-23 12:29:50 [INFO]: Fetched degree types for issuer {"issuerId":"64b7f8a2c3e5f6d234567890","user":"test@gmail.com","search":"","sort":"desc"}
2025-07-23 12:30:05 [INFO]: Token verified successfully {"exp":1753248831,"currentTime":1753248605}
2025-07-23 12:30:05 [INFO]: Token verified successfully {"exp":1753248831,"currentTime":1753248605}
2025-07-23 12:30:05 [INFO]: Degree type created successfully by user 686c019b9ef3c3bad140eaba: 6880735ded1f029f25a0df09 
2025-07-23 12:30:05 [INFO]: Degree type created successfully {"id":"6880735ded1f029f25a0df09","user":"test@gmail.com"}
2025-07-23 12:30:09 [INFO]: Token verified successfully {"exp":1753248831,"currentTime":1753248609}
2025-07-23 12:30:09 [INFO]: Token verified successfully {"exp":1753248831,"currentTime":1753248609}
2025-07-23 12:30:09 [INFO]: Degree type created successfully by user 686c019b9ef3c3bad140eaba: 68807361ed1f029f25a0df0d 
2025-07-23 12:30:09 [INFO]: Degree type created successfully {"id":"68807361ed1f029f25a0df0d","user":"test@gmail.com"}
2025-07-23 12:30:14 [INFO]: Token verified successfully {"exp":1753248831,"currentTime":1753248614}
2025-07-23 12:30:14 [INFO]: Token verified successfully {"exp":1753248831,"currentTime":1753248614}
2025-07-23 12:30:14 [INFO]: Degree type created successfully by user 686c019b9ef3c3bad140eaba: 68807366ed1f029f25a0df11 
2025-07-23 12:30:14 [INFO]: Degree type created successfully {"id":"68807366ed1f029f25a0df11","user":"test@gmail.com"}
2025-07-23 12:30:16 [INFO]: Token verified successfully {"exp":1753248831,"currentTime":1753248616}
2025-07-23 12:30:16 [INFO]: Token verified successfully {"exp":1753248831,"currentTime":1753248616}
2025-07-23 12:30:16 [INFO]: Degree type created successfully by user 686c019b9ef3c3bad140eaba: 68807368ed1f029f25a0df15 
2025-07-23 12:30:16 [INFO]: Degree type created successfully {"id":"68807368ed1f029f25a0df15","user":"test@gmail.com"}
2025-07-23 12:30:20 [INFO]: Token verified successfully {"exp":1753248831,"currentTime":1753248620}
2025-07-23 12:30:20 [INFO]: Token verified successfully {"exp":1753248831,"currentTime":1753248620}
2025-07-23 12:30:20 [INFO]: Fetched 10 degree types for issuer 64b7f8a2c3e5f6d234567890 (page: 1, limit: 10, search: , level: , sort: desc) 
2025-07-23 12:30:20 [INFO]: Fetched degree types for issuer {"issuerId":"64b7f8a2c3e5f6d234567890","user":"test@gmail.com","search":"","sort":"desc"}
2025-07-23 12:30:20 [INFO]: Token verified successfully {"exp":1753248831,"currentTime":1753248620}
2025-07-23 12:30:20 [INFO]: Token verified successfully {"exp":1753248831,"currentTime":1753248620}
2025-07-23 12:30:21 [INFO]: Token verified successfully {"exp":1753248831,"currentTime":1753248621}
2025-07-23 12:30:21 [INFO]: Token verified successfully {"exp":1753248831,"currentTime":1753248621}
2025-07-23 12:30:21 [INFO]: Fetched 10 degree types for issuer 64b7f8a2c3e5f6d234567890 (page: 1, limit: 10, search: , level: , sort: desc) 
2025-07-23 12:30:21 [INFO]: Fetched degree types for issuer {"issuerId":"64b7f8a2c3e5f6d234567890","user":"test@gmail.com","search":"","sort":"desc"}
2025-07-23 12:30:21 [INFO]: Fetched 12 degree types for issuer 64b7f8a2c3e5f6d234567890 (page: 1, limit: 1000, search: , level: , sort: desc) 
2025-07-23 12:30:21 [INFO]: Fetched degree types for issuer {"issuerId":"64b7f8a2c3e5f6d234567890","user":"test@gmail.com","search":"","sort":"desc"}
2025-07-23 12:30:21 [INFO]: Token verified successfully {"exp":1753248831,"currentTime":1753248621}
2025-07-23 12:30:21 [INFO]: Token verified successfully {"exp":1753248831,"currentTime":1753248621}
2025-07-23 12:30:21 [INFO]: Fetched 12 degree types for issuer 64b7f8a2c3e5f6d234567890 (page: 1, limit: 1000, search: , level: , sort: desc) 
2025-07-23 12:30:21 [INFO]: Fetched degree types for issuer {"issuerId":"64b7f8a2c3e5f6d234567890","user":"test@gmail.com","search":"","sort":"desc"}
2025-07-23 12:30:22 [INFO]: Token verified successfully {"exp":1753248831,"currentTime":1753248622}
2025-07-23 12:30:22 [INFO]: Token verified successfully {"exp":1753248831,"currentTime":1753248622}
2025-07-23 12:30:22 [INFO]: Fetched 2 degree types for issuer 64b7f8a2c3e5f6d234567890 (page: 2, limit: 10, search: , level: , sort: desc) 
2025-07-23 12:30:22 [INFO]: Fetched degree types for issuer {"issuerId":"64b7f8a2c3e5f6d234567890","user":"test@gmail.com","search":"","sort":"desc"}
2025-07-23 12:30:22 [INFO]: Token verified successfully {"exp":1753248831,"currentTime":1753248622}
2025-07-23 12:30:22 [INFO]: Token verified successfully {"exp":1753248831,"currentTime":1753248622}
2025-07-23 12:30:22 [INFO]: Fetched 12 degree types for issuer 64b7f8a2c3e5f6d234567890 (page: 1, limit: 1000, search: , level: , sort: desc) 
2025-07-23 12:30:22 [INFO]: Fetched degree types for issuer {"issuerId":"64b7f8a2c3e5f6d234567890","user":"test@gmail.com","search":"","sort":"desc"}
2025-07-23 12:30:24 [INFO]: Token verified successfully {"exp":1753248831,"currentTime":1753248624}
2025-07-23 12:30:24 [INFO]: Token verified successfully {"exp":1753248831,"currentTime":1753248624}
2025-07-23 12:30:24 [INFO]: Fetched 10 degree types for issuer 64b7f8a2c3e5f6d234567890 (page: 1, limit: 10, search: , level: , sort: desc) 
2025-07-23 12:30:24 [INFO]: Fetched degree types for issuer {"issuerId":"64b7f8a2c3e5f6d234567890","user":"test@gmail.com","search":"","sort":"desc"}
2025-07-23 12:30:24 [INFO]: Token verified successfully {"exp":1753248831,"currentTime":1753248624}
2025-07-23 12:30:24 [INFO]: Token verified successfully {"exp":1753248831,"currentTime":1753248624}
2025-07-23 12:30:24 [INFO]: Fetched 12 degree types for issuer 64b7f8a2c3e5f6d234567890 (page: 1, limit: 1000, search: , level: , sort: desc) 
2025-07-23 12:30:24 [INFO]: Fetched degree types for issuer {"issuerId":"64b7f8a2c3e5f6d234567890","user":"test@gmail.com","search":"","sort":"desc"}
2025-07-23 12:30:25 [INFO]: Token verified successfully {"exp":1753248831,"currentTime":1753248625}
2025-07-23 12:30:25 [INFO]: Token verified successfully {"exp":1753248831,"currentTime":1753248625}
2025-07-23 12:30:25 [INFO]: Fetched 2 degree types for issuer 64b7f8a2c3e5f6d234567890 (page: 2, limit: 10, search: , level: , sort: desc) 
2025-07-23 12:30:25 [INFO]: Fetched degree types for issuer {"issuerId":"64b7f8a2c3e5f6d234567890","user":"test@gmail.com","search":"","sort":"desc"}
2025-07-23 12:30:25 [INFO]: Token verified successfully {"exp":1753248831,"currentTime":1753248625}
2025-07-23 12:30:25 [INFO]: Token verified successfully {"exp":1753248831,"currentTime":1753248625}
2025-07-23 12:30:25 [INFO]: Fetched 12 degree types for issuer 64b7f8a2c3e5f6d234567890 (page: 1, limit: 1000, search: , level: , sort: desc) 
2025-07-23 12:30:25 [INFO]: Fetched degree types for issuer {"issuerId":"64b7f8a2c3e5f6d234567890","user":"test@gmail.com","search":"","sort":"desc"}
2025-07-23 12:30:27 [INFO]: Token verified successfully {"exp":1753248831,"currentTime":1753248627}
2025-07-23 12:30:27 [INFO]: Token verified successfully {"exp":1753248831,"currentTime":1753248627}
2025-07-23 12:30:27 [INFO]: Fetched 10 degree types for issuer 64b7f8a2c3e5f6d234567890 (page: 1, limit: 10, search: , level: , sort: desc) 
2025-07-23 12:30:27 [INFO]: Fetched degree types for issuer {"issuerId":"64b7f8a2c3e5f6d234567890","user":"test@gmail.com","search":"","sort":"desc"}
2025-07-23 12:30:27 [INFO]: Token verified successfully {"exp":1753248831,"currentTime":1753248627}
2025-07-23 12:30:27 [INFO]: Token verified successfully {"exp":1753248831,"currentTime":1753248627}
2025-07-23 12:30:27 [INFO]: Fetched 12 degree types for issuer 64b7f8a2c3e5f6d234567890 (page: 1, limit: 1000, search: , level: , sort: desc) 
2025-07-23 12:30:27 [INFO]: Fetched degree types for issuer {"issuerId":"64b7f8a2c3e5f6d234567890","user":"test@gmail.com","search":"","sort":"desc"}
2025-07-23 12:30:32 [INFO]: Token verified successfully {"exp":1753248831,"currentTime":1753248632}
2025-07-23 12:30:32 [INFO]: Token verified successfully {"exp":1753248831,"currentTime":1753248632}
2025-07-23 12:30:32 [INFO]: Fetched 10 degree types for issuer 64b7f8a2c3e5f6d234567890 (page: 1, limit: 10, search: , level: , sort: desc) 
2025-07-23 12:30:32 [INFO]: Fetched degree types for issuer {"issuerId":"64b7f8a2c3e5f6d234567890","user":"test@gmail.com","search":"","sort":"desc"}
2025-07-23 12:30:32 [INFO]: Token verified successfully {"exp":1753248831,"currentTime":1753248632}
2025-07-23 12:30:32 [INFO]: Token verified successfully {"exp":1753248831,"currentTime":1753248632}
2025-07-23 12:30:32 [INFO]: Fetched 12 degree types for issuer 64b7f8a2c3e5f6d234567890 (page: 1, limit: 1000, search: , level: , sort: desc) 
2025-07-23 12:30:32 [INFO]: Fetched degree types for issuer {"issuerId":"64b7f8a2c3e5f6d234567890","user":"test@gmail.com","search":"","sort":"desc"}
2025-07-23 12:30:33 [INFO]: Token verified successfully {"exp":1753248831,"currentTime":1753248633}
2025-07-23 12:30:33 [INFO]: Token verified successfully {"exp":1753248831,"currentTime":1753248633}
2025-07-23 12:30:33 [INFO]: Fetched 10 degree types for issuer 64b7f8a2c3e5f6d234567890 (page: 1, limit: 10, search: , level: , sort: desc) 
2025-07-23 12:30:33 [INFO]: Fetched degree types for issuer {"issuerId":"64b7f8a2c3e5f6d234567890","user":"test@gmail.com","search":"","sort":"desc"}
2025-07-23 12:30:33 [INFO]: Token verified successfully {"exp":1753248831,"currentTime":1753248633}
2025-07-23 12:30:33 [INFO]: Token verified successfully {"exp":1753248831,"currentTime":1753248633}
2025-07-23 12:30:33 [INFO]: Fetched 10 degree types for issuer 64b7f8a2c3e5f6d234567890 (page: 1, limit: 10, search: , level: , sort: desc) 
2025-07-23 12:30:33 [INFO]: Fetched degree types for issuer {"issuerId":"64b7f8a2c3e5f6d234567890","user":"test@gmail.com","search":"","sort":"desc"}
2025-07-23 12:30:34 [INFO]: Token verified successfully {"exp":1753248831,"currentTime":1753248634}
2025-07-23 12:30:34 [INFO]: Token verified successfully {"exp":1753248831,"currentTime":1753248634}
2025-07-23 12:30:34 [INFO]: Fetched 12 degree types for issuer 64b7f8a2c3e5f6d234567890 (page: 1, limit: 1000, search: , level: , sort: desc) 
2025-07-23 12:30:34 [INFO]: Fetched degree types for issuer {"issuerId":"64b7f8a2c3e5f6d234567890","user":"test@gmail.com","search":"","sort":"desc"}
2025-07-23 12:30:34 [INFO]: Token verified successfully {"exp":1753248831,"currentTime":1753248634}
2025-07-23 12:30:34 [INFO]: Token verified successfully {"exp":1753248831,"currentTime":1753248634}
2025-07-23 12:30:34 [INFO]: Fetched 12 degree types for issuer 64b7f8a2c3e5f6d234567890 (page: 1, limit: 1000, search: , level: , sort: desc) 
2025-07-23 12:30:34 [INFO]: Fetched degree types for issuer {"issuerId":"64b7f8a2c3e5f6d234567890","user":"test@gmail.com","search":"","sort":"desc"}
2025-07-23 12:30:35 [INFO]: Token verified successfully {"exp":1753248831,"currentTime":1753248635}
2025-07-23 12:30:35 [INFO]: Token verified successfully {"exp":1753248831,"currentTime":1753248635}
2025-07-23 12:30:35 [INFO]: Fetched 2 degree types for issuer 64b7f8a2c3e5f6d234567890 (page: 2, limit: 10, search: , level: , sort: desc) 
2025-07-23 12:30:35 [INFO]: Fetched degree types for issuer {"issuerId":"64b7f8a2c3e5f6d234567890","user":"test@gmail.com","search":"","sort":"desc"}
2025-07-23 12:30:35 [INFO]: Token verified successfully {"exp":1753248831,"currentTime":1753248635}
2025-07-23 12:30:35 [INFO]: Token verified successfully {"exp":1753248831,"currentTime":1753248635}
2025-07-23 12:30:35 [INFO]: Fetched 2 degree types for issuer 64b7f8a2c3e5f6d234567890 (page: 2, limit: 10, search: , level: , sort: desc) 
2025-07-23 12:30:35 [INFO]: Fetched degree types for issuer {"issuerId":"64b7f8a2c3e5f6d234567890","user":"test@gmail.com","search":"","sort":"desc"}
2025-07-23 12:30:35 [INFO]: Token verified successfully {"exp":1753248831,"currentTime":1753248635}
2025-07-23 12:30:35 [INFO]: Token verified successfully {"exp":1753248831,"currentTime":1753248635}
2025-07-23 12:30:35 [INFO]: Fetched 2 degree types for issuer 64b7f8a2c3e5f6d234567890 (page: 2, limit: 10, search: , level: , sort: desc) 
2025-07-23 12:30:35 [INFO]: Fetched degree types for issuer {"issuerId":"64b7f8a2c3e5f6d234567890","user":"test@gmail.com","search":"","sort":"desc"}
2025-07-23 12:30:35 [INFO]: Token verified successfully {"exp":1753248831,"currentTime":1753248635}
2025-07-23 12:30:35 [INFO]: Token verified successfully {"exp":1753248831,"currentTime":1753248635}
2025-07-23 12:30:35 [INFO]: Fetched 12 degree types for issuer 64b7f8a2c3e5f6d234567890 (page: 1, limit: 1000, search: , level: , sort: desc) 
2025-07-23 12:30:35 [INFO]: Fetched degree types for issuer {"issuerId":"64b7f8a2c3e5f6d234567890","user":"test@gmail.com","search":"","sort":"desc"}
2025-07-23 12:30:35 [INFO]: Token verified successfully {"exp":1753248831,"currentTime":1753248635}
2025-07-23 12:30:35 [INFO]: Token verified successfully {"exp":1753248831,"currentTime":1753248635}
2025-07-23 12:30:35 [INFO]: Fetched 12 degree types for issuer 64b7f8a2c3e5f6d234567890 (page: 1, limit: 1000, search: , level: , sort: desc) 
2025-07-23 12:30:35 [INFO]: Fetched degree types for issuer {"issuerId":"64b7f8a2c3e5f6d234567890","user":"test@gmail.com","search":"","sort":"desc"}
2025-07-23 12:30:36 [INFO]: Token verified successfully {"exp":1753248831,"currentTime":1753248636}
2025-07-23 12:30:36 [INFO]: Token verified successfully {"exp":1753248831,"currentTime":1753248636}
2025-07-23 12:30:36 [INFO]: Fetched 10 degree types for issuer 64b7f8a2c3e5f6d234567890 (page: 1, limit: 10, search: , level: , sort: desc) 
2025-07-23 12:30:36 [INFO]: Fetched degree types for issuer {"issuerId":"64b7f8a2c3e5f6d234567890","user":"test@gmail.com","search":"","sort":"desc"}
2025-07-23 12:30:36 [INFO]: Token verified successfully {"exp":1753248831,"currentTime":1753248636}
2025-07-23 12:30:36 [INFO]: Token verified successfully {"exp":1753248831,"currentTime":1753248636}
2025-07-23 12:30:36 [INFO]: Fetched 10 degree types for issuer 64b7f8a2c3e5f6d234567890 (page: 1, limit: 10, search: , level: , sort: desc) 
2025-07-23 12:30:36 [INFO]: Fetched degree types for issuer {"issuerId":"64b7f8a2c3e5f6d234567890","user":"test@gmail.com","search":"","sort":"desc"}
2025-07-23 12:30:36 [INFO]: Token verified successfully {"exp":1753248831,"currentTime":1753248636}
2025-07-23 12:30:36 [INFO]: Token verified successfully {"exp":1753248831,"currentTime":1753248636}
2025-07-23 12:30:36 [INFO]: Fetched 10 degree types for issuer 64b7f8a2c3e5f6d234567890 (page: 1, limit: 10, search: , level: , sort: desc) 
2025-07-23 12:30:36 [INFO]: Fetched degree types for issuer {"issuerId":"64b7f8a2c3e5f6d234567890","user":"test@gmail.com","search":"","sort":"desc"}
2025-07-23 12:30:36 [INFO]: Token verified successfully {"exp":1753248831,"currentTime":1753248636}
2025-07-23 12:30:36 [INFO]: Token verified successfully {"exp":1753248831,"currentTime":1753248636}
2025-07-23 12:30:36 [INFO]: Fetched 12 degree types for issuer 64b7f8a2c3e5f6d234567890 (page: 1, limit: 1000, search: , level: , sort: desc) 
2025-07-23 12:30:36 [INFO]: Fetched degree types for issuer {"issuerId":"64b7f8a2c3e5f6d234567890","user":"test@gmail.com","search":"","sort":"desc"}
2025-07-23 12:30:36 [INFO]: Token verified successfully {"exp":1753248831,"currentTime":1753248636}
2025-07-23 12:30:36 [INFO]: Token verified successfully {"exp":1753248831,"currentTime":1753248636}
2025-07-23 12:30:36 [INFO]: Fetched 12 degree types for issuer 64b7f8a2c3e5f6d234567890 (page: 1, limit: 1000, search: , level: , sort: desc) 
2025-07-23 12:30:36 [INFO]: Fetched degree types for issuer {"issuerId":"64b7f8a2c3e5f6d234567890","user":"test@gmail.com","search":"","sort":"desc"}
2025-07-23 12:30:38 [INFO]: Token verified successfully {"exp":1753248831,"currentTime":1753248638}
2025-07-23 12:30:38 [INFO]: Token verified successfully {"exp":1753248831,"currentTime":1753248638}
2025-07-23 12:30:38 [INFO]: Fetched 2 degree types for issuer 64b7f8a2c3e5f6d234567890 (page: 2, limit: 10, search: , level: , sort: desc) 
2025-07-23 12:30:38 [INFO]: Fetched degree types for issuer {"issuerId":"64b7f8a2c3e5f6d234567890","user":"test@gmail.com","search":"","sort":"desc"}
2025-07-23 12:30:38 [INFO]: Token verified successfully {"exp":1753248831,"currentTime":1753248638}
2025-07-23 12:30:38 [INFO]: Token verified successfully {"exp":1753248831,"currentTime":1753248638}
2025-07-23 12:30:38 [INFO]: Fetched 2 degree types for issuer 64b7f8a2c3e5f6d234567890 (page: 2, limit: 10, search: , level: , sort: desc) 
2025-07-23 12:30:38 [INFO]: Fetched degree types for issuer {"issuerId":"64b7f8a2c3e5f6d234567890","user":"test@gmail.com","search":"","sort":"desc"}
2025-07-23 12:30:38 [INFO]: Token verified successfully {"exp":1753248831,"currentTime":1753248638}
2025-07-23 12:30:38 [INFO]: Token verified successfully {"exp":1753248831,"currentTime":1753248638}
2025-07-23 12:30:38 [INFO]: Fetched 2 degree types for issuer 64b7f8a2c3e5f6d234567890 (page: 2, limit: 10, search: , level: , sort: desc) 
2025-07-23 12:30:38 [INFO]: Fetched degree types for issuer {"issuerId":"64b7f8a2c3e5f6d234567890","user":"test@gmail.com","search":"","sort":"desc"}
2025-07-23 12:30:38 [INFO]: Token verified successfully {"exp":1753248831,"currentTime":1753248638}
2025-07-23 12:30:38 [INFO]: Token verified successfully {"exp":1753248831,"currentTime":1753248638}
2025-07-23 12:30:38 [INFO]: Fetched 12 degree types for issuer 64b7f8a2c3e5f6d234567890 (page: 1, limit: 1000, search: , level: , sort: desc) 
2025-07-23 12:30:38 [INFO]: Fetched degree types for issuer {"issuerId":"64b7f8a2c3e5f6d234567890","user":"test@gmail.com","search":"","sort":"desc"}
2025-07-23 12:30:38 [INFO]: Token verified successfully {"exp":1753248831,"currentTime":1753248638}
2025-07-23 12:30:38 [INFO]: Token verified successfully {"exp":1753248831,"currentTime":1753248638}
2025-07-23 12:30:38 [INFO]: Fetched 12 degree types for issuer 64b7f8a2c3e5f6d234567890 (page: 1, limit: 1000, search: , level: , sort: desc) 
2025-07-23 12:30:38 [INFO]: Fetched degree types for issuer {"issuerId":"64b7f8a2c3e5f6d234567890","user":"test@gmail.com","search":"","sort":"desc"}
2025-07-23 12:30:42 [INFO]: Token verified successfully {"exp":1753248831,"currentTime":1753248642}
2025-07-23 12:30:42 [INFO]: Token verified successfully {"exp":1753248831,"currentTime":1753248642}
2025-07-23 12:30:42 [INFO]: Fetched 2 degree types for issuer 64b7f8a2c3e5f6d234567890 (page: 2, limit: 10, search: , level: , sort: desc) 
2025-07-23 12:30:42 [INFO]: Fetched degree types for issuer {"issuerId":"64b7f8a2c3e5f6d234567890","user":"test@gmail.com","search":"","sort":"desc"}
2025-07-23 12:30:42 [INFO]: Token verified successfully {"exp":1753248831,"currentTime":1753248642}
2025-07-23 12:30:42 [INFO]: Token verified successfully {"exp":1753248831,"currentTime":1753248642}
2025-07-23 12:30:42 [INFO]: Fetched 12 degree types for issuer 64b7f8a2c3e5f6d234567890 (page: 1, limit: 1000, search: , level: , sort: desc) 
2025-07-23 12:30:42 [INFO]: Fetched degree types for issuer {"issuerId":"64b7f8a2c3e5f6d234567890","user":"test@gmail.com","search":"","sort":"desc"}
2025-07-23 12:30:45 [INFO]: Token verified successfully {"exp":1753248831,"currentTime":1753248645}
2025-07-23 12:30:45 [INFO]: Token verified successfully {"exp":1753248831,"currentTime":1753248645}
2025-07-23 12:30:45 [INFO]: Fetched 2 degree types for issuer 64b7f8a2c3e5f6d234567890 (page: 2, limit: 10, search: , level: , sort: desc) 
2025-07-23 12:30:45 [INFO]: Fetched degree types for issuer {"issuerId":"64b7f8a2c3e5f6d234567890","user":"test@gmail.com","search":"","sort":"desc"}
2025-07-23 12:30:45 [INFO]: Token verified successfully {"exp":1753248831,"currentTime":1753248645}
2025-07-23 12:30:45 [INFO]: Token verified successfully {"exp":1753248831,"currentTime":1753248645}
2025-07-23 12:30:45 [INFO]: Fetched 2 degree types for issuer 64b7f8a2c3e5f6d234567890 (page: 2, limit: 10, search: , level: , sort: desc) 
2025-07-23 12:30:45 [INFO]: Fetched degree types for issuer {"issuerId":"64b7f8a2c3e5f6d234567890","user":"test@gmail.com","search":"","sort":"desc"}
2025-07-23 12:30:45 [INFO]: Token verified successfully {"exp":1753248831,"currentTime":1753248645}
2025-07-23 12:30:45 [INFO]: Token verified successfully {"exp":1753248831,"currentTime":1753248645}
2025-07-23 12:30:45 [INFO]: Fetched 12 degree types for issuer 64b7f8a2c3e5f6d234567890 (page: 1, limit: 1000, search: , level: , sort: desc) 
2025-07-23 12:30:45 [INFO]: Fetched degree types for issuer {"issuerId":"64b7f8a2c3e5f6d234567890","user":"test@gmail.com","search":"","sort":"desc"}
2025-07-23 12:30:45 [INFO]: Token verified successfully {"exp":1753248831,"currentTime":1753248645}
2025-07-23 12:30:45 [INFO]: Token verified successfully {"exp":1753248831,"currentTime":1753248645}
2025-07-23 12:30:45 [INFO]: Fetched 12 degree types for issuer 64b7f8a2c3e5f6d234567890 (page: 1, limit: 1000, search: , level: , sort: desc) 
2025-07-23 12:30:45 [INFO]: Fetched degree types for issuer {"issuerId":"64b7f8a2c3e5f6d234567890","user":"test@gmail.com","search":"","sort":"desc"}
2025-07-23 12:30:46 [INFO]: Token verified successfully {"exp":1753248831,"currentTime":1753248646}
2025-07-23 12:30:46 [INFO]: Token verified successfully {"exp":1753248831,"currentTime":1753248646}
2025-07-23 12:30:46 [INFO]: Fetched 10 degree types for issuer 64b7f8a2c3e5f6d234567890 (page: 1, limit: 10, search: , level: , sort: desc) 
2025-07-23 12:30:46 [INFO]: Fetched degree types for issuer {"issuerId":"64b7f8a2c3e5f6d234567890","user":"test@gmail.com","search":"","sort":"desc"}
2025-07-23 12:30:46 [INFO]: Token verified successfully {"exp":1753248831,"currentTime":1753248646}
2025-07-23 12:30:46 [INFO]: Token verified successfully {"exp":1753248831,"currentTime":1753248646}
2025-07-23 12:30:46 [INFO]: Fetched 12 degree types for issuer 64b7f8a2c3e5f6d234567890 (page: 1, limit: 1000, search: , level: , sort: desc) 
2025-07-23 12:30:46 [INFO]: Fetched degree types for issuer {"issuerId":"64b7f8a2c3e5f6d234567890","user":"test@gmail.com","search":"","sort":"desc"}
2025-07-23 12:30:52 [INFO]: Token verified successfully {"exp":1753248831,"currentTime":1753248652}
2025-07-23 12:30:52 [INFO]: Token verified successfully {"exp":1753248831,"currentTime":1753248652}
2025-07-23 12:30:52 [INFO]: Degree type deleted successfully by user 686c019b9ef3c3bad140eaba: 68807368ed1f029f25a0df15 
2025-07-23 12:30:52 [INFO]: Degree type deleted successfully {"id":"68807368ed1f029f25a0df15","user":"test@gmail.com"}
2025-07-23 12:30:56 [INFO]: Token verified successfully {"exp":1753248831,"currentTime":1753248656}
2025-07-23 12:30:56 [INFO]: Token verified successfully {"exp":1753248831,"currentTime":1753248656}
2025-07-23 12:30:56 [INFO]: Degree type deleted successfully by user 686c019b9ef3c3bad140eaba: 68807366ed1f029f25a0df11 
2025-07-23 12:30:56 [INFO]: Degree type deleted successfully {"id":"68807366ed1f029f25a0df11","user":"test@gmail.com"}
2025-07-23 12:31:01 [INFO]: Token verified successfully {"exp":1753248831,"currentTime":1753248661}
2025-07-23 12:31:01 [INFO]: Token verified successfully {"exp":1753248831,"currentTime":1753248661}
2025-07-23 12:31:01 [INFO]: Degree type deleted successfully by user 686c019b9ef3c3bad140eaba: 68807361ed1f029f25a0df0d 
2025-07-23 12:31:01 [INFO]: Degree type deleted successfully {"id":"68807361ed1f029f25a0df0d","user":"test@gmail.com"}
2025-07-23 12:31:04 [INFO]: Token verified successfully {"exp":1753248831,"currentTime":1753248664}
2025-07-23 12:31:04 [INFO]: Token verified successfully {"exp":1753248831,"currentTime":1753248664}
2025-07-23 12:31:04 [INFO]: Fetched 5 degree types for issuer 64b7f8a2c3e5f6d234567890 (page: 1, limit: 10, search: t, level: , sort: desc) 
2025-07-23 12:31:04 [INFO]: Fetched degree types for issuer {"issuerId":"64b7f8a2c3e5f6d234567890","user":"test@gmail.com","search":"t","sort":"desc"}
2025-07-23 12:31:04 [INFO]: Token verified successfully {"exp":1753248831,"currentTime":1753248664}
2025-07-23 12:31:04 [INFO]: Token verified successfully {"exp":1753248831,"currentTime":1753248664}
2025-07-23 12:31:04 [INFO]: Fetched 9 degree types for issuer 64b7f8a2c3e5f6d234567890 (page: 1, limit: 1000, search: , level: , sort: desc) 
2025-07-23 12:31:04 [INFO]: Fetched degree types for issuer {"issuerId":"64b7f8a2c3e5f6d234567890","user":"test@gmail.com","search":"","sort":"desc"}
2025-07-23 12:31:08 [INFO]: Token verified successfully {"exp":1753248831,"currentTime":1753248668}
2025-07-23 12:31:08 [INFO]: Token verified successfully {"exp":1753248831,"currentTime":1753248668}
2025-07-23 12:31:08 [INFO]: Fetched 2 degree types for issuer 64b7f8a2c3e5f6d234567890 (page: 1, limit: 10, search: Ch, level: , sort: desc) 
2025-07-23 12:31:08 [INFO]: Fetched degree types for issuer {"issuerId":"64b7f8a2c3e5f6d234567890","user":"test@gmail.com","search":"Ch","sort":"desc"}
2025-07-23 12:31:08 [INFO]: Token verified successfully {"exp":1753248831,"currentTime":1753248668}
2025-07-23 12:31:08 [INFO]: Token verified successfully {"exp":1753248831,"currentTime":1753248668}
2025-07-23 12:31:08 [INFO]: Fetched 9 degree types for issuer 64b7f8a2c3e5f6d234567890 (page: 1, limit: 1000, search: , level: , sort: desc) 
2025-07-23 12:31:08 [INFO]: Fetched degree types for issuer {"issuerId":"64b7f8a2c3e5f6d234567890","user":"test@gmail.com","search":"","sort":"desc"}
2025-07-23 12:31:10 [INFO]: Token verified successfully {"exp":1753248831,"currentTime":1753248670}
2025-07-23 12:31:10 [INFO]: Token verified successfully {"exp":1753248831,"currentTime":1753248670}
2025-07-23 12:31:10 [INFO]: Fetched 2 degree types for issuer 64b7f8a2c3e5f6d234567890 (page: 1, limit: 10, search: Chứng, level: , sort: desc) 
2025-07-23 12:31:10 [INFO]: Fetched degree types for issuer {"issuerId":"64b7f8a2c3e5f6d234567890","user":"test@gmail.com","search":"Chứng","sort":"desc"}
2025-07-23 12:31:10 [INFO]: Token verified successfully {"exp":1753248831,"currentTime":1753248670}
2025-07-23 12:31:10 [INFO]: Token verified successfully {"exp":1753248831,"currentTime":1753248670}
2025-07-23 12:31:10 [INFO]: Fetched 9 degree types for issuer 64b7f8a2c3e5f6d234567890 (page: 1, limit: 1000, search: , level: , sort: desc) 
2025-07-23 12:31:10 [INFO]: Fetched degree types for issuer {"issuerId":"64b7f8a2c3e5f6d234567890","user":"test@gmail.com","search":"","sort":"desc"}
2025-07-23 12:31:45 [INFO]: Google login successful {"email":"huynhdang23.77@gmail.com","role":"manager"}
2025-07-23 12:31:45 [INFO]: Token verified successfully {"exp":1753249605,"currentTime":1753248705}
2025-07-23 12:31:45 [INFO]: Token verified successfully {"exp":1753249605,"currentTime":1753248705}
2025-07-23 12:31:45 [INFO]: Account information retrieved {"email":"huynhdang23.77@gmail.com"}
2025-07-23 12:31:51 [INFO]: Token verified successfully {"exp":1753249605,"currentTime":1753248711}
2025-07-23 12:31:51 [INFO]: User logged out successfully {"email":"huynhdang23.77@gmail.com"}
2025-07-23 12:32:48 [INFO]: Password reset email sent to huynhdang23.77@gmail.com: <426bcfe8-b315-5096-6db7-b379c51a607e@gmail.com> 
2025-07-23 12:33:10 [INFO]: Password reset successfully for user: huynhdang23.77@gmail.com 
2025-07-23 12:33:26 [WARN]: Incorrect password during login {"email":"huynhdang23.77@gmail.com"}
2025-07-23 12:33:30 [INFO]: User logged in successfully {"email":"huynhdang23.77@gmail.com","role":"manager"}
2025-07-23 12:33:30 [INFO]: Token verified successfully {"exp":1753249710,"currentTime":1753248810}
2025-07-23 12:33:30 [INFO]: Token verified successfully {"exp":1753249710,"currentTime":1753248810}
2025-07-23 12:33:30 [INFO]: Account information retrieved {"email":"huynhdang23.77@gmail.com"}
2025-07-23 12:33:39 [INFO]: Token verified successfully {"exp":1753249710,"currentTime":1753248819}
2025-07-23 12:33:39 [INFO]: User logged out successfully {"email":"huynhdang23.77@gmail.com"}
