2025-08-06 13:38:06 [INFO]: Server is running at http://localhost:3000 
2025-08-06 13:38:06 [INFO]: Server is running on Port:3000 
2025-08-06 13:38:06 [INFO]: Successfully connected to MongoDB 
2025-08-06 13:44:41 [INFO]: Fetched 6 issuers 
2025-08-06 13:44:41 [INFO]: Fetched 6 issuers by anonymous user 
2025-08-06 13:44:41 [INFO]: Fetched 6 issuers 
2025-08-06 13:44:41 [INFO]: Fetched 6 issuers by anonymous user 
2025-08-06 13:44:56 [INFO]: Fetched 1 approved degrees with filters {"query":{"status":"Approved","serialNumber":"THA20220810088"}}
2025-08-06 13:44:57 [INFO]: Approved degrees fetched successfully {"query":{"status":"Approved","serialNumber":"THA20220810088"},"count":1}
2025-08-06 13:44:58 [WARN]: Access token missing or malformed 
2025-08-06 13:44:58 [INFO]: Token verified successfully {"exp":1754988234,"currentTime":1754462698}
2025-08-06 13:44:58 [INFO]: Access token refreshed {"email":"test@gmail.com"}
2025-08-06 13:44:58 [INFO]: Token verified successfully {"exp":1754463598,"currentTime":1754462698}
2025-08-06 13:44:58 [INFO]: Token verified successfully {"exp":1754463598,"currentTime":1754462698}
2025-08-06 13:44:58 [INFO]: Fetched degree with id: 68746381d58a830913741703 {"degree":{"_id":"68746381d58a830913741703","degreeTypeId":{"_id":"68746381d58a830913741703","title":"Chứng chỉ Tin học A","level":"Chứng chỉ","major":"Tin học cơ bản"},"recipientName":"Nguyen Van A","recipientDob":"1995-03-15T00:00:00.000Z","placeOfBirth":"Hanoi","level":"Chứng chỉ","issueDate":"2022-08-10T00:00:00.000Z","serialNumber":"THA20220810088","fileAttachment":"https://example.com/certificates/huy_tinhoc_a.pdf","cloudFile":null,"registryNumber":"A1234/2022/IT","placeOfIssue":"Hanoi","signer":"Tran Van B","issuerId":{"_id":"64b7f8a2c3e5f6d234567890","name":"Fake Organization"},"status":"Approved","createdAt":"2025-07-14T09:10:00.000Z","updatedAt":"2025-07-14T09:10:00.000Z","degreeTypeName":"Chứng chỉ Tin học A","major":"Tin học cơ bản","issuerName":"Fake Organization"}}
2025-08-06 13:44:58 [INFO]: Approved degree fetched successfully {"id":"68746381d58a830913741703","user":"test@gmail.com"}
2025-08-06 13:45:08 [INFO]: Fetched 6 issuers 
2025-08-06 13:45:08 [INFO]: Fetched 6 issuers by anonymous user 
2025-08-06 13:45:08 [INFO]: Fetched 6 issuers 
2025-08-06 13:45:08 [INFO]: Fetched 6 issuers by anonymous user 
2025-08-06 13:45:50 [INFO]: Token verified successfully {"exp":1754917539,"currentTime":1754462750}
2025-08-06 13:45:50 [INFO]: Access token refreshed {"email":"test@gmail.com"}
2025-08-06 13:45:50 [INFO]: Token verified successfully {"exp":1754917539,"currentTime":1754462750}
2025-08-06 13:45:50 [INFO]: Access token refreshed {"email":"test@gmail.com"}
2025-08-06 13:45:50 [INFO]: Token verified successfully {"exp":1754463650,"currentTime":1754462750}
2025-08-06 13:45:50 [INFO]: Token verified successfully {"exp":1754463650,"currentTime":1754462750}
2025-08-06 13:45:50 [INFO]: Account information retrieved {"email":"test@gmail.com"}
2025-08-06 13:45:50 [INFO]: Token verified successfully {"exp":1754463650,"currentTime":1754462750}
2025-08-06 13:45:50 [INFO]: Token verified successfully {"exp":1754463650,"currentTime":1754462750}
2025-08-06 13:45:50 [INFO]: Account information retrieved {"email":"test@gmail.com"}
2025-08-06 13:45:50 [INFO]: Token verified successfully {"exp":1754917539,"currentTime":1754462750}
2025-08-06 13:45:50 [INFO]: Access token refreshed {"email":"test@gmail.com"}
2025-08-06 13:45:50 [INFO]: Fetched 6 issuers 
2025-08-06 13:45:50 [INFO]: Fetched 6 issuers by anonymous user 
2025-08-06 13:45:50 [INFO]: Fetched 6 issuers 
2025-08-06 13:45:50 [INFO]: Fetched 6 issuers by anonymous user 
2025-08-06 13:45:50 [INFO]: Token verified successfully {"exp":1754463650,"currentTime":1754462750}
2025-08-06 13:45:50 [INFO]: Token verified successfully {"exp":1754463650,"currentTime":1754462750}
2025-08-06 13:45:50 [INFO]: Account information retrieved {"email":"test@gmail.com"}
2025-08-06 13:45:50 [INFO]: Fetched 6 issuers 
2025-08-06 13:45:50 [INFO]: Fetched 6 issuers by anonymous user 
2025-08-06 13:45:50 [INFO]: Fetched 6 issuers 
2025-08-06 13:45:50 [INFO]: Fetched 6 issuers by anonymous user 
2025-08-06 13:46:12 [INFO]: User logged in successfully {"email":"test@gmail.com","role":"admin"}
2025-08-06 13:46:12 [INFO]: Token verified successfully {"exp":1755067572,"currentTime":1754462772}
2025-08-06 13:46:12 [INFO]: Access token refreshed {"email":"test@gmail.com"}
2025-08-06 13:46:12 [INFO]: Token verified successfully {"exp":1755067572,"currentTime":1754462772}
2025-08-06 13:46:12 [INFO]: Access token refreshed {"email":"test@gmail.com"}
2025-08-06 13:46:12 [INFO]: Token verified successfully {"exp":1754463672,"currentTime":1754462772}
2025-08-06 13:46:12 [INFO]: Token verified successfully {"exp":1754463672,"currentTime":1754462772}
2025-08-06 13:46:12 [INFO]: Account information retrieved {"email":"test@gmail.com"}
2025-08-06 13:46:12 [INFO]: Token verified successfully {"exp":1754463672,"currentTime":1754462772}
2025-08-06 13:46:12 [INFO]: Token verified successfully {"exp":1754463672,"currentTime":1754462772}
2025-08-06 13:46:12 [INFO]: Account information retrieved {"email":"test@gmail.com"}
2025-08-06 13:46:12 [INFO]: Fetched 6 issuers 
2025-08-06 13:46:12 [INFO]: Fetched 6 issuers by anonymous user 
2025-08-06 13:46:12 [INFO]: Fetched 6 issuers 
2025-08-06 13:46:12 [INFO]: Fetched 6 issuers by anonymous user 
2025-08-06 13:46:30 [INFO]: Token verified successfully {"exp":1754463672,"currentTime":1754462790}
2025-08-06 13:46:30 [INFO]: Token verified successfully {"exp":1754463672,"currentTime":1754462790}
2025-08-06 13:46:30 [INFO]: Fetched log files successfully {"count":4}
2025-08-06 13:46:30 [INFO]: Token verified successfully {"exp":1754463672,"currentTime":1754462790}
2025-08-06 13:46:30 [INFO]: Token verified successfully {"exp":1754463672,"currentTime":1754462790}
2025-08-06 13:46:30 [INFO]: Fetched log files successfully {"count":4}
2025-08-06 13:46:32 [INFO]: Token verified successfully {"exp":1754463672,"currentTime":1754462792}
2025-08-06 13:46:32 [INFO]: Token verified successfully {"exp":1754463672,"currentTime":1754462792}
2025-08-06 13:46:32 [INFO]: Fetched log content for application-2025-08-06.log {"lines":66}
2025-08-06 13:46:36 [INFO]: Token verified successfully {"exp":1754463672,"currentTime":1754462796}
2025-08-06 13:46:36 [INFO]: Token verified successfully {"exp":1754463672,"currentTime":1754462796}
2025-08-06 13:46:36 [INFO]: Token verified successfully {"exp":1754463672,"currentTime":1754462796}
2025-08-06 13:46:36 [INFO]: Token verified successfully {"exp":1754463672,"currentTime":1754462796}
2025-08-06 13:46:36 [INFO]: Fetched 6 issuers (page: 1, limit: 10, search: , sort: desc) 
2025-08-06 13:46:36 [INFO]: Fetched issuers for admin {"userId":"686c019b9ef3c3bad140eaba","user":"test@gmail.com","search":"","sort":"desc","page":1,"limit":10}
2025-08-06 13:46:36 [INFO]: Token verified successfully {"exp":1754463672,"currentTime":1754462796}
2025-08-06 13:46:36 [INFO]: Token verified successfully {"exp":1754463672,"currentTime":1754462796}
2025-08-06 13:46:36 [INFO]: Fetched 6 issuers (page: 1, limit: 10, search: , sort: desc) 
2025-08-06 13:46:36 [INFO]: Fetched issuers for admin {"userId":"686c019b9ef3c3bad140eaba","user":"test@gmail.com","search":"","sort":"desc","page":1,"limit":10}
2025-08-06 13:46:36 [INFO]: Fetched 8 degrees {"query":{"search":"","status":"","effectiveIssuerId":"","sort":"desc"},"user":"test@gmail.com","total":8,"totalPages":1,"currentPage":1}
2025-08-06 13:46:36 [INFO]: Token verified successfully {"exp":1754463672,"currentTime":1754462796}
2025-08-06 13:46:36 [INFO]: Token verified successfully {"exp":1754463672,"currentTime":1754462796}
2025-08-06 13:46:36 [INFO]: Fetched 8 degrees {"query":{"search":"","status":"","effectiveIssuerId":"","sort":"desc"},"user":"test@gmail.com","total":8,"totalPages":1,"currentPage":1}
2025-08-06 13:46:39 [INFO]: Token verified successfully {"exp":1754463672,"currentTime":1754462799}
2025-08-06 13:46:39 [INFO]: Token verified successfully {"exp":1754463672,"currentTime":1754462799}
2025-08-06 13:46:39 [INFO]: Fetched 6 issuers 
2025-08-06 13:46:39 [INFO]: Fetched 6 issuers by user test@gmail.com 
2025-08-06 13:46:39 [INFO]: Token verified successfully {"exp":1754463672,"currentTime":1754462799}
2025-08-06 13:46:39 [INFO]: Token verified successfully {"exp":1754463672,"currentTime":1754462799}
2025-08-06 13:46:39 [INFO]: Fetched 6 issuers 
2025-08-06 13:46:39 [INFO]: Fetched 6 issuers by user test@gmail.com 
2025-08-06 13:46:40 [INFO]: Token verified successfully {"exp":1754463672,"currentTime":1754462800}
2025-08-06 13:46:40 [INFO]: Token verified successfully {"exp":1754463672,"currentTime":1754462800}
2025-08-06 13:46:40 [INFO]: Fetched 6 issuers 
2025-08-06 13:46:40 [INFO]: Fetched 6 issuers by user test@gmail.com 
2025-08-06 13:46:40 [INFO]: Token verified successfully {"exp":1754463672,"currentTime":1754462800}
2025-08-06 13:46:40 [INFO]: Token verified successfully {"exp":1754463672,"currentTime":1754462800}
2025-08-06 13:46:40 [INFO]: Fetched 6 issuers 
2025-08-06 13:46:40 [INFO]: Fetched 6 issuers by user test@gmail.com 
2025-08-06 13:46:41 [INFO]: Token verified successfully {"exp":1754463672,"currentTime":1754462801}
2025-08-06 13:46:41 [INFO]: Token verified successfully {"exp":1754463672,"currentTime":1754462801}
2025-08-06 13:46:41 [INFO]: Fetched 6 issuers 
2025-08-06 13:46:41 [INFO]: Fetched 6 issuers by user test@gmail.com 
2025-08-06 13:46:41 [INFO]: Token verified successfully {"exp":1754463672,"currentTime":1754462801}
2025-08-06 13:46:41 [INFO]: Token verified successfully {"exp":1754463672,"currentTime":1754462801}
2025-08-06 13:46:41 [INFO]: Fetched 6 issuers 
2025-08-06 13:46:41 [INFO]: Fetched 6 issuers by user test@gmail.com 
2025-08-06 13:46:42 [INFO]: Token verified successfully {"exp":1754463672,"currentTime":1754462802}
2025-08-06 13:46:42 [INFO]: Token verified successfully {"exp":1754463672,"currentTime":1754462802}
2025-08-06 13:46:42 [INFO]: Fetched 6 issuers (page: 1, limit: 10, search: , sort: desc) 
2025-08-06 13:46:42 [INFO]: Fetched issuers for admin {"userId":"686c019b9ef3c3bad140eaba","user":"test@gmail.com","search":"","sort":"desc","page":1,"limit":10}
2025-08-06 13:46:42 [INFO]: Token verified successfully {"exp":1754463672,"currentTime":1754462802}
2025-08-06 13:46:42 [INFO]: Token verified successfully {"exp":1754463672,"currentTime":1754462802}
2025-08-06 13:46:42 [INFO]: Fetched 6 issuers (page: 1, limit: 10, search: , sort: desc) 
2025-08-06 13:46:42 [INFO]: Fetched issuers for admin {"userId":"686c019b9ef3c3bad140eaba","user":"test@gmail.com","search":"","sort":"desc","page":1,"limit":10}
2025-08-06 13:46:44 [INFO]: Token verified successfully {"exp":1754463672,"currentTime":1754462804}
2025-08-06 13:46:44 [INFO]: Token verified successfully {"exp":1754463672,"currentTime":1754462804}
2025-08-06 13:46:44 [INFO]: Fetched 3 users (page: 1, limit: 10, search: , role: , sort: desc) 
2025-08-06 13:46:44 [INFO]: Fetched users for admin {"userId":"686c019b9ef3c3bad140eaba","user":"test@gmail.com","search":"","role":"","sort":"desc"}
2025-08-06 13:46:44 [INFO]: Token verified successfully {"exp":1754463672,"currentTime":1754462804}
2025-08-06 13:46:44 [INFO]: Token verified successfully {"exp":1754463672,"currentTime":1754462804}
2025-08-06 13:46:44 [INFO]: Token verified successfully {"exp":1754463672,"currentTime":1754462804}
2025-08-06 13:46:44 [INFO]: Token verified successfully {"exp":1754463672,"currentTime":1754462804}
2025-08-06 13:46:44 [INFO]: Fetched 3 users (page: 1, limit: 10, search: , role: , sort: desc) 
2025-08-06 13:46:44 [INFO]: Fetched users for admin {"userId":"686c019b9ef3c3bad140eaba","user":"test@gmail.com","search":"","role":"","sort":"desc"}
2025-08-06 13:46:44 [INFO]: Fetched 3 users (page: 1, limit: 1000, search: , role: , sort: desc) 
2025-08-06 13:46:44 [INFO]: Fetched users for admin {"userId":"686c019b9ef3c3bad140eaba","user":"test@gmail.com","search":"","role":"","sort":"desc"}
2025-08-06 13:46:44 [INFO]: Token verified successfully {"exp":1754463672,"currentTime":1754462804}
2025-08-06 13:46:44 [INFO]: Token verified successfully {"exp":1754463672,"currentTime":1754462804}
2025-08-06 13:46:44 [INFO]: Fetched 3 users (page: 1, limit: 1000, search: , role: , sort: desc) 
2025-08-06 13:46:44 [INFO]: Fetched users for admin {"userId":"686c019b9ef3c3bad140eaba","user":"test@gmail.com","search":"","role":"","sort":"desc"}
2025-08-06 13:46:45 [INFO]: Token verified successfully {"exp":1754463672,"currentTime":1754462805}
2025-08-06 13:46:45 [INFO]: Token verified successfully {"exp":1754463672,"currentTime":1754462805}
2025-08-06 13:46:45 [INFO]: Fetched 6 issuers 
2025-08-06 13:46:45 [INFO]: Fetched 6 issuers by user test@gmail.com 
2025-08-06 13:46:45 [INFO]: Token verified successfully {"exp":1754463672,"currentTime":1754462805}
2025-08-06 13:46:45 [INFO]: Token verified successfully {"exp":1754463672,"currentTime":1754462805}
2025-08-06 13:46:45 [INFO]: Fetched 6 issuers 
2025-08-06 13:46:45 [INFO]: Fetched 6 issuers by user test@gmail.com 
2025-08-06 13:46:46 [INFO]: Token verified successfully {"exp":1754463672,"currentTime":1754462806}
2025-08-06 13:46:46 [INFO]: Token verified successfully {"exp":1754463672,"currentTime":1754462806}
2025-08-06 13:46:46 [INFO]: Fetched 7 degree types for issuer 64b7f8a2c3e5f6d234567890 (page: 1, limit: 10, search: , level: , sort: desc) 
2025-08-06 13:46:46 [INFO]: Fetched degree types for issuer {"issuerId":"64b7f8a2c3e5f6d234567890","user":"test@gmail.com","search":"","sort":"desc"}
2025-08-06 13:46:46 [INFO]: Token verified successfully {"exp":1754463672,"currentTime":1754462806}
2025-08-06 13:46:46 [INFO]: Token verified successfully {"exp":1754463672,"currentTime":1754462806}
2025-08-06 13:46:46 [INFO]: Token verified successfully {"exp":1754463672,"currentTime":1754462806}
2025-08-06 13:46:46 [INFO]: Token verified successfully {"exp":1754463672,"currentTime":1754462806}
2025-08-06 13:46:46 [INFO]: Fetched 7 degree types for issuer 64b7f8a2c3e5f6d234567890 (page: 1, limit: 10, search: , level: , sort: desc) 
2025-08-06 13:46:46 [INFO]: Fetched degree types for issuer {"issuerId":"64b7f8a2c3e5f6d234567890","user":"test@gmail.com","search":"","sort":"desc"}
2025-08-06 13:46:46 [INFO]: Fetched 7 degree types for issuer 64b7f8a2c3e5f6d234567890 (page: 1, limit: 1000, search: , level: , sort: desc) 
2025-08-06 13:46:46 [INFO]: Fetched degree types for issuer {"issuerId":"64b7f8a2c3e5f6d234567890","user":"test@gmail.com","search":"","sort":"desc"}
2025-08-06 13:46:46 [INFO]: Token verified successfully {"exp":1754463672,"currentTime":1754462806}
2025-08-06 13:46:46 [INFO]: Token verified successfully {"exp":1754463672,"currentTime":1754462806}
2025-08-06 13:46:46 [INFO]: Fetched 7 degree types for issuer 64b7f8a2c3e5f6d234567890 (page: 1, limit: 1000, search: , level: , sort: desc) 
2025-08-06 13:46:46 [INFO]: Fetched degree types for issuer {"issuerId":"64b7f8a2c3e5f6d234567890","user":"test@gmail.com","search":"","sort":"desc"}
2025-08-06 13:46:48 [INFO]: Fetched 6 issuers 
2025-08-06 13:46:48 [INFO]: Fetched 6 issuers by anonymous user 
2025-08-06 13:46:48 [INFO]: Fetched 6 issuers 
2025-08-06 13:46:48 [INFO]: Fetched 6 issuers by anonymous user 
2025-08-06 13:46:56 [WARN]: Access token missing or malformed 
2025-08-06 13:46:56 [INFO]: Token verified successfully {"exp":1755067572,"currentTime":1754462816}
2025-08-06 13:46:56 [INFO]: Access token refreshed {"email":"test@gmail.com"}
2025-08-06 13:46:56 [INFO]: Token verified successfully {"exp":1754463716,"currentTime":1754462816}
2025-08-06 13:46:56 [INFO]: Token verified successfully {"exp":1754463716,"currentTime":1754462816}
2025-08-06 13:46:56 [INFO]: Fetched degree with id: 68746381d58a830913741703 {"degree":{"_id":"68746381d58a830913741703","degreeTypeId":{"_id":"68746381d58a830913741703","title":"Chứng chỉ Tin học A","level":"Chứng chỉ","major":"Tin học cơ bản"},"recipientName":"Nguyen Van A","recipientDob":"1995-03-15T00:00:00.000Z","placeOfBirth":"Hanoi","level":"Chứng chỉ","issueDate":"2022-08-10T00:00:00.000Z","serialNumber":"THA20220810088","fileAttachment":"https://example.com/certificates/huy_tinhoc_a.pdf","cloudFile":null,"registryNumber":"A1234/2022/IT","placeOfIssue":"Hanoi","signer":"Tran Van B","issuerId":{"_id":"64b7f8a2c3e5f6d234567890","name":"Fake Organization"},"status":"Approved","createdAt":"2025-07-14T09:10:00.000Z","updatedAt":"2025-07-14T09:10:00.000Z","degreeTypeName":"Chứng chỉ Tin học A","major":"Tin học cơ bản","issuerName":"Fake Organization"}}
2025-08-06 13:46:56 [INFO]: Approved degree fetched successfully {"id":"68746381d58a830913741703","user":"test@gmail.com"}
